2020/11/10 14:15:20.518 [E]  svrport = 0 exec sql %!(EXTRA string=exec sql  update tbl_lend_out_main set f_update_user= "1",id= "1",f_status= "0",f_serno= "JY202011100003",f_type= "0",f_lend_out_people= "-1",f_lend_pid= "-1",f_deptid= "99",f_lend_in_people= "1",f_lend_date= "2020-11-10",f_return_date= "2020-11-10 00:00:00",f_note= "的法人",f_update_time= "2020-11-10 14:15:13" where id =1)
2020/11/10 14:15:24.422 [E]  svrport = 0 exec sql %!(EXTRA string=exec sql  delete from tbl_lend_out_detail where f_mid =  1)
2020/11/10 14:15:34.749 [E]  svrport = 0 exec sql %!(EXTRA string=exec sql  INSERT INTO tbl_lend_out_detail(f_mid,f_spid,f_qty,f_price,f_total,f_type,f_Lend_In_people,f_Lend_Out_people,f_Lend_PID, 									  f_lend_deptid,f_postion,f_Return_date,f_note,f_create_user,f_create_time,f_customid)  values(1,27,1,222.00,222,0,,-1,-1,99,177,2020-11-10,,1,now(),0) )
2020/11/10 14:24:04.360 [E]  svrport = 0 exec sql %!(EXTRA string=exec sql  update tbl_lend_out_main set f_lend_out_people= "-1",f_lend_pid= "-1",f_note= "的法人",f_update_user= "1",id= "1",f_status= "0",f_serno= "JY202011100003",f_type= "0",f_deptid= "99",f_lend_in_people= "1",f_lend_date= "2020-11-10",f_return_date= "2020-11-10 00:00:00",f_update_time= "2020-11-10 14:24:04" where id =1)
2020/11/10 14:24:04.361 [E]  svrport = 0 exec sql %!(EXTRA string=exec sql  delete from tbl_lend_out_detail where f_mid =  1)
2020/11/10 14:24:04.362 [E]  svrport = 0 exec sql %!(EXTRA string=exec sql  INSERT INTO tbl_lend_out_detail(f_mid,f_spid,f_qty,f_price,f_total,f_type,f_Lend_In_people,f_Lend_Out_people,f_Lend_PID, 									  f_lend_deptid,f_postion,f_Return_date,f_note,f_create_user,f_create_time,f_customid)  values(1,27,1,222.00,222,0,1,-1,-1,99,177,2020-11-10,,1,now(),0) )
2020/11/10 14:25:21.859 [E]  svrport = 0 exec sql %!(EXTRA string=exec sql  update tbl_lend_out_main set f_update_time= "2020-11-10 14:25:21",f_status= "0",f_deptid= "99",f_lend_in_people= "1",f_lend_pid= "-1",f_return_date= "2020-11-10 00:00:00",f_note= "111",f_update_user= "1",id= "1",f_serno= "JY202011100003",f_type= "0",f_lend_out_people= "-1",f_lend_date= "2020-11-10" where id =1)
2020/11/10 14:25:21.859 [E]  svrport = 0 exec sql %!(EXTRA string=exec sql  delete from tbl_lend_out_detail where f_mid =  1)
2020/11/10 14:25:21.860 [E]  svrport = 0 exec sql %!(EXTRA string=exec sql  INSERT INTO tbl_lend_out_detail(f_mid,f_spid,f_qty,f_price,f_total,f_type,f_Lend_In_people,f_Lend_Out_people,f_Lend_PID, 									  f_lend_deptid,f_postion,f_Return_date,f_note,f_create_user,f_create_time,f_customid)  values(1,27,1,222.00,222,0,1,-1,-1,99,177,2020-11-10,222,1,now(),0) )
2020/11/10 15:02:50.421 [E]  svrport = 0 query sql %!(EXTRA string=query sql select f_name from (SELECT GROUP_CONCAT(b.f_name) AS f_name FROM tbl_role_user a INNER JOIN tbl_role b ON a.f_roleid = b.id WHERE a.f_userid = 3) a LIMIT 0,1)
2020/11/10 15:02:50.422 [E]  svrport = 0 query sql %!(EXTRA string=query sql select f_name from (SELECT GROUP_CONCAT(b.f_name) AS f_name FROM tbl_role_user a INNER JOIN tbl_role b ON a.f_roleid = b.id WHERE a.f_userid = 4) a LIMIT 0,1)
2020/11/10 15:02:50.423 [E]  svrport = 0 query sql %!(EXTRA string=query sql select f_name from (SELECT GROUP_CONCAT(b.f_name) AS f_name FROM tbl_role_user a INNER JOIN tbl_role b ON a.f_roleid = b.id WHERE a.f_userid = 5) a LIMIT 0,1)
2020/11/10 15:02:50.423 [E]  svrport = 0 query sql %!(EXTRA string=query sql select f_name from (SELECT GROUP_CONCAT(b.f_name) AS f_name FROM tbl_role_user a INNER JOIN tbl_role b ON a.f_roleid = b.id WHERE a.f_userid = 6) a LIMIT 0,1)
2020/11/10 15:02:50.424 [E]  svrport = 0 query sql %!(EXTRA string=query sql select f_name from (SELECT GROUP_CONCAT(b.f_name) AS f_name FROM tbl_role_user a INNER JOIN tbl_role b ON a.f_roleid = b.id WHERE a.f_userid = 7) a LIMIT 0,1)
2020/11/10 15:02:50.425 [E]  svrport = 0 query sql %!(EXTRA string=query sql select f_name from (SELECT GROUP_CONCAT(b.f_name) AS f_name FROM tbl_role_user a INNER JOIN tbl_role b ON a.f_roleid = b.id WHERE a.f_userid = 9) a LIMIT 0,1)
2020/11/10 15:02:50.426 [E]  svrport = 0 query sql %!(EXTRA string=query sql select f_name from (SELECT GROUP_CONCAT(b.f_name) AS f_name FROM tbl_role_user a INNER JOIN tbl_role b ON a.f_roleid = b.id WHERE a.f_userid = 10) a LIMIT 0,1)
2020/11/10 15:02:50.426 [E]  svrport = 0 query sql %!(EXTRA string=query sql select f_name from (SELECT GROUP_CONCAT(b.f_name) AS f_name FROM tbl_role_user a INNER JOIN tbl_role b ON a.f_roleid = b.id WHERE a.f_userid = 11) a LIMIT 0,1)
2020/11/10 15:02:50.427 [E]  svrport = 0 query sql %!(EXTRA string=query sql select f_name from (SELECT GROUP_CONCAT(b.f_name) AS f_name FROM tbl_role_user a INNER JOIN tbl_role b ON a.f_roleid = b.id WHERE a.f_userid = 12) a LIMIT 0,1)
2020/11/10 15:02:50.427 [E]  svrport = 0 query sql %!(EXTRA string=query sql select f_name from (SELECT GROUP_CONCAT(b.f_name) AS f_name FROM tbl_role_user a INNER JOIN tbl_role b ON a.f_roleid = b.id WHERE a.f_userid = 13) a LIMIT 0,1)
2020/11/10 15:02:50.428 [E]  svrport = 0 query sql %!(EXTRA string=query sql select f_name from (SELECT GROUP_CONCAT(b.f_name) AS f_name FROM tbl_role_user a INNER JOIN tbl_role b ON a.f_roleid = b.id WHERE a.f_userid = 20) a LIMIT 0,1)
2020/11/10 15:02:50.428 [E]  svrport = 0 query sql %!(EXTRA string=query sql select f_name from (SELECT GROUP_CONCAT(b.f_name) AS f_name FROM tbl_role_user a INNER JOIN tbl_role b ON a.f_roleid = b.id WHERE a.f_userid = 21) a LIMIT 0,1)
2020/11/10 15:02:50.429 [E]  svrport = 0 query sql %!(EXTRA string=query sql select f_name from (SELECT GROUP_CONCAT(b.f_name) AS f_name FROM tbl_role_user a INNER JOIN tbl_role b ON a.f_roleid = b.id WHERE a.f_userid = 22) a LIMIT 0,1)
2020/11/10 15:02:50.429 [E]  svrport = 0 query sql %!(EXTRA string=query sql select f_name from (SELECT GROUP_CONCAT(b.f_name) AS f_name FROM tbl_role_user a INNER JOIN tbl_role b ON a.f_roleid = b.id WHERE a.f_userid = 23) a LIMIT 0,1)
2020/11/10 15:02:50.430 [E]  svrport = 0 query sql %!(EXTRA string=query sql select f_name from (SELECT GROUP_CONCAT(b.f_name) AS f_name FROM tbl_role_user a INNER JOIN tbl_role b ON a.f_roleid = b.id WHERE a.f_userid = 24) a LIMIT 0,1)
2020/11/10 15:02:50.430 [E]  svrport = 0 query sql %!(EXTRA string=query sql select f_name from (SELECT GROUP_CONCAT(b.f_name) AS f_name FROM tbl_role_user a INNER JOIN tbl_role b ON a.f_roleid = b.id WHERE a.f_userid = 29) a LIMIT 0,1)
2020/11/10 15:02:50.719 [E]  svrport = 0 query sql %!(EXTRA string=query sql select f_name from (SELECT GROUP_CONCAT(b.f_name) AS f_name FROM tbl_role_user a INNER JOIN tbl_role b ON a.f_roleid = b.id WHERE a.f_userid = 3) a LIMIT 0,1)
2020/11/10 15:02:50.720 [E]  svrport = 0 query sql %!(EXTRA string=query sql select f_name from (SELECT GROUP_CONCAT(b.f_name) AS f_name FROM tbl_role_user a INNER JOIN tbl_role b ON a.f_roleid = b.id WHERE a.f_userid = 4) a LIMIT 0,1)
2020/11/10 15:02:50.721 [E]  svrport = 0 query sql %!(EXTRA string=query sql select f_name from (SELECT GROUP_CONCAT(b.f_name) AS f_name FROM tbl_role_user a INNER JOIN tbl_role b ON a.f_roleid = b.id WHERE a.f_userid = 5) a LIMIT 0,1)
2020/11/10 15:02:50.721 [E]  svrport = 0 query sql %!(EXTRA string=query sql select f_name from (SELECT GROUP_CONCAT(b.f_name) AS f_name FROM tbl_role_user a INNER JOIN tbl_role b ON a.f_roleid = b.id WHERE a.f_userid = 6) a LIMIT 0,1)
2020/11/10 15:02:50.722 [E]  svrport = 0 query sql %!(EXTRA string=query sql select f_name from (SELECT GROUP_CONCAT(b.f_name) AS f_name FROM tbl_role_user a INNER JOIN tbl_role b ON a.f_roleid = b.id WHERE a.f_userid = 7) a LIMIT 0,1)
2020/11/10 15:02:50.723 [E]  svrport = 0 query sql %!(EXTRA string=query sql select f_name from (SELECT GROUP_CONCAT(b.f_name) AS f_name FROM tbl_role_user a INNER JOIN tbl_role b ON a.f_roleid = b.id WHERE a.f_userid = 9) a LIMIT 0,1)
2020/11/10 15:02:50.723 [E]  svrport = 0 query sql %!(EXTRA string=query sql select f_name from (SELECT GROUP_CONCAT(b.f_name) AS f_name FROM tbl_role_user a INNER JOIN tbl_role b ON a.f_roleid = b.id WHERE a.f_userid = 10) a LIMIT 0,1)
2020/11/10 15:02:50.724 [E]  svrport = 0 query sql %!(EXTRA string=query sql select f_name from (SELECT GROUP_CONCAT(b.f_name) AS f_name FROM tbl_role_user a INNER JOIN tbl_role b ON a.f_roleid = b.id WHERE a.f_userid = 11) a LIMIT 0,1)
2020/11/10 15:02:50.724 [E]  svrport = 0 query sql %!(EXTRA string=query sql select f_name from (SELECT GROUP_CONCAT(b.f_name) AS f_name FROM tbl_role_user a INNER JOIN tbl_role b ON a.f_roleid = b.id WHERE a.f_userid = 12) a LIMIT 0,1)
2020/11/10 15:02:50.725 [E]  svrport = 0 query sql %!(EXTRA string=query sql select f_name from (SELECT GROUP_CONCAT(b.f_name) AS f_name FROM tbl_role_user a INNER JOIN tbl_role b ON a.f_roleid = b.id WHERE a.f_userid = 13) a LIMIT 0,1)
2020/11/10 15:02:50.725 [E]  svrport = 0 query sql %!(EXTRA string=query sql select f_name from (SELECT GROUP_CONCAT(b.f_name) AS f_name FROM tbl_role_user a INNER JOIN tbl_role b ON a.f_roleid = b.id WHERE a.f_userid = 20) a LIMIT 0,1)
2020/11/10 15:02:50.726 [E]  svrport = 0 query sql %!(EXTRA string=query sql select f_name from (SELECT GROUP_CONCAT(b.f_name) AS f_name FROM tbl_role_user a INNER JOIN tbl_role b ON a.f_roleid = b.id WHERE a.f_userid = 21) a LIMIT 0,1)
2020/11/10 15:02:50.726 [E]  svrport = 0 query sql %!(EXTRA string=query sql select f_name from (SELECT GROUP_CONCAT(b.f_name) AS f_name FROM tbl_role_user a INNER JOIN tbl_role b ON a.f_roleid = b.id WHERE a.f_userid = 22) a LIMIT 0,1)
2020/11/10 15:02:50.727 [E]  svrport = 0 query sql %!(EXTRA string=query sql select f_name from (SELECT GROUP_CONCAT(b.f_name) AS f_name FROM tbl_role_user a INNER JOIN tbl_role b ON a.f_roleid = b.id WHERE a.f_userid = 23) a LIMIT 0,1)
2020/11/10 15:02:50.727 [E]  svrport = 0 query sql %!(EXTRA string=query sql select f_name from (SELECT GROUP_CONCAT(b.f_name) AS f_name FROM tbl_role_user a INNER JOIN tbl_role b ON a.f_roleid = b.id WHERE a.f_userid = 24) a LIMIT 0,1)
2020/11/10 15:02:50.728 [E]  svrport = 0 query sql %!(EXTRA string=query sql select f_name from (SELECT GROUP_CONCAT(b.f_name) AS f_name FROM tbl_role_user a INNER JOIN tbl_role b ON a.f_roleid = b.id WHERE a.f_userid = 29) a LIMIT 0,1)
