2020/11/09 15:55:09.933 [I]  接口访问 appid=0; 接口 =/api/public/AssetsFlowing; %!(EXTRA string=params = /api/public/AssetsFlowing?customid=0&curPage=1&pageSize=20&userid=1&spid=3; body = null)
2020/11/09 15:55:09.942 [I]  svrport = 0 exec sql %!(EXTRA string=query sql  CALL Msp_Spinfo_StockList(,,0,1,20) )
2020/11/09 15:55:09.942 [I]  svrport = 0 query sql %!(EXTRA string=query sql  CALL Msp_Spinfo_StockList(,,0,1,20) )
2020/11/09 15:55:09.942 [E]  svrport = 0 query sql %!(EXTRA string=query sql  CALL Msp_Spinfo_StockList(,,0,1,20) )
2020/11/09 15:55:36.624 [I]  接口访问 appid=0; 接口 =/api/public/AssetsFlowing; %!(EXTRA string=params = /api/public/AssetsFlowing?customid=0&curPage=1&pageSize=20&userid=1&spid=3; body = null)
2020/11/09 15:55:39.376 [I]  svrport = 0 exec sql %!(EXTRA string=query sql  CALL Msp_Spinfo_StockList(,,0,1,20) )
2020/11/09 15:55:39.401 [I]  svrport = 0 query sql %!(EXTRA string=query sql  CALL Msp_Spinfo_StockList(,,0,1,20) )
2020/11/09 15:55:39.401 [E]  svrport = 0 query sql %!(EXTRA string=query sql  CALL Msp_Spinfo_StockList(,,0,1,20) )
2020/11/09 15:56:15.966 [I]  接口访问 appid=0; 接口 =/api/public/AssetsFlowing; %!(EXTRA string=params = /api/public/AssetsFlowing?customid=0&curPage=1&pageSize=20&userid=1&spid=3; body = null)
2020/11/09 15:56:15.974 [I]  svrport = 0 exec sql %!(EXTRA string=query sql  CALL Msp_Spinfo_StockList(3,1,0,1,20) )
2020/11/09 15:56:15.981 [I]  svrport = 0 exec sql %!(EXTRA string=exec sql  CALL Msp_Spinfo_StockList(3,1,1,1,20) )
2020/11/09 16:37:29.529 [I]  接口访问 appid=0; 接口 =/api/AssetsLendIn/update; %!(EXTRA string=params = /api/AssetsLendIn/update?customid=0; body = {"f_R_date":"2020-11-08","f_deptid":"1","f_lend_id":"2","f_note":"","f_serno":"JYGH202011080001","f_status":"1","f_type":"0","f_update_user":"1","id":"3","splist":[{"f_custody_deptid":"96","f_custody_userid":"1","f_lend_id":"1","f_note":"借用","f_postion":"139","f_price":"100","f_qty":"1","f_spid":"2","f_spstate":"破损"}]})
2020/11/09 16:37:29.531 [I]  svrport = 0 exec sql %!(EXTRA string=exec sql  SELECT *FROM (SELECT * FROM tbl_token WHERE f_customid =0 and  f_token ="eyJhbGciOiJIUzI1NiIsInR5cCI6IkpXVCJ9.eyJleHBpcmVfdGltZSI6IjIwMjAtMTEtMDgiLCJmX2ZsYWciOiIwIiwiZl9uYW1lIjoi6LaF57qn566h55CG5ZGYIiwiZl9ubyI6ImFkbWluIiwiZl9wYXNzd29yZCI6IjEyMzQiLCJmX3JvbGVpZCI6Ii0xIiwiZl9zdGF0dXMiOiIxIiwiaWQiOiIxIn0.ZzIvZ0S6ZLWOxKOd4xPEZNJxtwYDxSY9vCRfRWr8PyA")a  limit 0,1)
2020/11/09 16:38:15.995 [I]  接口访问 appid=0; 接口 =/api/User/UserLogin; %!(EXTRA string=params = /api/User/UserLogin?customid=0; body = {"password":"1234","userno":"admin"})
2020/11/09 16:38:15.997 [I]  svrport = 0 exec sql %!(EXTRA string=exec sql select  a.*,b.f_name as f_deptname from tbl_user a  left join tbl_dept b on a.f_deptno = b.id where a.f_no =admin)
2020/11/09 16:38:16.032 [I]  svrport = 0 exec sql %!(EXTRA string=query sql select sdate from (SELECT  DATE_FORMAT(f_expire_time,'%Y-%m-%d')  as sdate FROM tbl_token WHERE f_customid = 0 and f_userid =1) a LIMIT 0,1)
2020/11/09 16:38:16.128 [I]  svrport = 0 exec sql %!(EXTRA string=query sql select f_token from (SELECT f_token FROM tbl_token WHERE f_userid = 1) a LIMIT 0,1)
2020/11/09 16:38:31.140 [I]  接口访问 appid=0; 接口 =/api/AssetsLendIn/update; %!(EXTRA string=params = /api/AssetsLendIn/update?customid=0; body = {"f_R_date":"2020-11-08","f_deptid":"1","f_lend_id":"2","f_note":"","f_serno":"JYGH202011080001","f_status":"1","f_type":"0","f_update_user":"1","id":"3","splist":[{"f_custody_deptid":"96","f_custody_userid":"1","f_lend_id":"1","f_note":"借用","f_postion":"139","f_price":"100","f_qty":"1","f_spid":"2","f_spstate":"破损"}]})
2020/11/09 16:38:31.141 [I]  svrport = 0 exec sql %!(EXTRA string=exec sql  SELECT *FROM (SELECT * FROM tbl_token WHERE f_customid =0 and  f_token ="eyJhbGciOiJIUzI1NiIsInR5cCI6IkpXVCJ9.eyJleHBpcmVfdGltZSI6IjIwMjAtMTEtMDkiLCJmX2ZsYWciOiIwIiwiZl9uYW1lIjoi6LaF57qn566h55CG5ZGYIiwiZl9ubyI6ImFkbWluIiwiZl9wYXNzd29yZCI6IjEyMzQiLCJmX3JvbGVpZCI6Ii0xIiwiZl9zdGF0dXMiOiIxIiwiaWQiOiIxIn0.uqrvuqBJeCBH4EXeS1sAedKfo4nHe9Fjdbv2iKAyvYk")a  limit 0,1)
2020/11/09 16:38:31.143 [I]  svrport = 0 exec sql %!(EXTRA string=query sql select id from (SELECT id FROM tbl_perms where   f_api ="AssetsLendIn/update") a LIMIT 0,1)
2020/11/09 16:38:31.187 [I]  svrport = 0 /api/AssetsLendIn/update?customid=0传入参数：%!(EXTRA string={"id":"3","f_type":"0","f_serno":"JYGH202011080001","f_status":"1","f_deptid":"1","f_lend_id":"2","f_R_date":"2020-11-08","f_note":"","f_update_user":"1","splist":[{"f_spid":"2","f_qty":"1","f_price":"100","f_lend_id":"1","f_custody_deptid":"96","f_custody_userid":"1","f_postion":"139","f_note":"借用","f_spstate":"破损"}]})
2020/11/09 16:38:31.189 [I]  svrport = 0 exec sql %!(EXTRA string=query sql select f_status from tbl_lend_in_main where id = 3   LIMIT 0,1)
2020/11/09 16:38:31.190 [I]  svrport = 0 exec sql %!(EXTRA string=exec sql  update tbl_lend_in_main set f_serno= "JYGH202011080001",f_R_In_people= "2",f_R_PID= "-1",f_audit= "1",f_update_user= "1",f_status= "1",f_type= "0",f_R_Out_people= "-1",f_deptid= "1",f_R_date= "2020-11-08",id= "3",f_audit_date= "2020-11-09 16:38:31",f_note= "",f_update_time= "2020-11-09 16:38:31" where id =3)
2020/11/09 16:38:31.200 [I]  svrport = 0 exec sql %!(EXTRA string=exec sql  update tbl_lend_in_main set f_serno= "JYGH202011080001",f_R_In_people= "2",f_R_PID= "-1",f_audit= "1",f_update_user= "1",f_status= "1",f_type= "0",f_R_Out_people= "-1",f_deptid= "1",f_R_date= "2020-11-08",id= "3",f_audit_date= "2020-11-09 16:38:31",f_note= "",f_update_time= "2020-11-09 16:38:31" where id =3)
2020/11/09 16:38:31.200 [E]  svrport = 0 exec sql %!(EXTRA string=exec sql  update tbl_lend_in_main set f_serno= "JYGH202011080001",f_R_In_people= "2",f_R_PID= "-1",f_audit= "1",f_update_user= "1",f_status= "1",f_type= "0",f_R_Out_people= "-1",f_deptid= "1",f_R_date= "2020-11-08",id= "3",f_audit_date= "2020-11-09 16:38:31",f_note= "",f_update_time= "2020-11-09 16:38:31" where id =3)
2020/11/09 16:38:31.201 [I]  svrport = 0 exec sql %!(EXTRA string=exec sql  delete from tbl_lend_in_detail where f_mid =  3)
2020/11/09 16:38:31.210 [I]  svrport = 0 exec sql %!(EXTRA string=exec sql  delete from tbl_lend_in_detail where f_mid =  3)
2020/11/09 16:38:31.210 [E]  svrport = 0 exec sql %!(EXTRA string=exec sql  delete from tbl_lend_in_detail where f_mid =  3)
2020/11/09 16:38:31.210 [I]  svrport = 0 exec sql %!(EXTRA string=exec sql  INSERT INTO tbl_lend_in_detail(f_mid,f_spid,f_qty,f_price,f_total,f_Type,f_R_In_people,f_R_Out_people,f_R_PID,f_custody_deptid, 									 f_custody_userid,f_postion,f_spstate,f_note,f_create_user,f_create_time,f_customid )  values(3,2,1,100,100,0,1,-1,-1,96,1,139,破损,借用,1,now(),0) )
2020/11/09 16:38:31.211 [I]  svrport = 0 exec sql %!(EXTRA string=exec sql  INSERT INTO tbl_lend_in_detail(f_mid,f_spid,f_qty,f_price,f_total,f_Type,f_R_In_people,f_R_Out_people,f_R_PID,f_custody_deptid, 									 f_custody_userid,f_postion,f_spstate,f_note,f_create_user,f_create_time,f_customid )  values(3,2,1,100,100,0,1,-1,-1,96,1,139,破损,借用,1,now(),0) )
2020/11/09 16:38:31.211 [E]  svrport = 0 exec sql %!(EXTRA string=exec sql  INSERT INTO tbl_lend_in_detail(f_mid,f_spid,f_qty,f_price,f_total,f_Type,f_R_In_people,f_R_Out_people,f_R_PID,f_custody_deptid, 									 f_custody_userid,f_postion,f_spstate,f_note,f_create_user,f_create_time,f_customid )  values(3,2,1,100,100,0,1,-1,-1,96,1,139,破损,借用,1,now(),0) )
2020/11/09 16:38:31.211 [I]  svrport = 0 exec sql %!(EXTRA string=exec sql call msp_Postion_Chang ( "4","3","1","0" ))
