2020/11/18 15:05:09.389 [E]  svrport = 0 exec sql %!(EXTRA string=exec sql  INSERT INTO tbl_change_detail(f_mid,f_spid,f_customid,f_to_name,f_to_lbid,f_to_deptid,f_to_usedeptid,f_to_userid,f_to_useuserid, f_to_postion,f_note,f_create_user,f_create_time,f_flag)  values(5,19,0,苹果123,4,50,50,10,10,76,,1,now(),0) )
2020/11/18 15:11:58.162 [E]  svrport = 0 exec sql %!(EXTRA string=exec sql  update tbl_change_main set f_status= "0",f_deptid= "2",f_To_name= "苹果123",f_To_UserID= "10",f_note= "",f_serno= "BG202011180001",f_To_Postion= "76",f_update_time= "2020-11-18 15:11:53",id= "5",f_To_lbid= "4",f_To_Deptid= "50",f_To_UseDeptid= "50",f_update_user= "1",f_audit= "0",f_To_UseUserID= "10" where id =5)
2020/11/18 15:11:59.516 [E]  svrport = 0 exec sql %!(EXTRA string=exec sql  delete from tbl_change_detail where f_mid =  5)
2020/11/18 15:12:05.139 [E]  svrport = 0 exec sql %!(EXTRA string=exec sql  INSERT INTO tbl_change_detail(f_mid,f_spid,f_customid,f_to_name,f_to_lbid,f_to_deptid,f_to_usedeptid,f_to_userid,f_to_useuserid, f_to_postion,f_note,f_create_user,f_create_time,f_flag)  values(5,19,0,苹果12356,4,50,50,10,10,76,,1,now(),0) )
2020/11/18 15:39:28.176 [E]  svrport = 0 exec sql %!(EXTRA string=exec sql update tbl_change_main set  f_flag = 1, f_delete_user = 1,f_delete_time = now() where id =5)
2020/11/18 15:39:28.176 [E]  svrport = 0 exec sql %!(EXTRA string=exec sql  update tbl_change_main set  f_flag = 1, f_delete_user = 1,f_delete_time = now()  WHERE f_mid =5)
2020/11/18 15:40:39.672 [E]  svrport = 0 exec sql %!(EXTRA string=exec sql update tbl_change_main set  f_flag = 1, f_delete_user = 1,f_delete_time = now() where id =5)
2020/11/18 15:40:39.672 [E]  svrport = 0 exec sql %!(EXTRA string=exec sql  update tbl_change_detail set  f_flag = 1, f_delete_user = 1,f_delete_time = now()  WHERE f_mid =5)
2020/11/18 15:41:00.218 [E]  svrport = 0 exec sql %!(EXTRA string=exec sql  INSERT INTO tbl_change_detail(f_mid,f_spid,f_customid,f_to_name,f_to_lbid,f_to_deptid,f_to_usedeptid,f_to_userid,f_to_useuserid, f_to_postion,f_note,f_create_user,f_create_time,f_flag)  values(6,19,0,苹果123,4,50,50,10,10,76,,1,now(),0) )
2020/11/18 15:45:12.677 [E]  svrport = 0 exec sql %!(EXTRA string=exec sql  update tbl_change_main set id= "5",f_audit= "1",f_deptid= "2",f_To_Deptid= "50",f_note= "",f_update_user= "1",f_To_name= "苹果123",f_To_UserID= "10",f_audit_date= "2020-11-18 15:45:12",f_serno= "BG202011180001",f_To_UseDeptid= "50",f_status= "1",f_To_lbid= "4",f_To_UseUserID= "10",f_To_Postion= "76",f_update_time= "2020-11-18 15:45:12" where id =5)
2020/11/18 15:45:12.677 [E]  svrport = 0 exec sql %!(EXTRA string=exec sql  delete from tbl_change_detail where f_mid =  5)
2020/11/18 15:45:12.678 [E]  svrport = 0 exec sql %!(EXTRA string=exec sql  INSERT INTO tbl_change_detail(f_mid,f_spid,f_customid,f_to_name,f_to_lbid,f_to_deptid,f_to_usedeptid,f_to_userid,f_to_useuserid, f_to_postion,f_note,f_create_user,f_create_time,f_flag)  values(5,19,0,苹果12356,4,50,50,10,10,76,,1,now(),0) )
2020/11/18 15:45:13.112 [E]  svrport = 0 exec sql %!(EXTRA string=exec sql UPDATE  tbl_spinfo ts  INNER JOIN tbl_change_detail tcd ON ts.id = tcd.f_spid  INNER JOIN tbl_change_main tcm ON tcd.f_mid = tcm.id  SET ts.f_Name = tcd.f_to_name,ts.f_Typeid = tcd.f_To_lbid  WHERE tcm.id = 5 AND tcm.f_audit = 1;)
2020/11/18 16:54:57.969 [E]  svrport = 0 query sql %!(EXTRA string=query sql select id from (SELECT id FROM tbl_perms where   f_api ="AssetsChange/submit/back") a LIMIT 0,1)
2020/11/18 16:57:58.610 [E]  svrport = 0 exec sql %!(EXTRA string=exec sql update tbl_change_main set f_status = ,f_audit = where id =6 )
2020/11/18 16:59:05.597 [E]  svrport = 0 exec sql %!(EXTRA string=exec sql update tbl_change_main set f_status = 0,f_audit =0 where id =6 )
2020/11/18 16:59:36.969 [E]  svrport = 0 exec sql %!(EXTRA string=exec sql update tbl_change_main set f_status = 0,f_audit =0 where id =6 )
2020/11/18 17:00:44.862 [E]  svrport = 0 exec sql %!(EXTRA string=exec sql update tbl_change_main set f_status = 0,f_audit =0 where id =6 )
2020/11/18 17:00:49.774 [E]  svrport = 0 exec sql %!(EXTRA string=exec sql update tbl_change_main set f_status = 0,f_audit =0 where id =6 )
2020/11/18 17:04:29.238 [E]  svrport = 0 exec sql %!(EXTRA string=exec sql  update tbl_change_main set id= "6",f_serno= "BG202011180001",f_To_name= "苹果123",f_To_lbid= "4",f_deptid= "2",f_To_UseDeptid= "50",f_To_UseUserID= "10",f_To_Postion= "76",f_update_user= "1",f_status= "1",f_To_Deptid= "50",f_To_UserID= "10",f_note= "",f_update_time= "2020-11-18 17:04:29" where id =6)
2020/11/18 17:04:29.238 [E]  svrport = 0 exec sql %!(EXTRA string=exec sql  delete from tbl_change_detail where f_mid =  6)
2020/11/18 17:04:29.239 [E]  svrport = 0 exec sql %!(EXTRA string=exec sql  INSERT INTO tbl_change_detail(f_mid,f_spid,f_customid,f_to_name,f_to_lbid,f_to_deptid,f_to_usedeptid,f_to_userid,f_to_useuserid, f_to_postion,f_note,f_create_user,f_create_time,f_flag)  values(6,19,0,苹果12356,4,50,50,10,10,76,,1,now(),0) )
2020/11/18 17:04:54.765 [E]  svrport = 0 exec sql %!(EXTRA string=exec sql update tbl_change_main set  f_audit = 1,f_audit_date = now(), f_audit_userid = 1 where id =6)
2020/11/18 17:04:54.780 [E]  svrport = 0 exec sql %!(EXTRA string=exec sql  UPDATE  tbl_spinfo ts  INNER JOIN tbl_change_detail tcd ON ts.id = tcd.f_spid  INNER JOIN tbl_change_main tcm ON tcd.f_mid = tcm.id  SET ts.f_Name = tcd.f_to_name,ts.f_Typeid = tcd.f_To_lbid  WHERE tcm.id = 6 AND tcm.f_audit = 1;)
