2020/11/07 10:45:04.428 [I]  接口访问 appid=0; 接口 =/api/ContactOuter/create; %!(EXTRA string=params = /api/ContactOuter/create?customid=0; body = {"f_address":"深圳市宝安区壹方城A栋302室","f_company":"壹方品牌服饰","f_create_user":"1","f_email":"www.sfsfds@qq.com","f_movephone":"138368975420","f_name":"宝安壹方城A栋302","f_no":"0001","f_note":"","f_order":"1"})
2020/11/07 10:45:04.438 [I]  svrport = 0 exec sql %!(EXTRA string=exec sql  SELECT *FROM (SELECT * FROM tbl_token WHERE f_customid =0 and  f_token ="eyJhbGciOiJIUzI1NiIsInR5cCI6IkpXVCJ9.eyJleHBpcmVfdGltZSI6IjIwMjAtMTEtMDQiLCJmX2ZsYWciOiIwIiwiZl9uYW1lIjoi6LaF57qn566h55CG5ZGYIiwiZl9ubyI6ImFkbWluIiwiZl9wYXNzd29yZCI6IjEyMzQiLCJmX3JvbGVpZCI6Ii0xIiwiZl9zdGF0dXMiOiIxIiwiaWQiOiIxIn0.RF-n8LZ5yXvBYD6kWuPny6PPf53g5FRCdNhdg1iJ6A4")a  limit 0,1)
2020/11/07 11:03:40.050 [I]  接口访问 appid=0; 接口 =/api/ContactOuter/create; %!(EXTRA string=params = /api/ContactOuter/create?customid=0; body = {"f_address":"深圳市宝安区壹方城A栋302室","f_company":"壹方品牌服饰","f_create_user":"1","f_email":"www.sfsfds@qq.com","f_movephone":"138368975420","f_name":"宝安壹方城A栋302","f_no":"0001","f_note":"","f_order":"1"})
2020/11/07 11:03:40.053 [I]  svrport = 0 exec sql %!(EXTRA string=exec sql  SELECT *FROM (SELECT * FROM tbl_token WHERE f_customid =0 and  f_token ="eyJhbGciOiJIUzI1NiIsInR5cCI6IkpXVCJ9.eyJleHBpcmVfdGltZSI6IjIwMjAtMTEtMDQiLCJmX2ZsYWciOiIwIiwiZl9uYW1lIjoi6LaF57qn566h55CG5ZGYIiwiZl9ubyI6ImFkbWluIiwiZl9wYXNzd29yZCI6IjEyMzQiLCJmX3JvbGVpZCI6Ii0xIiwiZl9zdGF0dXMiOiIxIiwiaWQiOiIxIn0.RF-n8LZ5yXvBYD6kWuPny6PPf53g5FRCdNhdg1iJ6A4")a  limit 0,1)
2020/11/07 11:03:48.227 [I]  接口访问 appid=0; 接口 =/api/ContactOuter/create; %!(EXTRA string=params = /api/ContactOuter/create?customid=0; body = {"f_address":"深圳市宝安区壹方城A栋302室","f_company":"壹方品牌服饰","f_create_user":"1","f_email":"www.sfsfds@qq.com","f_movephone":"138368975420","f_name":"宝安壹方城A栋302","f_no":"0001","f_note":"","f_order":"1"})
2020/11/07 11:03:48.235 [I]  svrport = 0 exec sql %!(EXTRA string=exec sql  SELECT *FROM (SELECT * FROM tbl_token WHERE f_customid =0 and  f_token ="eyJhbGciOiJIUzI1NiIsInR5cCI6IkpXVCJ9.eyJleHBpcmVfdGltZSI6IjIwMjAtMTEtMDQiLCJmX2ZsYWciOiIwIiwiZl9uYW1lIjoi6LaF57qn566h55CG5ZGYIiwiZl9ubyI6ImFkbWluIiwiZl9wYXNzd29yZCI6IjEyMzQiLCJmX3JvbGVpZCI6Ii0xIiwiZl9zdGF0dXMiOiIxIiwiaWQiOiIxIn0.RF-n8LZ5yXvBYD6kWuPny6PPf53g5FRCdNhdg1iJ6A4")a  limit 0,1)
2020/11/07 11:04:32.597 [I]  接口访问 appid=0; 接口 =/api/ContactOuter/create; %!(EXTRA string=params = /api/ContactOuter/create?customid=0; body = {"f_address":"深圳市宝安区壹方城A栋302室","f_company":"壹方品牌服饰","f_create_user":"1","f_email":"www.sfsfds@qq.com","f_movephone":"138368975420","f_name":"宝安壹方城A栋302","f_no":"0001","f_note":"","f_order":"1"})
2020/11/07 11:04:32.599 [I]  svrport = 0 exec sql %!(EXTRA string=exec sql  SELECT *FROM (SELECT * FROM tbl_token WHERE f_customid =0 and  f_token ="eyJhbGciOiJIUzI1NiIsInR5cCI6IkpXVCJ9.eyJleHBpcmVfdGltZSI6IjIwMjAtMTEtMDUiLCJmX2ZsYWciOiIwIiwiZl9uYW1lIjoi6LaF57qn566h55CG5ZGYIiwiZl9ubyI6ImFkbWluIiwiZl9wYXNzd29yZCI6IjEyMzQiLCJmX3JvbGVpZCI6Ii0xIiwiZl9zdGF0dXMiOiIxIiwiaWQiOiIxIn0.w2HYg56Ac325xlxBZPEK67n15x6zjMziZC1lmchNozo")a  limit 0,1)
2020/11/07 11:07:26.319 [I]  接口访问 appid=0; 接口 =/api/User/UserLogin; %!(EXTRA string=params = /api/User/UserLogin?customid=0; body = {"f_password":"1234","userno":"admin"})
2020/11/07 11:07:30.633 [I]  接口访问 appid=0; 接口 =/api/User/UserLogin; %!(EXTRA string=params = /api/User/UserLogin?customid=0; body = {"f_password":"1234","userno":"admin"})
2020/11/07 11:07:30.635 [I]  svrport = 0 exec sql %!(EXTRA string=exec sql select  a.*,b.f_name as f_deptname from tbl_user a  left join tbl_dept b on a.f_deptno = b.id where a.f_no =admin)
2020/11/07 11:07:30.676 [I]  用户登陆出错%!(EXTRA utils.ResponsModel={-1 false 登陆失败,密码错误！ {0 0 0 map[] []} })
2020/11/07 11:07:36.935 [I]  接口访问 appid=0; 接口 =/api/User/UserLogin; %!(EXTRA string=params = /api/User/UserLogin?customid=0; body = {"f_password":"","userno":"admin"})
2020/11/07 11:07:36.937 [I]  svrport = 0 exec sql %!(EXTRA string=exec sql select  a.*,b.f_name as f_deptname from tbl_user a  left join tbl_dept b on a.f_deptno = b.id where a.f_no =admin)
2020/11/07 11:07:36.938 [I]  用户登陆出错%!(EXTRA utils.ResponsModel={-1 false 登陆失败,密码错误！ {0 0 0 map[] []} })
2020/11/07 11:08:06.298 [I]  接口访问 appid=0; 接口 =/api/User/UserLogin; %!(EXTRA string=params = /api/User/UserLogin?customid=0; body = {"f_password":"1234","userno":"admin"})
2020/11/07 11:08:06.611 [I]  svrport = 0 exec sql %!(EXTRA string=exec sql select  a.*,b.f_name as f_deptname from tbl_user a  left join tbl_dept b on a.f_deptno = b.id where a.f_no =admin)
2020/11/07 11:08:06.612 [I]  用户登陆出错%!(EXTRA utils.ResponsModel={-1 false 登陆失败,密码错误！ {0 0 0 map[] []} })
2020/11/07 11:08:29.333 [I]  接口访问 appid=0; 接口 =/api/User/UserLogin; %!(EXTRA string=params = /api/User/UserLogin?customid=0; body = {"f_password":"1234","userno":"admin"})
2020/11/07 11:08:29.336 [I]  svrport = 0 exec sql %!(EXTRA string=exec sql select  a.*,b.f_name as f_deptname from tbl_user a  left join tbl_dept b on a.f_deptno = b.id where a.f_no =admin)
2020/11/07 11:08:29.337 [I]  用户登陆出错%!(EXTRA utils.ResponsModel={-1 false 登陆失败,密码错误！ {0 0 0 map[] []} })
2020/11/07 11:09:33.436 [I]  接口访问 appid=0; 接口 =/api/User/UserLogin; %!(EXTRA string=params = /api/User/UserLogin?customid=0; body = {"f_password":"1234","userno":"admin"})
2020/11/07 11:09:33.439 [I]  svrport = 0 exec sql %!(EXTRA string=exec sql select  a.*,b.f_name as f_deptname from tbl_user a  left join tbl_dept b on a.f_deptno = b.id where a.f_no =admin)
2020/11/07 11:09:33.441 [I]  用户登陆出错%!(EXTRA utils.ResponsModel={-1 false 登陆失败,密码错误！ {0 0 0 map[] []} })
2020/11/07 11:09:54.519 [I]  接口访问 appid=0; 接口 =/api/User/UserLogin; %!(EXTRA string=params = /api/User/UserLogin?customid=0; body = {"password":"1234","userno":"admin"})
2020/11/07 11:09:54.523 [I]  svrport = 0 exec sql %!(EXTRA string=exec sql select  a.*,b.f_name as f_deptname from tbl_user a  left join tbl_dept b on a.f_deptno = b.id where a.f_no =admin)
2020/11/07 11:09:54.527 [I]  svrport = 0 exec sql %!(EXTRA string=query sql select sdate from (SELECT  DATE_FORMAT(f_expire_time,'%Y-%m-%d')  as sdate FROM tbl_token WHERE f_customid = 0 and f_userid =1) a LIMIT 0,1)
2020/11/07 11:09:54.582 [I]  svrport = 0 exec sql %!(EXTRA string=query sql select f_token from (SELECT f_token FROM tbl_token WHERE f_userid = 1) a LIMIT 0,1)
2020/11/07 11:10:09.308 [I]  接口访问 appid=0; 接口 =/api/ContactOuter/create; %!(EXTRA string=params = /api/ContactOuter/create?customid=0; body = {"f_address":"深圳市宝安区壹方城A栋302室","f_company":"壹方品牌服饰","f_create_user":"1","f_email":"www.sfsfds@qq.com","f_movephone":"138368975420","f_name":"宝安壹方城A栋302","f_no":"0001","f_note":"","f_order":"1"})
2020/11/07 11:10:09.310 [I]  svrport = 0 exec sql %!(EXTRA string=exec sql  SELECT *FROM (SELECT * FROM tbl_token WHERE f_customid =0 and  f_token ="eyJhbGciOiJIUzI1NiIsInR5cCI6IkpXVCJ9.eyJleHBpcmVfdGltZSI6IjIwMjAtMTEtMDciLCJmX2ZsYWciOiIwIiwiZl9uYW1lIjoi6LaF57qn566h55CG5ZGYIiwiZl9ubyI6ImFkbWluIiwiZl9wYXNzd29yZCI6IjEyMzQiLCJmX3JvbGVpZCI6Ii0xIiwiZl9zdGF0dXMiOiIxIiwiaWQiOiIxIn0.DRl6cB30UOf6APWntdig4TTQOyG0e0G1vHMXHQlyah8")a  limit 0,1)
2020/11/07 11:10:09.312 [I]  svrport = 0 exec sql %!(EXTRA string=query sql select id from (SELECT id FROM tbl_perms where   f_api ="ContactOuter/create") a LIMIT 0,1)
2020/11/07 11:10:09.313 [I]  svrport = 0 /api/ContactOuter/create?customid=0传入参数：%!(EXTRA string={"f_no":"0001","f_name":"宝安壹方城A栋302","f_movephone":"138368975420","f_company":"壹方品牌服饰","f_email":"www.sfsfds@qq.com","f_address":"深圳市宝安区壹方城A栋302室","f_order":"1","f_create_user":"1","f_note":""})
2020/11/07 11:16:00.241 [I]  接口访问 appid=0; 接口 =/api/ContactOuter/create; %!(EXTRA string=params = /api/ContactOuter/create?customid=0; body = {"f_address":"深圳市宝安区壹方城A栋302室","f_company":"壹方品牌服饰","f_create_user":"1","f_email":"www.sfsfds@qq.com","f_movephone":"138368975420","f_name":"宝安壹方城A栋302","f_no":"0001","f_note":"","f_order":"1"})
2020/11/07 11:16:00.251 [I]  svrport = 0 exec sql %!(EXTRA string=exec sql  SELECT *FROM (SELECT * FROM tbl_token WHERE f_customid =0 and  f_token ="eyJhbGciOiJIUzI1NiIsInR5cCI6IkpXVCJ9.eyJleHBpcmVfdGltZSI6IjIwMjAtMTEtMDciLCJmX2ZsYWciOiIwIiwiZl9uYW1lIjoi6LaF57qn566h55CG5ZGYIiwiZl9ubyI6ImFkbWluIiwiZl9wYXNzd29yZCI6IjEyMzQiLCJmX3JvbGVpZCI6Ii0xIiwiZl9zdGF0dXMiOiIxIiwiaWQiOiIxIn0.DRl6cB30UOf6APWntdig4TTQOyG0e0G1vHMXHQlyah8")a  limit 0,1)
2020/11/07 11:16:00.254 [I]  svrport = 0 exec sql %!(EXTRA string=query sql select id from (SELECT id FROM tbl_perms where   f_api ="ContactOuter/create") a LIMIT 0,1)
2020/11/07 11:16:00.255 [I]  svrport = 0 /api/ContactOuter/create?customid=0传入参数：%!(EXTRA string={"f_no":"0001","f_name":"宝安壹方城A栋302","f_movephone":"138368975420","f_company":"壹方品牌服饰","f_email":"www.sfsfds@qq.com","f_address":"深圳市宝安区壹方城A栋302室","f_order":"1","f_create_user":"1","f_note":""})
2020/11/07 11:16:10.404 [I]  接口访问 appid=0; 接口 =/api/ContactOuter/create; %!(EXTRA string=params = /api/ContactOuter/create?customid=0; body = {"f_address":"深圳市宝安区壹方城A栋302室","f_company":"壹方品牌服饰","f_create_user":"1","f_email":"www.sfsfds@qq.com","f_movephone":"138368975420","f_name":"宝安壹方城A栋302","f_no":"0001","f_note":"","f_order":"1"})
2020/11/07 11:16:10.406 [I]  svrport = 0 exec sql %!(EXTRA string=exec sql  SELECT *FROM (SELECT * FROM tbl_token WHERE f_customid =0 and  f_token ="eyJhbGciOiJIUzI1NiIsInR5cCI6IkpXVCJ9.eyJleHBpcmVfdGltZSI6IjIwMjAtMTEtMDciLCJmX2ZsYWciOiIwIiwiZl9uYW1lIjoi6LaF57qn566h55CG5ZGYIiwiZl9ubyI6ImFkbWluIiwiZl9wYXNzd29yZCI6IjEyMzQiLCJmX3JvbGVpZCI6Ii0xIiwiZl9zdGF0dXMiOiIxIiwiaWQiOiIxIn0.DRl6cB30UOf6APWntdig4TTQOyG0e0G1vHMXHQlyah8")a  limit 0,1)
2020/11/07 11:16:10.409 [I]  svrport = 0 exec sql %!(EXTRA string=query sql select id from (SELECT id FROM tbl_perms where   f_api ="ContactOuter/create") a LIMIT 0,1)
2020/11/07 11:16:10.409 [I]  svrport = 0 /api/ContactOuter/create?customid=0传入参数：%!(EXTRA string={"f_no":"0001","f_name":"宝安壹方城A栋302","f_movephone":"138368975420","f_company":"壹方品牌服饰","f_email":"www.sfsfds@qq.com","f_address":"深圳市宝安区壹方城A栋302室","f_order":"1","f_create_user":"1","f_note":""})
2020/11/07 11:18:15.778 [I]  接口访问 appid=0; 接口 =/api/ContactOuter/create; %!(EXTRA string=params = /api/ContactOuter/create?customid=0; body = {"f_address":"深圳市宝安区壹方城A栋302室","f_company":"壹方品牌服饰","f_create_user":"1","f_email":"www.sfsfds@qq.com","f_movephone":"138368975420","f_name":"宝安壹方城A栋302","f_no":"0001","f_note":"","f_order":"1"})
2020/11/07 11:18:15.787 [I]  svrport = 0 exec sql %!(EXTRA string=exec sql  SELECT *FROM (SELECT * FROM tbl_token WHERE f_customid =0 and  f_token ="eyJhbGciOiJIUzI1NiIsInR5cCI6IkpXVCJ9.eyJleHBpcmVfdGltZSI6IjIwMjAtMTEtMDciLCJmX2ZsYWciOiIwIiwiZl9uYW1lIjoi6LaF57qn566h55CG5ZGYIiwiZl9ubyI6ImFkbWluIiwiZl9wYXNzd29yZCI6IjEyMzQiLCJmX3JvbGVpZCI6Ii0xIiwiZl9zdGF0dXMiOiIxIiwiaWQiOiIxIn0.DRl6cB30UOf6APWntdig4TTQOyG0e0G1vHMXHQlyah8")a  limit 0,1)
2020/11/07 11:18:15.789 [I]  svrport = 0 exec sql %!(EXTRA string=query sql select id from (SELECT id FROM tbl_perms where   f_api ="ContactOuter/create") a LIMIT 0,1)
2020/11/07 11:18:15.791 [I]  svrport = 0 /api/ContactOuter/create?customid=0传入参数：%!(EXTRA string={"f_no":"0001","f_name":"宝安壹方城A栋302","f_movephone":"138368975420","f_company":"壹方品牌服饰","f_email":"www.sfsfds@qq.com","f_address":"深圳市宝安区壹方城A栋302室","f_order":"1","f_create_user":"1","f_note":""})
2020/11/07 11:18:15.793 [I]  svrport = 0 exec sql %!(EXTRA string=query sql select f_no from (select f_no from tbl_basic where f_customid =0  and f_type=5 and f_flag=0 and f_customid=0 and f_no ="0001") a LIMIT 0,1)
2020/11/07 11:18:15.795 [I]  svrport = 0 query sql %!(EXTRA string=query sql select f_no from (select f_no from tbl_basic where f_customid =0  and f_type=5 and f_flag=0 and f_customid=0 and f_no ="0001") a LIMIT 0,1)
2020/11/07 11:18:15.795 [I]  svrport = 0 exec sql %!(EXTRA string=query sql select f_name from (select f_name from tbl_basic where f_customid =0  and f_type=5 and f_flag=0 and f_customid=0 and f_name ="宝安壹方城A栋302") a LIMIT 0,1)
2020/11/07 11:18:15.795 [I]  svrport = 0 query sql %!(EXTRA string=query sql select f_name from (select f_name from tbl_basic where f_customid =0  and f_type=5 and f_flag=0 and f_customid=0 and f_name ="宝安壹方城A栋302") a LIMIT 0,1)
2020/11/07 11:18:15.799 [I]  svrport = 0 exec sql %!(EXTRA string=exec sql  insert into tbl_Basic set f_create_user= "1",f_no= "0001",f_address= "深圳市宝安区壹方城A栋302室",f_order= "1",f_create_time= "2020-11-07 11:18:15",f_flag= "0",f_company= "壹方品牌服饰",f_note= "",f_email= "www.sfsfds@qq.com",f_status= "1",f_type= "5",f_customid= "0",f_movephone= "138368975420",f_name= "宝安壹方城A栋302")
2020/11/07 11:22:29.949 [I]  接口访问 appid=0; 接口 =/api/ContactOuter/update; %!(EXTRA string=params = /api/ContactOuter/update?customid=0; body = {"f_address":"深圳市宝安区壹方城A栋302室","f_company":"壹方品牌服饰","f_email":"www.sfsfds@qq.com","f_movephone":"138368975420","f_name":"宝安壹方城A栋303","f_no":"0001","f_note":"","f_order":"1","f_update_user":"1","id":"202"})
2020/11/07 11:22:29.951 [I]  svrport = 0 exec sql %!(EXTRA string=exec sql  SELECT *FROM (SELECT * FROM tbl_token WHERE f_customid =0 and  f_token ="eyJhbGciOiJIUzI1NiIsInR5cCI6IkpXVCJ9.eyJleHBpcmVfdGltZSI6IjIwMjAtMTEtMDQiLCJmX2ZsYWciOiIwIiwiZl9uYW1lIjoi6LaF57qn566h55CG5ZGYIiwiZl9ubyI6ImFkbWluIiwiZl9wYXNzd29yZCI6IjEyMzQiLCJmX3JvbGVpZCI6Ii0xIiwiZl9zdGF0dXMiOiIxIiwiaWQiOiIxIn0.RF-n8LZ5yXvBYD6kWuPny6PPf53g5FRCdNhdg1iJ6A4")a  limit 0,1)
2020/11/07 11:22:44.221 [I]  接口访问 appid=0; 接口 =/api/ContactOuter/update; %!(EXTRA string=params = /api/ContactOuter/update?customid=0; body = {"f_address":"深圳市宝安区壹方城A栋302室","f_company":"壹方品牌服饰","f_email":"www.sfsfds@qq.com","f_movephone":"138368975420","f_name":"宝安壹方城A栋303","f_no":"0001","f_note":"","f_order":"1","f_update_user":"1","id":"202"})
2020/11/07 11:22:44.223 [I]  svrport = 0 exec sql %!(EXTRA string=exec sql  SELECT *FROM (SELECT * FROM tbl_token WHERE f_customid =0 and  f_token ="eyJhbGciOiJIUzI1NiIsInR5cCI6IkpXVCJ9.eyJleHBpcmVfdGltZSI6IjIwMjAtMTEtMDciLCJmX2ZsYWciOiIwIiwiZl9uYW1lIjoi6LaF57qn566h55CG5ZGYIiwiZl9ubyI6ImFkbWluIiwiZl9wYXNzd29yZCI6IjEyMzQiLCJmX3JvbGVpZCI6Ii0xIiwiZl9zdGF0dXMiOiIxIiwiaWQiOiIxIn0.DRl6cB30UOf6APWntdig4TTQOyG0e0G1vHMXHQlyah8")a  limit 0,1)
2020/11/07 11:22:44.226 [I]  svrport = 0 exec sql %!(EXTRA string=query sql select id from (SELECT id FROM tbl_perms where   f_api ="ContactOuter/update") a LIMIT 0,1)
2020/11/07 11:22:44.228 [I]  svrport = 0 /api/ContactOuter/update?customid=0传入参数：%!(EXTRA string={"id":"202","f_no":"0001","f_name":"宝安壹方城A栋303","f_movephone":"138368975420","f_company":"壹方品牌服饰","f_email":"www.sfsfds@qq.com","f_address":"深圳市宝安区壹方城A栋302室","f_order":"1","f_update_user":"1","f_note":""})
2020/11/07 11:22:44.230 [I]  svrport = 0 exec sql %!(EXTRA string=query sql select f_no from (select f_no from tbl_basic where f_customid =0  and id<>202 and f_type=5 and f_flag=0 and f_customid=0 and f_no ="0001") a LIMIT 0,1)
2020/11/07 11:22:44.232 [I]  svrport = 0 query sql %!(EXTRA string=query sql select f_no from (select f_no from tbl_basic where f_customid =0  and id<>202 and f_type=5 and f_flag=0 and f_customid=0 and f_no ="0001") a LIMIT 0,1)
2020/11/07 11:22:44.232 [I]  svrport = 0 exec sql %!(EXTRA string=query sql select f_name from (select f_name from tbl_basic where f_customid =0  and id<>202 and f_type=5 and f_flag=0 and f_customid=0 and f_name ="宝安壹方城A栋303") a LIMIT 0,1)
2020/11/07 11:22:44.233 [I]  svrport = 0 query sql %!(EXTRA string=query sql select f_name from (select f_name from tbl_basic where f_customid =0  and id<>202 and f_type=5 and f_flag=0 and f_customid=0 and f_name ="宝安壹方城A栋303") a LIMIT 0,1)
2020/11/07 11:22:44.234 [I]  svrport = 0 exec sql %!(EXTRA string=exec sql  update tbl_Basic set f_company= "壹方品牌服饰",f_email= "www.sfsfds@qq.com",f_address= "深圳市宝安区壹方城A栋302室",f_order= "1",f_update_user= "1",f_note= "",f_movephone= "138368975420",f_update_time= "2020-11-07 11:22:44",f_no= "0001",f_name= "宝安壹方城A栋303" where id =202)
2020/11/07 11:22:44.235 [I]  svrport = 0 exec sql %!(EXTRA string=exec sql  update tbl_Basic set f_company= "壹方品牌服饰",f_email= "www.sfsfds@qq.com",f_address= "深圳市宝安区壹方城A栋302室",f_order= "1",f_update_user= "1",f_note= "",f_movephone= "138368975420",f_update_time= "2020-11-07 11:22:44",f_no= "0001",f_name= "宝安壹方城A栋303" where id =202)
2020/11/07 11:23:35.905 [I]  接口访问 appid=0; 接口 =/api/ContactOuter/browse; %!(EXTRA string=params = /api/ContactOuter/browse?customid=0&userid=1; body = null)
2020/11/07 11:23:35.907 [I]  svrport = 0 exec sql %!(EXTRA string=query sql  CALL msp_Basic_Query(0,5,1,0,,,'',' order by a.id ') )
2020/11/07 11:23:35.908 [I]  svrport = 0 query sql %!(EXTRA string=query sql  CALL msp_Basic_Query(0,5,1,0,,,'',' order by a.id ') )
2020/11/07 11:24:34.023 [I]  接口访问 appid=0; 接口 =/api/ContactOuter/browse; %!(EXTRA string=params = /api/ContactOuter/browse?customid=0&curPage=1&&pageSize=20&&userid=1; body = null)
2020/11/07 11:24:34.025 [I]  svrport = 0 exec sql %!(EXTRA string=query sql  CALL msp_Basic_Query(0,5,1,0,1,20,'',' order by a.id ') )
2020/11/07 11:24:34.429 [I]  svrport = 0 exec sql %!(EXTRA string=exec sql  CALL msp_Basic_Query(1,5,1,0,1,20,'',' order by a.id ') )
2020/11/07 11:27:18.790 [I]  接口访问 appid=0; 接口 =/api/ContactOuter/stop; %!(EXTRA string=params = /api/ContactOuter/stop?customid=0; body = {"f_status":"0","f_update_user":"1","id":"202"})
2020/11/07 11:27:18.793 [I]  svrport = 0 exec sql %!(EXTRA string=exec sql  SELECT *FROM (SELECT * FROM tbl_token WHERE f_customid =0 and  f_token ="eyJhbGciOiJIUzI1NiIsInR5cCI6IkpXVCJ9.eyJleHBpcmVfdGltZSI6IjIwMjAtMTEtMDciLCJmX2ZsYWciOiIwIiwiZl9uYW1lIjoi6LaF57qn566h55CG5ZGYIiwiZl9ubyI6ImFkbWluIiwiZl9wYXNzd29yZCI6IjEyMzQiLCJmX3JvbGVpZCI6Ii0xIiwiZl9zdGF0dXMiOiIxIiwiaWQiOiIxIn0.DRl6cB30UOf6APWntdig4TTQOyG0e0G1vHMXHQlyah8")a  limit 0,1)
2020/11/07 11:27:18.795 [I]  svrport = 0 exec sql %!(EXTRA string=query sql select id from (SELECT id FROM tbl_perms where   f_api ="ContactOuter/stop") a LIMIT 0,1)
2020/11/07 11:27:23.658 [I]  接口访问 appid=0; 接口 =/api/ContactOuter/stop; %!(EXTRA string=params = /api/ContactOuter/stop?customid=0; body = {"f_status":"0","f_update_user":"1","id":"202"})
2020/11/07 11:27:23.660 [I]  svrport = 0 exec sql %!(EXTRA string=exec sql  SELECT *FROM (SELECT * FROM tbl_token WHERE f_customid =0 and  f_token ="eyJhbGciOiJIUzI1NiIsInR5cCI6IkpXVCJ9.eyJleHBpcmVfdGltZSI6IjIwMjAtMTEtMDciLCJmX2ZsYWciOiIwIiwiZl9uYW1lIjoi6LaF57qn566h55CG5ZGYIiwiZl9ubyI6ImFkbWluIiwiZl9wYXNzd29yZCI6IjEyMzQiLCJmX3JvbGVpZCI6Ii0xIiwiZl9zdGF0dXMiOiIxIiwiaWQiOiIxIn0.DRl6cB30UOf6APWntdig4TTQOyG0e0G1vHMXHQlyah8")a  limit 0,1)
2020/11/07 11:27:23.662 [I]  svrport = 0 exec sql %!(EXTRA string=query sql select id from (SELECT id FROM tbl_perms where   f_api ="ContactOuter/stop") a LIMIT 0,1)
2020/11/07 11:27:54.639 [I]  接口访问 appid=0; 接口 =/api/ContactOuter/stop; %!(EXTRA string=params = /api/ContactOuter/stop?customid=0; body = {"f_status":"0","f_update_user":"1","id":"202"})
2020/11/07 11:27:54.648 [I]  svrport = 0 exec sql %!(EXTRA string=exec sql  SELECT *FROM (SELECT * FROM tbl_token WHERE f_customid =0 and  f_token ="eyJhbGciOiJIUzI1NiIsInR5cCI6IkpXVCJ9.eyJleHBpcmVfdGltZSI6IjIwMjAtMTEtMDciLCJmX2ZsYWciOiIwIiwiZl9uYW1lIjoi6LaF57qn566h55CG5ZGYIiwiZl9ubyI6ImFkbWluIiwiZl9wYXNzd29yZCI6IjEyMzQiLCJmX3JvbGVpZCI6Ii0xIiwiZl9zdGF0dXMiOiIxIiwiaWQiOiIxIn0.DRl6cB30UOf6APWntdig4TTQOyG0e0G1vHMXHQlyah8")a  limit 0,1)
2020/11/07 11:27:54.650 [I]  svrport = 0 exec sql %!(EXTRA string=query sql select id from (SELECT id FROM tbl_perms where   f_api ="ContactOuter/stop") a LIMIT 0,1)
2020/11/07 11:27:54.651 [I]  svrport = 0 /api/ContactOuter/stop?customid=0传入参数：%!(EXTRA string={"id":"202","f_status":"0","f_update_user":"1"})
2020/11/07 11:27:54.653 [I]  svrport = 0 exec sql %!(EXTRA string=exec sql update tbl_Basic set f_status = 0,f_update_time= "2020-11-07 11:27:54",f_update_user= "1" where id = 202 )
2020/11/07 11:28:39.793 [I]  接口访问 appid=0; 接口 =/api/ContactOuter/stop; %!(EXTRA string=params = /api/ContactOuter/stop?customid=0; body = {"f_status":"0","f_update_user":"1","id":"202"})
2020/11/07 11:28:39.825 [I]  svrport = 0 exec sql %!(EXTRA string=exec sql  SELECT *FROM (SELECT * FROM tbl_token WHERE f_customid =0 and  f_token ="eyJhbGciOiJIUzI1NiIsInR5cCI6IkpXVCJ9.eyJleHBpcmVfdGltZSI6IjIwMjAtMTEtMDciLCJmX2ZsYWciOiIwIiwiZl9uYW1lIjoi6LaF57qn566h55CG5ZGYIiwiZl9ubyI6ImFkbWluIiwiZl9wYXNzd29yZCI6IjEyMzQiLCJmX3JvbGVpZCI6Ii0xIiwiZl9zdGF0dXMiOiIxIiwiaWQiOiIxIn0.DRl6cB30UOf6APWntdig4TTQOyG0e0G1vHMXHQlyah8")a  limit 0,1)
2020/11/07 11:28:39.827 [I]  svrport = 0 exec sql %!(EXTRA string=query sql select id from (SELECT id FROM tbl_perms where   f_api ="ContactOuter/stop") a LIMIT 0,1)
2020/11/07 11:28:39.828 [I]  svrport = 0 /api/ContactOuter/stop?customid=0传入参数：%!(EXTRA string={"id":"202","f_status":"0","f_update_user":"1"})
2020/11/07 11:28:39.830 [I]  svrport = 0 exec sql %!(EXTRA string=exec sql update tbl_Basic set f_status = 0,f_update_time= "2020-11-07 11:28:39",f_update_user= "1" where id = 202 )
2020/11/07 11:30:03.009 [I]  接口访问 appid=0; 接口 =/api/ContactOuter/delete; %!(EXTRA string=params = /api/ContactOuter/delete?customid=0; body = {"f_delete_user":"1","id":"202"})
2020/11/07 11:30:03.011 [I]  svrport = 0 exec sql %!(EXTRA string=exec sql  SELECT *FROM (SELECT * FROM tbl_token WHERE f_customid =0 and  f_token ="eyJhbGciOiJIUzI1NiIsInR5cCI6IkpXVCJ9.eyJleHBpcmVfdGltZSI6IjIwMjAtMTEtMDciLCJmX2ZsYWciOiIwIiwiZl9uYW1lIjoi6LaF57qn566h55CG5ZGYIiwiZl9ubyI6ImFkbWluIiwiZl9wYXNzd29yZCI6IjEyMzQiLCJmX3JvbGVpZCI6Ii0xIiwiZl9zdGF0dXMiOiIxIiwiaWQiOiIxIn0.DRl6cB30UOf6APWntdig4TTQOyG0e0G1vHMXHQlyah8")a  limit 0,1)
2020/11/07 11:30:03.013 [I]  svrport = 0 exec sql %!(EXTRA string=query sql select id from (SELECT id FROM tbl_perms where   f_api ="ContactOuter/delete") a LIMIT 0,1)
2020/11/07 11:30:03.014 [I]  svrport = 0 /api/ContactOuter/delete?customid=0传入参数：%!(EXTRA string={"id":"202","f_delete_user":"1"})
2020/11/07 11:30:03.016 [I]  svrport = 0 exec sql %!(EXTRA string=exec sql update tbl_Basic set f_flag = 1,f_delete_time= "2020-11-07 11:30:03",f_delete_user= "1" where id = 202 )
2020/11/07 11:30:38.052 [I]  接口访问 appid=0; 接口 =/api/ContactOuter/browse; %!(EXTRA string=params = /api/ContactOuter/browse?customid=0&curPage=1&pageSize=20&userid=1; body = null)
2020/11/07 11:30:38.054 [I]  svrport = 0 exec sql %!(EXTRA string=query sql  CALL msp_Basic_Query(0,5,1,0,1,20,'',' order by a.id ') )
2020/11/07 11:30:38.060 [I]  svrport = 0 exec sql %!(EXTRA string=exec sql  CALL msp_Basic_Query(1,5,1,0,1,20,'',' order by a.id ') )
2020/11/07 17:16:21.727 [I]  接口访问 appid=0; 接口 =/api/Role/RoleDeptbrowse; %!(EXTRA string=params = /api/Role/RoleDeptbrowse?customid=0&userid=1&roleid=-1; body = null)
2020/11/07 17:16:42.123 [I]  接口访问 appid=0; 接口 =/api/Role/RoleDeptbrowse; %!(EXTRA string=params = /api/Role/RoleDeptbrowse?customid=0&userid=1&roleid=-1; body = null)
