2020/11/17 15:55:09.993 [I]  接口访问 appid=0; 接口 =/api/User/UserLogin; %!(EXTRA string=params = /api/User/UserLogin?customid=0; body = {"password":"1234","userno":"admin"})
2020/11/17 15:55:10.001 [I]  svrport = 0 exec sql %!(EXTRA string=exec sql select  a.*,b.f_name as f_deptname from tbl_user a  left join tbl_dept b on a.f_deptno = b.id where a.f_no =admin)
2020/11/17 15:55:10.202 [I]  svrport = 0 exec sql %!(EXTRA string=query sql select sdate from (SELECT  DATE_FORMAT(f_expire_time,'%Y-%m-%d')  as sdate FROM tbl_token WHERE f_customid = 0 and f_userid =1) a LIMIT 0,1)
2020/11/17 15:55:10.297 [I]  svrport = 0 exec sql %!(EXTRA string=query sql select f_token from (SELECT f_token FROM tbl_token WHERE f_userid = 1) a LIMIT 0,1)
2020/11/17 15:59:02.819 [I]  接口访问 appid=0; 接口 =/api/AssetsLendIn/create; %!(EXTRA string=params = /api/AssetsLendIn/create?customid=0; body = {"f_IN_Deptid":"51","f_Out_Deptid":"6","f_create_user":"1","f_date":"2020-11-08","f_deptid":"1","f_note":"","f_type":"0","splist":[{"f_custody_deptid":"-1","f_custody_userid":"1","f_note":"","f_postion":"95","f_price":"100","f_qty":"1","f_spid":"19"}]})
2020/11/17 15:59:02.824 [I]  svrport = 0 exec sql %!(EXTRA string=exec sql  SELECT *FROM (SELECT * FROM tbl_token WHERE f_customid =0 and  f_token ="eyJhbGciOiJIUzI1NiIsInR5cCI6IkpXVCJ9.eyJleHBpcmVfdGltZSI6IjIwMjAtMTEtMTciLCJmX2ZsYWciOiIwIiwiZl9uYW1lIjoi6LaF57qn566h55CG5ZGYIiwiZl9ubyI6ImFkbWluIiwiZl9wYXNzd29yZCI6IjEyMzQiLCJmX3JvbGVpZCI6Ii0xIiwiZl9zdGF0dXMiOiIxIiwiaWQiOiIxIn0.jAQd2yjK81I1SZEz6oq2Ldp3tCFr4QhhBFaHC6oAwYs")a  limit 0,1)
2020/11/17 15:59:02.826 [I]  svrport = 0 exec sql %!(EXTRA string=query sql select id from (SELECT id FROM tbl_perms where   f_api ="AssetsLendIn/create") a LIMIT 0,1)
2020/11/17 15:59:02.857 [I]  svrport = 0 /api/AssetsLendIn/create?customid=0传入参数：%!(EXTRA string={"f_type":"0","f_deptid":"1","f_Out_Deptid":"6","f_IN_Deptid":"51","f_date":"2020-11-08","f_note":"","f_create_user":"1","splist":[{"f_spid":"19","f_qty":"1","f_price":"100","f_custody_deptid":"-1","f_custody_userid":"1","f_postion":"95","f_note":""}]})
2020/11/17 15:59:02.863 [I]  svrport = 0 exec sql %!(EXTRA string=query sql  CALL Msp_Get_Serno (0,'tbl_lend_in_main','f_serno','JYGH') )
2020/11/17 15:59:03.020 [I]  svrport = 0 exec sql %!(EXTRA string=exec sql  insert into tbl_lend_in_main set f_accountid= "1",f_audit= "0",f_R_In_people= "",f_R_PID= "-1",f_serno= "JYGH202011170001",f_status= "0",f_R_Out_people= "-1",f_customid= "0",f_create_user= "1",f_R_date= "",f_flag= "0",f_deptid= "1",f_create_time= "2020-11-17 15:59:03",f_type= "0",f_note= "")
2020/11/17 15:59:03.024 [I]  svrport = 0 /api/AssetsLendIn/create?customid=0%!(EXTRA string=新增失败，插入失败：Error 1366: Incorrect integer value: '' for column 'f_R_In_people' at row 1)
2020/11/17 15:59:24.915 [I]  接口访问 appid=0; 接口 =/api/AssetsAllot/create; %!(EXTRA string=params = /api/AssetsAllot/create?customid=0; body = {"f_IN_Deptid":"51","f_Out_Deptid":"6","f_create_user":"1","f_date":"2020-11-08","f_deptid":"1","f_note":"","f_type":"0","splist":[{"f_custody_deptid":"-1","f_custody_userid":"1","f_note":"","f_postion":"95","f_price":"100","f_qty":"1","f_spid":"19"}]})
2020/11/17 15:59:24.917 [I]  svrport = 0 exec sql %!(EXTRA string=exec sql  SELECT *FROM (SELECT * FROM tbl_token WHERE f_customid =0 and  f_token ="eyJhbGciOiJIUzI1NiIsInR5cCI6IkpXVCJ9.eyJleHBpcmVfdGltZSI6IjIwMjAtMTEtMTciLCJmX2ZsYWciOiIwIiwiZl9uYW1lIjoi6LaF57qn566h55CG5ZGYIiwiZl9ubyI6ImFkbWluIiwiZl9wYXNzd29yZCI6IjEyMzQiLCJmX3JvbGVpZCI6Ii0xIiwiZl9zdGF0dXMiOiIxIiwiaWQiOiIxIn0.jAQd2yjK81I1SZEz6oq2Ldp3tCFr4QhhBFaHC6oAwYs")a  limit 0,1)
2020/11/17 15:59:24.920 [I]  svrport = 0 exec sql %!(EXTRA string=query sql select id from (SELECT id FROM tbl_perms where   f_api ="AssetsAllot/create") a LIMIT 0,1)
2020/11/17 15:59:24.922 [I]  svrport = 0 /api/AssetsAllot/create?customid=0传入参数：%!(EXTRA string={"f_type":"0","f_deptid":"1","f_Out_Deptid":"6","f_IN_Deptid":"51","f_date":"2020-11-08","f_note":"","f_create_user":"1","splist":[{"f_spid":"19","f_qty":"1","f_price":"100","f_custody_deptid":"-1","f_custody_userid":"1","f_postion":"95","f_note":""}]})
2020/11/17 15:59:24.924 [I]  svrport = 0 exec sql %!(EXTRA string=query sql  CALL Msp_Get_Serno (0,'tbl_db_main','f_serno','DB') )
2020/11/17 15:59:24.936 [I]  svrport = 0 exec sql %!(EXTRA string=exec sql  insert into tbl_db_main set f_note= "",f_create_time= "2020-11-17 15:59:24",f_customid= "0",f_accountid= "1",f_deptid= "1",f_Out_Deptid= "6",f_IN_Deptid= "51",f_date= "2020-11-08",f_type= "0",f_create_user= "1",f_serno= "DB202011170001",f_flag= "0")
2020/11/17 15:59:24.941 [I]  svrport = 0 /api/AssetsAllot/create?customid=0%!(EXTRA string=新增失败，插入失败：Error 1364: Field 'f_status' doesn't have a default value)
2020/11/17 16:00:10.628 [I]  接口访问 appid=0; 接口 =/api/AssetsAllot/create; %!(EXTRA string=params = /api/AssetsAllot/create?customid=0; body = {"f_IN_Deptid":"51","f_Out_Deptid":"6","f_create_user":"1","f_date":"2020-11-08","f_deptid":"1","f_note":"","f_status":"0","f_type":"0","splist":[{"f_custody_deptid":"-1","f_custody_userid":"1","f_note":"","f_postion":"95","f_price":"100","f_qty":"1","f_spid":"19"}]})
2020/11/17 16:00:10.630 [I]  svrport = 0 exec sql %!(EXTRA string=exec sql  SELECT *FROM (SELECT * FROM tbl_token WHERE f_customid =0 and  f_token ="eyJhbGciOiJIUzI1NiIsInR5cCI6IkpXVCJ9.eyJleHBpcmVfdGltZSI6IjIwMjAtMTEtMTciLCJmX2ZsYWciOiIwIiwiZl9uYW1lIjoi6LaF57qn566h55CG5ZGYIiwiZl9ubyI6ImFkbWluIiwiZl9wYXNzd29yZCI6IjEyMzQiLCJmX3JvbGVpZCI6Ii0xIiwiZl9zdGF0dXMiOiIxIiwiaWQiOiIxIn0.jAQd2yjK81I1SZEz6oq2Ldp3tCFr4QhhBFaHC6oAwYs")a  limit 0,1)
2020/11/17 16:00:10.632 [I]  svrport = 0 exec sql %!(EXTRA string=query sql select id from (SELECT id FROM tbl_perms where   f_api ="AssetsAllot/create") a LIMIT 0,1)
2020/11/17 16:00:10.635 [I]  svrport = 0 /api/AssetsAllot/create?customid=0传入参数：%!(EXTRA string={"f_status":"0","f_type":"0","f_deptid":"1","f_Out_Deptid":"6","f_IN_Deptid":"51","f_date":"2020-11-08","f_note":"","f_create_user":"1","splist":[{"f_spid":"19","f_qty":"1","f_price":"100","f_custody_deptid":"-1","f_custody_userid":"1","f_postion":"95","f_note":""}]})
2020/11/17 16:00:10.636 [I]  svrport = 0 exec sql %!(EXTRA string=query sql  CALL Msp_Get_Serno (0,'tbl_db_main','f_serno','DB') )
2020/11/17 16:00:10.646 [I]  svrport = 0 exec sql %!(EXTRA string=exec sql  insert into tbl_db_main set f_create_user= "1",f_deptid= "1",f_Out_Deptid= "6",f_customid= "0",f_accountid= "1",f_serno= "DB202011170001",f_note= "",f_create_time= "2020-11-17 16:00:10",f_flag= "0",f_type= "0",f_date= "2020-11-08",f_IN_Deptid= "51")
2020/11/17 16:00:10.649 [I]  svrport = 0 /api/AssetsAllot/create?customid=0%!(EXTRA string=新增失败，插入失败：Error 1364: Field 'f_status' doesn't have a default value)
2020/11/17 16:00:48.934 [I]  接口访问 appid=0; 接口 =/api/AssetsAllot/create; %!(EXTRA string=params = /api/AssetsAllot/create?customid=0; body = {"f_IN_Deptid":"51","f_Out_Deptid":"6","f_create_user":"1","f_date":"2020-11-08","f_deptid":"1","f_note":"","f_status":"0","f_type":"0","splist":[{"f_custody_deptid":"-1","f_custody_userid":"1","f_note":"","f_postion":"95","f_price":"100","f_qty":"1","f_spid":"19"}]})
2020/11/17 16:00:48.944 [I]  svrport = 0 exec sql %!(EXTRA string=exec sql  SELECT *FROM (SELECT * FROM tbl_token WHERE f_customid =0 and  f_token ="eyJhbGciOiJIUzI1NiIsInR5cCI6IkpXVCJ9.eyJleHBpcmVfdGltZSI6IjIwMjAtMTEtMTciLCJmX2ZsYWciOiIwIiwiZl9uYW1lIjoi6LaF57qn566h55CG5ZGYIiwiZl9ubyI6ImFkbWluIiwiZl9wYXNzd29yZCI6IjEyMzQiLCJmX3JvbGVpZCI6Ii0xIiwiZl9zdGF0dXMiOiIxIiwiaWQiOiIxIn0.jAQd2yjK81I1SZEz6oq2Ldp3tCFr4QhhBFaHC6oAwYs")a  limit 0,1)
2020/11/17 16:00:48.945 [I]  svrport = 0 exec sql %!(EXTRA string=query sql select id from (SELECT id FROM tbl_perms where   f_api ="AssetsAllot/create") a LIMIT 0,1)
2020/11/17 16:00:48.946 [I]  svrport = 0 /api/AssetsAllot/create?customid=0传入参数：%!(EXTRA string={"f_status":"0","f_type":"0","f_deptid":"1","f_Out_Deptid":"6","f_IN_Deptid":"51","f_date":"2020-11-08","f_note":"","f_create_user":"1","splist":[{"f_spid":"19","f_qty":"1","f_price":"100","f_custody_deptid":"-1","f_custody_userid":"1","f_postion":"95","f_note":""}]})
2020/11/17 16:00:48.948 [I]  svrport = 0 exec sql %!(EXTRA string=query sql  CALL Msp_Get_Serno (0,'tbl_db_main','f_serno','DB') )
2020/11/17 16:00:48.956 [I]  svrport = 0 exec sql %!(EXTRA string=exec sql  insert into tbl_db_main set f_accountid= "1",f_type= "0",f_date= "2020-11-08",f_note= "",f_flag= "0",f_serno= "DB202011170001",f_create_time= "2020-11-17 16:00:48",f_create_user= "1",f_customid= "0",f_status= "0",f_deptid= "1",f_Out_Deptid= "6",f_IN_Deptid= "51")
2020/11/17 16:00:49.004 [I]  svrport = 0 exec sql %!(EXTRA string=exec sql  INSERT INTO tbl_db_detail(f_mid,f_spid,f_qty,f_price,f_total,f_Out_Deptid,f_custody_deptid, 							    f_custody_userid,f_postion,f_note,f_create_user,f_create_time,f_customid )  values(1,19,1,100,100,-1,1,95,,1,0,now(),?) )
2020/11/17 16:00:49.004 [I]  svrport = 0 exec sql %!(EXTRA string=exec sql  INSERT INTO tbl_db_detail(f_mid,f_spid,f_qty,f_price,f_total,f_Out_Deptid,f_custody_deptid, 							    f_custody_userid,f_postion,f_note,f_create_user,f_create_time,f_customid )  values(1,19,1,100,100,-1,1,95,,1,0,now(),?) )
2020/11/17 16:00:49.039 [I]  svrport = 0 /api/AssetsAllot/create?customid=0%!(EXTRA string=新增失败，sql: expected 12 arguments, got 11)
2020/11/17 16:03:39.961 [I]  接口访问 appid=0; 接口 =/api/AssetsAllot/create; %!(EXTRA string=params = /api/AssetsAllot/create?customid=0; body = {"f_IN_Deptid":"51","f_Out_Deptid":"6","f_create_user":"1","f_date":"2020-11-08","f_deptid":"1","f_note":"","f_status":"0","f_type":"0","splist":[{"f_Out_Deptid":"8","f_custody_deptid":"-1","f_custody_userid":"1","f_note":"","f_postion":"95","f_price":"100","f_qty":"1","f_spid":"19"}]})
2020/11/17 16:03:39.963 [I]  svrport = 0 exec sql %!(EXTRA string=exec sql  SELECT *FROM (SELECT * FROM tbl_token WHERE f_customid =0 and  f_token ="eyJhbGciOiJIUzI1NiIsInR5cCI6IkpXVCJ9.eyJleHBpcmVfdGltZSI6IjIwMjAtMTEtMTciLCJmX2ZsYWciOiIwIiwiZl9uYW1lIjoi6LaF57qn566h55CG5ZGYIiwiZl9ubyI6ImFkbWluIiwiZl9wYXNzd29yZCI6IjEyMzQiLCJmX3JvbGVpZCI6Ii0xIiwiZl9zdGF0dXMiOiIxIiwiaWQiOiIxIn0.jAQd2yjK81I1SZEz6oq2Ldp3tCFr4QhhBFaHC6oAwYs")a  limit 0,1)
2020/11/17 16:03:39.965 [I]  svrport = 0 exec sql %!(EXTRA string=query sql select id from (SELECT id FROM tbl_perms where   f_api ="AssetsAllot/create") a LIMIT 0,1)
2020/11/17 16:03:39.966 [I]  svrport = 0 /api/AssetsAllot/create?customid=0传入参数：%!(EXTRA string= {"f_status":"0","f_type":"0","f_deptid":"1","f_Out_Deptid":"6","f_IN_Deptid":"51","f_date":"2020-11-08","f_note":"","f_create_user":"1","splist":[{"f_spid":"19","f_qty":"1","f_price":"100","f_Out_Deptid":"8","f_custody_deptid":"-1","f_custody_userid":"1","f_postion":"95","f_note":""}]})
2020/11/17 16:03:39.967 [I]  svrport = 0 exec sql %!(EXTRA string=query sql  CALL Msp_Get_Serno (0,'tbl_db_main','f_serno','DB') )
2020/11/17 16:03:39.974 [I]  svrport = 0 exec sql %!(EXTRA string=exec sql  insert into tbl_db_main set f_IN_Deptid= "51",f_create_user= "1",f_flag= "0",f_create_time= "2020-11-17 16:03:39",f_accountid= "1",f_status= "0",f_deptid= "1",f_date= "2020-11-08",f_serno= "DB202011170001",f_type= "0",f_note= "",f_customid= "0",f_Out_Deptid= "6")
2020/11/17 16:03:39.974 [I]  svrport = 0 exec sql %!(EXTRA string=exec sql  INSERT INTO tbl_db_detail(f_mid,f_spid,f_qty,f_price,f_total,f_Out_Deptid,f_custody_deptid, 							    f_custody_userid,f_postion,f_note,f_create_user,f_create_time,f_customid )  values(2,19,1,100,100,-1,1,95,,1,0,now(),?) )
2020/11/17 16:03:39.975 [I]  svrport = 0 exec sql %!(EXTRA string=exec sql  INSERT INTO tbl_db_detail(f_mid,f_spid,f_qty,f_price,f_total,f_Out_Deptid,f_custody_deptid, 							    f_custody_userid,f_postion,f_note,f_create_user,f_create_time,f_customid )  values(2,19,1,100,100,-1,1,95,,1,0,now(),?) )
2020/11/17 16:03:39.977 [I]  svrport = 0 /api/AssetsAllot/create?customid=0%!(EXTRA string=新增失败，sql: expected 12 arguments, got 11)
2020/11/17 16:03:52.816 [I]  接口访问 appid=0; 接口 =/api/AssetsAllot/create; %!(EXTRA string=params = /api/AssetsAllot/create?customid=0; body = {"f_IN_Deptid":"51","f_Out_Deptid":"6","f_create_user":"1","f_date":"2020-11-08","f_deptid":"1","f_note":"","f_status":"0","f_type":"0","splist":[{"f_Out_Deptid":"8","f_custody_deptid":"-1","f_custody_userid":"1","f_note":"","f_postion":"95","f_price":"100","f_qty":"1","f_spid":"19"}]})
2020/11/17 16:03:52.824 [I]  svrport = 0 exec sql %!(EXTRA string=exec sql  SELECT *FROM (SELECT * FROM tbl_token WHERE f_customid =0 and  f_token ="eyJhbGciOiJIUzI1NiIsInR5cCI6IkpXVCJ9.eyJleHBpcmVfdGltZSI6IjIwMjAtMTEtMTciLCJmX2ZsYWciOiIwIiwiZl9uYW1lIjoi6LaF57qn566h55CG5ZGYIiwiZl9ubyI6ImFkbWluIiwiZl9wYXNzd29yZCI6IjEyMzQiLCJmX3JvbGVpZCI6Ii0xIiwiZl9zdGF0dXMiOiIxIiwiaWQiOiIxIn0.jAQd2yjK81I1SZEz6oq2Ldp3tCFr4QhhBFaHC6oAwYs")a  limit 0,1)
2020/11/17 16:03:52.826 [I]  svrport = 0 exec sql %!(EXTRA string=query sql select id from (SELECT id FROM tbl_perms where   f_api ="AssetsAllot/create") a LIMIT 0,1)
2020/11/17 16:03:52.827 [I]  svrport = 0 /api/AssetsAllot/create?customid=0传入参数：%!(EXTRA string= {"f_status":"0","f_type":"0","f_deptid":"1","f_Out_Deptid":"6","f_IN_Deptid":"51","f_date":"2020-11-08","f_note":"","f_create_user":"1","splist":[{"f_spid":"19","f_qty":"1","f_price":"100","f_Out_Deptid":"8","f_custody_deptid":"-1","f_custody_userid":"1","f_postion":"95","f_note":""}]})
2020/11/17 16:03:52.829 [I]  svrport = 0 exec sql %!(EXTRA string=query sql  CALL Msp_Get_Serno (0,'tbl_db_main','f_serno','DB') )
2020/11/17 16:03:52.837 [I]  svrport = 0 exec sql %!(EXTRA string=exec sql  insert into tbl_db_main set f_create_user= "1",f_date= "2020-11-08",f_note= "",f_serno= "DB202011170001",f_IN_Deptid= "51",f_status= "0",f_type= "0",f_Out_Deptid= "6",f_create_time= "2020-11-17 16:03:52",f_customid= "0",f_accountid= "1",f_deptid= "1",f_flag= "0")
2020/11/17 16:03:52.838 [I]  svrport = 0 exec sql %!(EXTRA string=exec sql  INSERT INTO tbl_db_detail(f_mid,f_spid,f_qty,f_price,f_total,f_Out_Deptid,f_custody_deptid, 							    f_custody_userid,f_postion,f_note,f_create_user,f_create_time,f_customid )  values(3,19,1,100,100,8,-1,1,95,,1,now(),0) )
2020/11/17 16:03:52.838 [I]  svrport = 0 exec sql %!(EXTRA string=exec sql  INSERT INTO tbl_db_detail(f_mid,f_spid,f_qty,f_price,f_total,f_Out_Deptid,f_custody_deptid, 							    f_custody_userid,f_postion,f_note,f_create_user,f_create_time,f_customid )  values(3,19,1,100,100,8,-1,1,95,,1,now(),0) )
2020/11/17 16:08:55.541 [I]  接口访问 appid=0; 接口 =/api/AssetsAllot/update; %!(EXTRA string=params = /api/AssetsAllot/update?customid=0; body = {"f_IN_Deptid":"51","f_Out_Deptid":"6","f_date":"2020-11-08","f_deptid":"1","f_note":"","f_serno":"DB202011170001","f_type":"0","f_update_user":"1","id":"3","splist":[{"f_custody_deptid":"-1","f_custody_userid":"1","f_note":"","f_postion":"95","f_price":"100","f_qty":"1","f_spid":"19"}]})
2020/11/17 16:08:55.542 [I]  svrport = 0 exec sql %!(EXTRA string=exec sql  SELECT *FROM (SELECT * FROM tbl_token WHERE f_customid =0 and  f_token ="eyJhbGciOiJIUzI1NiIsInR5cCI6IkpXVCJ9.eyJleHBpcmVfdGltZSI6IjIwMjAtMTEtMTciLCJmX2ZsYWciOiIwIiwiZl9uYW1lIjoi6LaF57qn566h55CG5ZGYIiwiZl9ubyI6ImFkbWluIiwiZl9wYXNzd29yZCI6IjEyMzQiLCJmX3JvbGVpZCI6Ii0xIiwiZl9zdGF0dXMiOiIxIiwiaWQiOiIxIn0.jAQd2yjK81I1SZEz6oq2Ldp3tCFr4QhhBFaHC6oAwYs")a  limit 0,1)
2020/11/17 16:08:55.545 [I]  svrport = 0 exec sql %!(EXTRA string=query sql select id from (SELECT id FROM tbl_perms where   f_api ="AssetsAllot/update") a LIMIT 0,1)
2020/11/17 16:08:55.545 [I]  svrport = 0 /api/AssetsAllot/update?customid=0传入参数：%!(EXTRA string={"id":"3","f_serno":"DB202011170001","f_type":"0","f_deptid":"1","f_Out_Deptid":"6","f_IN_Deptid":"51","f_date":"2020-11-08","f_note":"","f_update_user":"1","splist":[{"f_spid":"19","f_qty":"1","f_price":"100","f_custody_deptid":"-1","f_custody_userid":"1","f_postion":"95","f_note":""}]})
2020/11/17 16:08:55.547 [I]  svrport = 0 exec sql %!(EXTRA string=query sql select f_status from tbl_db_main where id = 3   LIMIT 0,1)
2020/11/17 16:08:55.547 [I]  svrport = 0 exec sql %!(EXTRA string=exec sql  update tbl_db_main set f_update_time= "2020-11-17 16:08:55",f_status= "",f_deptid= "1",f_IN_Deptid= "51",f_date= "2020-11-08",f_note= "",f_update_user= "1",id= "3",f_serno= "DB202011170001",f_type= "0",f_Out_Deptid= "6" where id =3)
2020/11/17 16:08:55.547 [I]  svrport = 0 exec sql %!(EXTRA string=exec sql  update tbl_db_main set f_update_time= "2020-11-17 16:08:55",f_status= "",f_deptid= "1",f_IN_Deptid= "51",f_date= "2020-11-08",f_note= "",f_update_user= "1",id= "3",f_serno= "DB202011170001",f_type= "0",f_Out_Deptid= "6" where id =3)
2020/11/17 16:09:32.371 [I]  接口访问 appid=0; 接口 =/api/AssetsAllot/update; %!(EXTRA string=params = /api/AssetsAllot/update?customid=0; body = {"f_IN_Deptid":"51","f_Out_Deptid":"6","f_date":"2020-11-08","f_deptid":"1","f_note":"","f_serno":"DB202011170001","f_status":"0","f_type":"0","f_update_user":"1","id":"3","splist":[{"f_custody_deptid":"-1","f_custody_userid":"1","f_note":"","f_postion":"95","f_price":"100","f_qty":"1","f_spid":"19"}]})
2020/11/17 16:09:32.373 [I]  svrport = 0 exec sql %!(EXTRA string=exec sql  SELECT *FROM (SELECT * FROM tbl_token WHERE f_customid =0 and  f_token ="eyJhbGciOiJIUzI1NiIsInR5cCI6IkpXVCJ9.eyJleHBpcmVfdGltZSI6IjIwMjAtMTEtMTciLCJmX2ZsYWciOiIwIiwiZl9uYW1lIjoi6LaF57qn566h55CG5ZGYIiwiZl9ubyI6ImFkbWluIiwiZl9wYXNzd29yZCI6IjEyMzQiLCJmX3JvbGVpZCI6Ii0xIiwiZl9zdGF0dXMiOiIxIiwiaWQiOiIxIn0.jAQd2yjK81I1SZEz6oq2Ldp3tCFr4QhhBFaHC6oAwYs")a  limit 0,1)
2020/11/17 16:09:32.375 [I]  svrport = 0 exec sql %!(EXTRA string=query sql select id from (SELECT id FROM tbl_perms where   f_api ="AssetsAllot/update") a LIMIT 0,1)
2020/11/17 16:09:32.376 [I]  svrport = 0 /api/AssetsAllot/update?customid=0传入参数：%!(EXTRA string={"id":"3","f_status":"0","f_serno":"DB202011170001","f_type":"0","f_deptid":"1","f_Out_Deptid":"6","f_IN_Deptid":"51","f_date":"2020-11-08","f_note":"","f_update_user":"1","splist":[{"f_spid":"19","f_qty":"1","f_price":"100","f_custody_deptid":"-1","f_custody_userid":"1","f_postion":"95","f_note":""}]}

)
2020/11/17 16:09:32.377 [I]  svrport = 0 exec sql %!(EXTRA string=query sql select f_status from tbl_db_main where id = 3   LIMIT 0,1)
2020/11/17 16:09:32.379 [I]  svrport = 0 exec sql %!(EXTRA string=exec sql  update tbl_db_main set f_serno= "DB202011170001",f_date= "2020-11-08",f_note= "",f_update_time= "2020-11-17 16:09:32",id= "3",f_status= "0",f_type= "0",f_deptid= "1",f_Out_Deptid= "6",f_IN_Deptid= "51",f_update_user= "1" where id =3)
2020/11/17 16:09:32.379 [I]  svrport = 0 exec sql %!(EXTRA string=exec sql  update tbl_db_main set f_serno= "DB202011170001",f_date= "2020-11-08",f_note= "",f_update_time= "2020-11-17 16:09:32",id= "3",f_status= "0",f_type= "0",f_deptid= "1",f_Out_Deptid= "6",f_IN_Deptid= "51",f_update_user= "1" where id =3)
2020/11/17 16:09:32.379 [I]  svrport = 0 exec sql %!(EXTRA string=exec sql  delete from tbl_db_detail where f_mid =  3)
2020/11/17 16:09:32.380 [I]  svrport = 0 exec sql %!(EXTRA string=exec sql  delete from tbl_db_detail where f_mid =  3)
2020/11/17 16:09:32.380 [I]  svrport = 0 exec sql %!(EXTRA string=exec sql  INSERT INTO tbl_db_detail(f_mid,f_spid,f_qty,f_price,f_total,f_Out_Deptid,f_custody_deptid, 							    f_custody_userid,f_postion,f_note,f_create_user,f_create_time,f_customid )  values(3,19,1,100,100,-1,1,95,,,0,now(),?) )
2020/11/17 16:09:32.380 [I]  svrport = 0 exec sql %!(EXTRA string=exec sql  INSERT INTO tbl_db_detail(f_mid,f_spid,f_qty,f_price,f_total,f_Out_Deptid,f_custody_deptid, 							    f_custody_userid,f_postion,f_note,f_create_user,f_create_time,f_customid )  values(3,19,1,100,100,-1,1,95,,,0,now(),?) )
2020/11/17 16:09:32.422 [I]  svrport = 0 /api/AssetsAllot/update?customid=0%!(EXTRA string=修改失败，sql: expected 12 arguments, got 11)
2020/11/17 16:10:54.795 [I]  接口访问 appid=0; 接口 =/api/AssetsAllot/update; %!(EXTRA string=params = /api/AssetsAllot/update?customid=0; body = {"f_IN_Deptid":"51","f_Out_Deptid":"6","f_date":"2020-11-08","f_deptid":"1","f_note":"","f_serno":"DB202011170001","f_status":"0","f_type":"0","f_update_user":"1","id":"3","splist":[{"f_custody_deptid":"-1","f_custody_userid":"1","f_note":"","f_postion":"95","f_price":"100","f_qty":"1","f_spid":"19"}]})
2020/11/17 16:10:54.802 [I]  svrport = 0 exec sql %!(EXTRA string=exec sql  SELECT *FROM (SELECT * FROM tbl_token WHERE f_customid =0 and  f_token ="eyJhbGciOiJIUzI1NiIsInR5cCI6IkpXVCJ9.eyJleHBpcmVfdGltZSI6IjIwMjAtMTEtMTciLCJmX2ZsYWciOiIwIiwiZl9uYW1lIjoi6LaF57qn566h55CG5ZGYIiwiZl9ubyI6ImFkbWluIiwiZl9wYXNzd29yZCI6IjEyMzQiLCJmX3JvbGVpZCI6Ii0xIiwiZl9zdGF0dXMiOiIxIiwiaWQiOiIxIn0.jAQd2yjK81I1SZEz6oq2Ldp3tCFr4QhhBFaHC6oAwYs")a  limit 0,1)
2020/11/17 16:10:54.805 [I]  svrport = 0 exec sql %!(EXTRA string=query sql select id from (SELECT id FROM tbl_perms where   f_api ="AssetsAllot/update") a LIMIT 0,1)
2020/11/17 16:10:54.806 [I]  svrport = 0 /api/AssetsAllot/update?customid=0传入参数：%!(EXTRA string={"id":"3","f_status":"0","f_serno":"DB202011170001","f_type":"0","f_deptid":"1","f_Out_Deptid":"6","f_IN_Deptid":"51","f_date":"2020-11-08","f_note":"","f_update_user":"1","splist":[{"f_spid":"19","f_qty":"1","f_price":"100","f_custody_deptid":"-1","f_custody_userid":"1","f_postion":"95","f_note":""}]}

)
2020/11/17 16:10:54.807 [I]  svrport = 0 exec sql %!(EXTRA string=query sql select f_status from tbl_db_main where id = 3   LIMIT 0,1)
2020/11/17 16:10:54.808 [I]  svrport = 0 exec sql %!(EXTRA string=exec sql  update tbl_db_main set f_status= "0",f_serno= "DB202011170001",f_Out_Deptid= "6",f_IN_Deptid= "51",f_note= "",f_update_time= "2020-11-17 16:10:54",id= "3",f_type= "0",f_deptid= "1",f_date= "2020-11-08",f_update_user= "1" where id =3)
2020/11/17 16:10:54.808 [I]  svrport = 0 exec sql %!(EXTRA string=exec sql  update tbl_db_main set f_status= "0",f_serno= "DB202011170001",f_Out_Deptid= "6",f_IN_Deptid= "51",f_note= "",f_update_time= "2020-11-17 16:10:54",id= "3",f_type= "0",f_deptid= "1",f_date= "2020-11-08",f_update_user= "1" where id =3)
2020/11/17 16:10:54.808 [I]  svrport = 0 exec sql %!(EXTRA string=exec sql  delete from tbl_db_detail where f_mid =  3)
2020/11/17 16:10:54.808 [I]  svrport = 0 exec sql %!(EXTRA string=exec sql  delete from tbl_db_detail where f_mid =  3)
2020/11/17 16:12:08.045 [I]  接口访问 appid=0; 接口 =/api/AssetsAllot/update; %!(EXTRA string=params = /api/AssetsAllot/update?customid=0; body = {"f_IN_Deptid":"51","f_Out_Deptid":"6","f_date":"2020-11-08","f_deptid":"1","f_note":"","f_serno":"DB202011170001","f_status":"0","f_type":"0","f_update_user":"1","id":"3","splist":[{"f_custody_deptid":"-1","f_custody_userid":"1","f_note":"","f_postion":"95","f_price":"100","f_qty":"1","f_spid":"19"}]})
2020/11/17 16:12:08.053 [I]  svrport = 0 exec sql %!(EXTRA string=exec sql  SELECT *FROM (SELECT * FROM tbl_token WHERE f_customid =0 and  f_token ="eyJhbGciOiJIUzI1NiIsInR5cCI6IkpXVCJ9.eyJleHBpcmVfdGltZSI6IjIwMjAtMTEtMTciLCJmX2ZsYWciOiIwIiwiZl9uYW1lIjoi6LaF57qn566h55CG5ZGYIiwiZl9ubyI6ImFkbWluIiwiZl9wYXNzd29yZCI6IjEyMzQiLCJmX3JvbGVpZCI6Ii0xIiwiZl9zdGF0dXMiOiIxIiwiaWQiOiIxIn0.jAQd2yjK81I1SZEz6oq2Ldp3tCFr4QhhBFaHC6oAwYs")a  limit 0,1)
2020/11/17 16:12:08.055 [I]  svrport = 0 exec sql %!(EXTRA string=query sql select id from (SELECT id FROM tbl_perms where   f_api ="AssetsAllot/update") a LIMIT 0,1)
2020/11/17 16:12:08.056 [I]  svrport = 0 /api/AssetsAllot/update?customid=0传入参数：%!(EXTRA string={"id":"3","f_status":"0","f_serno":"DB202011170001","f_type":"0","f_deptid":"1","f_Out_Deptid":"6","f_IN_Deptid":"51","f_date":"2020-11-08","f_note":"","f_update_user":"1","splist":[{"f_spid":"19","f_qty":"1","f_price":"100","f_custody_deptid":"-1","f_custody_userid":"1","f_postion":"95","f_note":""}]}

)
2020/11/17 16:12:08.058 [I]  svrport = 0 exec sql %!(EXTRA string=query sql select f_status from tbl_db_main where id = 3   LIMIT 0,1)
2020/11/17 16:12:08.058 [I]  svrport = 0 exec sql %!(EXTRA string=exec sql  update tbl_db_main set f_note= "",id= "3",f_serno= "DB202011170001",f_type= "0",f_deptid= "1",f_Out_Deptid= "6",f_IN_Deptid= "51",f_date= "2020-11-08",f_status= "0",f_update_user= "1",f_update_time= "2020-11-17 16:12:08" where id =3)
2020/11/17 16:12:08.059 [I]  svrport = 0 exec sql %!(EXTRA string=exec sql  update tbl_db_main set f_note= "",id= "3",f_serno= "DB202011170001",f_type= "0",f_deptid= "1",f_Out_Deptid= "6",f_IN_Deptid= "51",f_date= "2020-11-08",f_status= "0",f_update_user= "1",f_update_time= "2020-11-17 16:12:08" where id =3)
2020/11/17 16:12:08.059 [I]  svrport = 0 exec sql %!(EXTRA string=exec sql  delete from tbl_db_detail where f_mid =  3)
2020/11/17 16:12:08.059 [I]  svrport = 0 exec sql %!(EXTRA string=exec sql  delete from tbl_db_detail where f_mid =  3)
2020/11/17 16:12:40.284 [I]  接口访问 appid=0; 接口 =/api/AssetsAllot/update; %!(EXTRA string=params = /api/AssetsAllot/update?customid=0; body = {"f_IN_Deptid":"51","f_Out_Deptid":"6","f_date":"2020-11-08","f_deptid":"1","f_note":"","f_serno":"DB202011170001","f_status":"0","f_type":"0","f_update_user":"1","id":"3","splist":[{"f_custody_deptid":"-1","f_custody_userid":"1","f_note":"","f_postion":"95","f_price":"100","f_qty":"1","f_spid":"19"}]})
2020/11/17 16:12:40.294 [I]  svrport = 0 exec sql %!(EXTRA string=exec sql  SELECT *FROM (SELECT * FROM tbl_token WHERE f_customid =0 and  f_token ="eyJhbGciOiJIUzI1NiIsInR5cCI6IkpXVCJ9.eyJleHBpcmVfdGltZSI6IjIwMjAtMTEtMTciLCJmX2ZsYWciOiIwIiwiZl9uYW1lIjoi6LaF57qn566h55CG5ZGYIiwiZl9ubyI6ImFkbWluIiwiZl9wYXNzd29yZCI6IjEyMzQiLCJmX3JvbGVpZCI6Ii0xIiwiZl9zdGF0dXMiOiIxIiwiaWQiOiIxIn0.jAQd2yjK81I1SZEz6oq2Ldp3tCFr4QhhBFaHC6oAwYs")a  limit 0,1)
2020/11/17 16:12:40.297 [I]  svrport = 0 exec sql %!(EXTRA string=query sql select id from (SELECT id FROM tbl_perms where   f_api ="AssetsAllot/update") a LIMIT 0,1)
2020/11/17 16:12:40.298 [I]  svrport = 0 /api/AssetsAllot/update?customid=0传入参数：%!(EXTRA string={"id":"3","f_status":"0","f_serno":"DB202011170001","f_type":"0","f_deptid":"1","f_Out_Deptid":"6","f_IN_Deptid":"51","f_date":"2020-11-08","f_note":"","f_update_user":"1","splist":[{"f_spid":"19","f_qty":"1","f_price":"100","f_custody_deptid":"-1","f_custody_userid":"1","f_postion":"95","f_note":""}]}

)
2020/11/17 16:12:40.300 [I]  svrport = 0 exec sql %!(EXTRA string=query sql select f_status from tbl_db_main where id = 3   LIMIT 0,1)
2020/11/17 16:12:40.301 [I]  svrport = 0 exec sql %!(EXTRA string=exec sql  update tbl_db_main set f_note= "",f_update_user= "1",f_update_time= "2020-11-17 16:12:40",id= "3",f_status= "0",f_type= "0",f_deptid= "1",f_date= "2020-11-08",f_serno= "DB202011170001",f_Out_Deptid= "6",f_IN_Deptid= "51" where id =3)
2020/11/17 16:12:40.301 [I]  svrport = 0 exec sql %!(EXTRA string=exec sql  update tbl_db_main set f_note= "",f_update_user= "1",f_update_time= "2020-11-17 16:12:40",id= "3",f_status= "0",f_type= "0",f_deptid= "1",f_date= "2020-11-08",f_serno= "DB202011170001",f_Out_Deptid= "6",f_IN_Deptid= "51" where id =3)
2020/11/17 16:12:40.301 [I]  svrport = 0 exec sql %!(EXTRA string=exec sql  delete from tbl_db_detail where f_mid =  3)
2020/11/17 16:12:40.302 [I]  svrport = 0 exec sql %!(EXTRA string=exec sql  delete from tbl_db_detail where f_mid =  3)
2020/11/17 16:14:18.891 [I]  接口访问 appid=0; 接口 =/api/AssetsAllot/update; %!(EXTRA string=params = /api/AssetsAllot/update?customid=0; body = {"f_IN_Deptid":"51","f_Out_Deptid":"6","f_date":"2020-11-08","f_deptid":"1","f_note":"","f_serno":"DB202011170001","f_status":"0","f_type":"0","f_update_user":"1","id":"3","splist":[{"f_Out_Deptid":"50","f_custody_deptid":"-1","f_custody_userid":"1","f_note":"","f_postion":"95","f_price":"100","f_qty":"1","f_spid":"19"}]})
2020/11/17 16:14:18.892 [I]  svrport = 0 exec sql %!(EXTRA string=exec sql  SELECT *FROM (SELECT * FROM tbl_token WHERE f_customid =0 and  f_token ="eyJhbGciOiJIUzI1NiIsInR5cCI6IkpXVCJ9.eyJleHBpcmVfdGltZSI6IjIwMjAtMTEtMTciLCJmX2ZsYWciOiIwIiwiZl9uYW1lIjoi6LaF57qn566h55CG5ZGYIiwiZl9ubyI6ImFkbWluIiwiZl9wYXNzd29yZCI6IjEyMzQiLCJmX3JvbGVpZCI6Ii0xIiwiZl9zdGF0dXMiOiIxIiwiaWQiOiIxIn0.jAQd2yjK81I1SZEz6oq2Ldp3tCFr4QhhBFaHC6oAwYs")a  limit 0,1)
2020/11/17 16:14:18.895 [I]  svrport = 0 exec sql %!(EXTRA string=query sql select id from (SELECT id FROM tbl_perms where   f_api ="AssetsAllot/update") a LIMIT 0,1)
2020/11/17 16:14:18.895 [I]  svrport = 0 /api/AssetsAllot/update?customid=0传入参数：%!(EXTRA string={"id":"3","f_status":"0","f_serno":"DB202011170001","f_type":"0","f_deptid":"1","f_Out_Deptid":"6","f_IN_Deptid":"51","f_date":"2020-11-08","f_note":"","f_update_user":"1","splist":[{"f_spid":"19","f_qty":"1","f_price":"100","f_Out_Deptid":"50","f_custody_deptid":"-1","f_custody_userid":"1","f_postion":"95","f_note":""}]}

)
2020/11/17 16:14:18.897 [I]  svrport = 0 exec sql %!(EXTRA string=query sql select f_status from tbl_db_main where id = 3   LIMIT 0,1)
2020/11/17 16:14:18.898 [I]  svrport = 0 exec sql %!(EXTRA string=exec sql  update tbl_db_main set id= "3",f_serno= "DB202011170001",f_Out_Deptid= "6",f_IN_Deptid= "51",f_date= "2020-11-08",f_note= "",f_status= "0",f_type= "0",f_deptid= "1",f_update_user= "1",f_update_time= "2020-11-17 16:14:18" where id =3)
2020/11/17 16:14:18.898 [I]  svrport = 0 exec sql %!(EXTRA string=exec sql  update tbl_db_main set id= "3",f_serno= "DB202011170001",f_Out_Deptid= "6",f_IN_Deptid= "51",f_date= "2020-11-08",f_note= "",f_status= "0",f_type= "0",f_deptid= "1",f_update_user= "1",f_update_time= "2020-11-17 16:14:18" where id =3)
2020/11/17 16:14:18.898 [I]  svrport = 0 exec sql %!(EXTRA string=exec sql  delete from tbl_db_detail where f_mid =  3)
2020/11/17 16:14:18.899 [I]  svrport = 0 exec sql %!(EXTRA string=exec sql  delete from tbl_db_detail where f_mid =  3)
2020/11/17 16:14:24.397 [I]  svrport = 0 exec sql %!(EXTRA string=exec sql  INSERT INTO tbl_db_detail(f_mid,f_spid,f_qty,f_price,f_total,f_Out_Deptid,f_custody_deptid, 							    f_custody_userid,f_postion,f_note,f_create_user,f_create_time,f_customid )  values(3,19,1,100,100,50,-1,1,95,,1,now(),0) )
2020/11/17 16:14:24.398 [I]  svrport = 0 exec sql %!(EXTRA string=exec sql  INSERT INTO tbl_db_detail(f_mid,f_spid,f_qty,f_price,f_total,f_Out_Deptid,f_custody_deptid, 							    f_custody_userid,f_postion,f_note,f_create_user,f_create_time,f_customid )  values(3,19,1,100,100,50,-1,1,95,,1,now(),0) )
2020/11/17 16:15:31.284 [I]  接口访问 appid=0; 接口 =/api/AssetsAllot/browse/main; %!(EXTRA string=params = /api/AssetsAllot/browse/main?customid=0&curPage=1&pageSize=20; body = null)
2020/11/17 16:15:31.286 [I]  svrport = 0 exec sql %!(EXTRA string=query sql CALL Msp_BillMain_Query (6,0,"",,'',1,20," order by m.id desc "))
2020/11/17 16:15:31.316 [I]  svrport = 0 query sql %!(EXTRA string=query sql CALL Msp_BillMain_Query (6,0,"",,'',1,20," order by m.id desc "))
2020/11/17 16:15:47.117 [I]  接口访问 appid=0; 接口 =/api/AssetsAllot/browse/main; %!(EXTRA string=params = /api/AssetsAllot/browse/main?customid=0&curPage=1&pageSize=20; body = null)
2020/11/17 16:15:47.125 [I]  svrport = 0 exec sql %!(EXTRA string=query sql CALL Msp_BillMain_Query (6,0,"",,'',1,20," order by m.id desc "))
2020/11/17 16:15:47.126 [I]  svrport = 0 query sql %!(EXTRA string=query sql CALL Msp_BillMain_Query (6,0,"",,'',1,20," order by m.id desc "))
2020/11/17 16:16:22.160 [I]  接口访问 appid=0; 接口 =/api/AssetsAllot/browse/main; %!(EXTRA string=params = /api/AssetsAllot/browse/main?customid=0&curPage=1&pageSize=20&userid=1; body = null)
2020/11/17 16:16:22.162 [I]  svrport = 0 exec sql %!(EXTRA string=query sql CALL Msp_BillMain_Query (6,0,"",1,'',1,20," order by m.id desc "))
2020/11/17 16:16:22.307 [I]  svrport = 0 exec sql %!(EXTRA string=exec sql CALL Msp_BillMain_Query (6,1,"",1,'',1,20," order by m.id desc "))
2020/11/17 16:27:51.204 [I]  接口访问 appid=0; 接口 =/api/AssetsAllot/browse/main; %!(EXTRA string=params = /api/AssetsAllot/browse/main?customid=0&curPage=1&pageSize=20&userid=1; body = null)
2020/11/17 16:27:51.206 [I]  svrport = 0 exec sql %!(EXTRA string=query sql CALL Msp_BillMain_Query (6,0,"",1,'',1,20," order by m.id desc "))
2020/11/17 16:27:51.214 [I]  svrport = 0 exec sql %!(EXTRA string=exec sql CALL Msp_BillMain_Query (6,1,"",1,'',1,20," order by m.id desc "))
2020/11/17 16:29:10.387 [I]  接口访问 appid=0; 接口 =/api/AssetsAllot/browse/detail; %!(EXTRA string=params = /api/AssetsAllot/browse/detail?customid=0&curPage=1&pageSize=20&userid=1&mid=3; body = null)
2020/11/17 16:29:10.389 [I]  svrport = 0 exec sql %!(EXTRA string=query sql CALL Msp_BillDetail_Query (6,3,1,0))
2020/11/17 16:29:10.392 [I]  svrport = 0 exec sql %!(EXTRA string=exec sql CALL Msp_BillDetail_Query (6,3,1,1))
2020/11/17 16:29:10.693 [I]  svrport = 0 query sql %!(EXTRA string=exec sql CALL Msp_BillDetail_Query (6,3,1,1))
2020/11/17 16:30:47.998 [I]  接口访问 appid=0; 接口 =/api/AssetsAllot/browse/detail; %!(EXTRA string=params = /api/AssetsAllot/browse/detail?customid=0&curPage=1&pageSize=20&userid=1&mid=3; body = null)
2020/11/17 16:30:47.999 [I]  svrport = 0 exec sql %!(EXTRA string=query sql CALL Msp_BillDetail_Query (6,3,1,0))
2020/11/17 16:30:48.001 [I]  svrport = 0 exec sql %!(EXTRA string=exec sql CALL Msp_BillDetail_Query (6,3,1,1))
2020/11/17 16:32:22.637 [I]  接口访问 appid=0; 接口 =/api/AssetsAllotDel/delete; %!(EXTRA string=params = /api/AssetsAllotDel/delete?customid=0; body = {"f_delete_user":"1","f_serno":"DB202011170001","id":"3"})
2020/11/17 16:32:22.638 [I]  svrport = 0 exec sql %!(EXTRA string=exec sql  SELECT *FROM (SELECT * FROM tbl_token WHERE f_customid =0 and  f_token ="eyJhbGciOiJIUzI1NiIsInR5cCI6IkpXVCJ9.eyJleHBpcmVfdGltZSI6IjIwMjAtMTEtMDgiLCJmX2ZsYWciOiIwIiwiZl9uYW1lIjoi6LaF57qn566h55CG5ZGYIiwiZl9ubyI6ImFkbWluIiwiZl9wYXNzd29yZCI6IjEyMzQiLCJmX3JvbGVpZCI6Ii0xIiwiZl9zdGF0dXMiOiIxIiwiaWQiOiIxIn0.ZzIvZ0S6ZLWOxKOd4xPEZNJxtwYDxSY9vCRfRWr8PyA")a  limit 0,1)
2020/11/17 16:32:34.122 [I]  接口访问 appid=0; 接口 =/api/AssetsAllotDel/delete; %!(EXTRA string=params = /api/AssetsAllotDel/delete?customid=0; body = {"f_delete_user":"1","f_serno":"DB202011170001","id":"3"})
2020/11/17 16:32:34.123 [I]  svrport = 0 exec sql %!(EXTRA string=exec sql  SELECT *FROM (SELECT * FROM tbl_token WHERE f_customid =0 and  f_token ="eyJhbGciOiJIUzI1NiIsInR5cCI6IkpXVCJ9.eyJleHBpcmVfdGltZSI6IjIwMjAtMTEtMTciLCJmX2ZsYWciOiIwIiwiZl9uYW1lIjoi6LaF57qn566h55CG5ZGYIiwiZl9ubyI6ImFkbWluIiwiZl9wYXNzd29yZCI6IjEyMzQiLCJmX3JvbGVpZCI6Ii0xIiwiZl9zdGF0dXMiOiIxIiwiaWQiOiIxIn0.jAQd2yjK81I1SZEz6oq2Ldp3tCFr4QhhBFaHC6oAwYs")a  limit 0,1)
2020/11/17 16:32:34.125 [I]  svrport = 0 exec sql %!(EXTRA string=query sql select id from (SELECT id FROM tbl_perms where   f_api ="AssetsAllotDel/delete") a LIMIT 0,1)
2020/11/17 16:32:34.126 [I]  svrport = 0 query sql %!(EXTRA string=query sql select id from (SELECT id FROM tbl_perms where   f_api ="AssetsAllotDel/delete") a LIMIT 0,1)
2020/11/17 16:34:52.838 [I]  接口访问 appid=0; 接口 =/api/AssetsAllotDel/delete; %!(EXTRA string=params = /api/AssetsAllotDel/delete?customid=0; body = {"f_delete_user":"1","f_serno":"DB202011170001","id":"3"})
2020/11/17 16:34:52.839 [I]  svrport = 0 exec sql %!(EXTRA string=exec sql  SELECT *FROM (SELECT * FROM tbl_token WHERE f_customid =0 and  f_token ="eyJhbGciOiJIUzI1NiIsInR5cCI6IkpXVCJ9.eyJleHBpcmVfdGltZSI6IjIwMjAtMTEtMTciLCJmX2ZsYWciOiIwIiwiZl9uYW1lIjoi6LaF57qn566h55CG5ZGYIiwiZl9ubyI6ImFkbWluIiwiZl9wYXNzd29yZCI6IjEyMzQiLCJmX3JvbGVpZCI6Ii0xIiwiZl9zdGF0dXMiOiIxIiwiaWQiOiIxIn0.jAQd2yjK81I1SZEz6oq2Ldp3tCFr4QhhBFaHC6oAwYs")a  limit 0,1)
2020/11/17 16:34:52.843 [I]  svrport = 0 exec sql %!(EXTRA string=query sql select id from (SELECT id FROM tbl_perms where   f_api ="AssetsAllotDel/delete") a LIMIT 0,1)
2020/11/17 16:34:52.843 [I]  svrport = 0 query sql %!(EXTRA string=query sql select id from (SELECT id FROM tbl_perms where   f_api ="AssetsAllotDel/delete") a LIMIT 0,1)
2020/11/17 16:35:21.353 [I]  接口访问 appid=0; 接口 =/api/AssetsAllot/delete; %!(EXTRA string=params = /api/AssetsAllot/delete?customid=0; body = {"f_delete_user":"1","f_serno":"DB202011170001","id":"3"})
2020/11/17 16:35:21.355 [I]  svrport = 0 exec sql %!(EXTRA string=exec sql  SELECT *FROM (SELECT * FROM tbl_token WHERE f_customid =0 and  f_token ="eyJhbGciOiJIUzI1NiIsInR5cCI6IkpXVCJ9.eyJleHBpcmVfdGltZSI6IjIwMjAtMTEtMTciLCJmX2ZsYWciOiIwIiwiZl9uYW1lIjoi6LaF57qn566h55CG5ZGYIiwiZl9ubyI6ImFkbWluIiwiZl9wYXNzd29yZCI6IjEyMzQiLCJmX3JvbGVpZCI6Ii0xIiwiZl9zdGF0dXMiOiIxIiwiaWQiOiIxIn0.jAQd2yjK81I1SZEz6oq2Ldp3tCFr4QhhBFaHC6oAwYs")a  limit 0,1)
2020/11/17 16:35:21.357 [I]  svrport = 0 exec sql %!(EXTRA string=query sql select id from (SELECT id FROM tbl_perms where   f_api ="AssetsAllot/delete") a LIMIT 0,1)
2020/11/17 16:35:21.358 [I]  svrport = 0 /api/AssetsAllot/delete?customid=0传入参数：%!(EXTRA string={"id":"3","f_delete_user":"1","f_serno":"DB202011170001"})
2020/11/17 16:35:21.359 [I]  svrport = 0 exec sql %!(EXTRA string=query sql select f_status from tbl_db_main where id = 3   LIMIT 0,1)
2020/11/17 16:35:21.359 [I]  svrport = 0 exec sql %!(EXTRA string=exec sql update tbl_db_main set  f_flag = 1, f_delete_user = 1,f_delete_time = now() where id =3)
2020/11/17 16:35:21.360 [I]  svrport = 0 exec sql %!(EXTRA string=exec sql update tbl_db_main set  f_flag = 1, f_delete_user = 1,f_delete_time = now() where id =3)
2020/11/17 16:35:21.360 [I]  svrport = 0 exec sql %!(EXTRA string=exec sql  update tbl_db_detail set  f_flag = 1, f_delete_user = 1,f_delete_time = now()  WHERE f_mid =3)
2020/11/17 16:35:21.360 [I]  svrport = 0 exec sql %!(EXTRA string=exec sql  update tbl_db_detail set  f_flag = 1, f_delete_user = 1,f_delete_time = now()  WHERE f_mid =3)
2020/11/17 16:41:06.541 [I]  接口访问 appid=0; 接口 =/api/AssetsAllot/create; %!(EXTRA string=params = /api/AssetsAllot/create?customid=0; body = {"f_IN_Deptid":"51","f_Out_Deptid":"6","f_create_user":"1","f_date":"2020-11-08","f_deptid":"1","f_note":"","f_status":"0","f_type":"0","splist":[{"f_Out_Deptid":"8","f_custody_deptid":"-1","f_custody_userid":"1","f_note":"","f_postion":"95","f_price":"100","f_qty":"1","f_spid":"19"}]})
2020/11/17 16:41:06.543 [I]  svrport = 0 exec sql %!(EXTRA string=exec sql  SELECT *FROM (SELECT * FROM tbl_token WHERE f_customid =0 and  f_token ="eyJhbGciOiJIUzI1NiIsInR5cCI6IkpXVCJ9.eyJleHBpcmVfdGltZSI6IjIwMjAtMTEtMTciLCJmX2ZsYWciOiIwIiwiZl9uYW1lIjoi6LaF57qn566h55CG5ZGYIiwiZl9ubyI6ImFkbWluIiwiZl9wYXNzd29yZCI6IjEyMzQiLCJmX3JvbGVpZCI6Ii0xIiwiZl9zdGF0dXMiOiIxIiwiaWQiOiIxIn0.jAQd2yjK81I1SZEz6oq2Ldp3tCFr4QhhBFaHC6oAwYs")a  limit 0,1)
2020/11/17 16:41:06.545 [I]  svrport = 0 exec sql %!(EXTRA string=query sql select id from (SELECT id FROM tbl_perms where   f_api ="AssetsAllot/create") a LIMIT 0,1)
2020/11/17 16:41:06.545 [I]  svrport = 0 /api/AssetsAllot/create?customid=0传入参数：%!(EXTRA string= {"f_status":"0","f_type":"0","f_deptid":"1","f_Out_Deptid":"6","f_IN_Deptid":"51","f_date":"2020-11-08","f_note":"","f_create_user":"1","splist":[{"f_spid":"19","f_qty":"1","f_price":"100","f_Out_Deptid":"8","f_custody_deptid":"-1","f_custody_userid":"1","f_postion":"95","f_note":""}]})
2020/11/17 16:41:06.547 [I]  svrport = 0 exec sql %!(EXTRA string=query sql  CALL Msp_Get_Serno (0,'tbl_db_main','f_serno','DB') )
2020/11/17 16:41:06.846 [I]  svrport = 0 exec sql %!(EXTRA string=exec sql  insert into tbl_db_main set f_accountid= "1",f_deptid= "1",f_create_user= "1",f_type= "0",f_serno= "DB202011170002",f_status= "0",f_Out_Deptid= "6",f_customid= "0",f_create_time= "2020-11-17 16:41:06",f_flag= "0",f_IN_Deptid= "51",f_date= "2020-11-08",f_note= "")
2020/11/17 16:41:06.846 [I]  svrport = 0 exec sql %!(EXTRA string=exec sql  INSERT INTO tbl_db_detail(f_mid,f_spid,f_qty,f_price,f_total,f_Out_Deptid,f_custody_deptid, 							    f_custody_userid,f_postion,f_note,f_create_user,f_create_time,f_customid )  values(4,19,1,100,100,8,-1,1,95,,1,now(),0) )
2020/11/17 16:41:06.847 [I]  svrport = 0 exec sql %!(EXTRA string=exec sql  INSERT INTO tbl_db_detail(f_mid,f_spid,f_qty,f_price,f_total,f_Out_Deptid,f_custody_deptid, 							    f_custody_userid,f_postion,f_note,f_create_user,f_create_time,f_customid )  values(4,19,1,100,100,8,-1,1,95,,1,now(),0) )
2020/11/17 16:41:33.753 [I]  接口访问 appid=0; 接口 =/api/AssetsAllot/update; %!(EXTRA string=params = /api/AssetsAllot/update?customid=0; body = {"f_IN_Deptid":"51","f_Out_Deptid":"6","f_date":"2020-11-08","f_deptid":"1","f_note":"","f_serno":"DB202011170001","f_status":"0","f_type":"0","f_update_user":"1","id":"4","splist":[{"f_Out_Deptid":"50","f_custody_deptid":"58","f_custody_userid":"1","f_note":"","f_postion":"95","f_price":"100","f_qty":"1","f_spid":"19"}]})
2020/11/17 16:41:33.755 [I]  svrport = 0 exec sql %!(EXTRA string=exec sql  SELECT *FROM (SELECT * FROM tbl_token WHERE f_customid =0 and  f_token ="eyJhbGciOiJIUzI1NiIsInR5cCI6IkpXVCJ9.eyJleHBpcmVfdGltZSI6IjIwMjAtMTEtMTciLCJmX2ZsYWciOiIwIiwiZl9uYW1lIjoi6LaF57qn566h55CG5ZGYIiwiZl9ubyI6ImFkbWluIiwiZl9wYXNzd29yZCI6IjEyMzQiLCJmX3JvbGVpZCI6Ii0xIiwiZl9zdGF0dXMiOiIxIiwiaWQiOiIxIn0.jAQd2yjK81I1SZEz6oq2Ldp3tCFr4QhhBFaHC6oAwYs")a  limit 0,1)
2020/11/17 16:41:33.757 [I]  svrport = 0 exec sql %!(EXTRA string=query sql select id from (SELECT id FROM tbl_perms where   f_api ="AssetsAllot/update") a LIMIT 0,1)
2020/11/17 16:41:33.757 [I]  svrport = 0 /api/AssetsAllot/update?customid=0传入参数：%!(EXTRA string={"id":"4","f_status":"0","f_serno":"DB202011170001","f_type":"0","f_deptid":"1","f_Out_Deptid":"6","f_IN_Deptid":"51","f_date":"2020-11-08","f_note":"","f_update_user":"1","splist":[{"f_spid":"19","f_qty":"1","f_price":"100","f_Out_Deptid":"50","f_custody_deptid":"58","f_custody_userid":"1","f_postion":"95","f_note":""}]}

)
2020/11/17 16:41:33.758 [I]  svrport = 0 exec sql %!(EXTRA string=query sql select f_status from tbl_db_main where id = 4   LIMIT 0,1)
2020/11/17 16:41:33.759 [I]  svrport = 0 exec sql %!(EXTRA string=exec sql  update tbl_db_main set f_update_user= "1",id= "4",f_serno= "DB202011170001",f_deptid= "1",f_Out_Deptid= "6",f_IN_Deptid= "51",f_date= "2020-11-08",f_status= "0",f_type= "0",f_note= "",f_update_time= "2020-11-17 16:41:33" where id =4)
2020/11/17 16:41:33.759 [I]  svrport = 0 exec sql %!(EXTRA string=exec sql  update tbl_db_main set f_update_user= "1",id= "4",f_serno= "DB202011170001",f_deptid= "1",f_Out_Deptid= "6",f_IN_Deptid= "51",f_date= "2020-11-08",f_status= "0",f_type= "0",f_note= "",f_update_time= "2020-11-17 16:41:33" where id =4)
2020/11/17 16:41:33.759 [I]  svrport = 0 exec sql %!(EXTRA string=exec sql  delete from tbl_db_detail where f_mid =  4)
2020/11/17 16:41:33.759 [I]  svrport = 0 exec sql %!(EXTRA string=exec sql  delete from tbl_db_detail where f_mid =  4)
2020/11/17 16:41:33.759 [I]  svrport = 0 exec sql %!(EXTRA string=exec sql  INSERT INTO tbl_db_detail(f_mid,f_spid,f_qty,f_price,f_total,f_Out_Deptid,f_custody_deptid, 							    f_custody_userid,f_postion,f_note,f_create_user,f_create_time,f_customid )  values(4,19,1,100,100,50,58,1,95,,1,now(),0) )
2020/11/17 16:41:33.760 [I]  svrport = 0 exec sql %!(EXTRA string=exec sql  INSERT INTO tbl_db_detail(f_mid,f_spid,f_qty,f_price,f_total,f_Out_Deptid,f_custody_deptid, 							    f_custody_userid,f_postion,f_note,f_create_user,f_create_time,f_customid )  values(4,19,1,100,100,50,58,1,95,,1,now(),0) )
2020/11/17 16:42:41.937 [I]  接口访问 appid=0; 接口 =/api/AssetsAllot/browse/main; %!(EXTRA string=params = /api/AssetsAllot/browse/main?customid=0&curPage=1&pageSize=20&userid=1; body = null)
2020/11/17 16:42:41.939 [I]  svrport = 0 exec sql %!(EXTRA string=query sql CALL Msp_BillMain_Query (6,0,"",1,'',1,20," order by m.id desc "))
2020/11/17 16:42:41.946 [I]  svrport = 0 exec sql %!(EXTRA string=exec sql CALL Msp_BillMain_Query (6,1,"",1,'',1,20," order by m.id desc "))
2020/11/17 16:42:51.002 [I]  接口访问 appid=0; 接口 =/api/AssetsAllot/update; %!(EXTRA string=params = /api/AssetsAllot/update?customid=0; body = {"f_IN_Deptid":"51","f_Out_Deptid":"6","f_date":"2020-11-08","f_deptid":"1","f_note":"","f_serno":"DB202011170001","f_status":"1","f_type":"0","f_update_user":"1","id":"4","splist":[{"f_Out_Deptid":"50","f_custody_deptid":"58","f_custody_userid":"1","f_note":"","f_postion":"95","f_price":"100","f_qty":"1","f_spid":"19"}]})
2020/11/17 16:42:51.004 [I]  svrport = 0 exec sql %!(EXTRA string=exec sql  SELECT *FROM (SELECT * FROM tbl_token WHERE f_customid =0 and  f_token ="eyJhbGciOiJIUzI1NiIsInR5cCI6IkpXVCJ9.eyJleHBpcmVfdGltZSI6IjIwMjAtMTEtMTciLCJmX2ZsYWciOiIwIiwiZl9uYW1lIjoi6LaF57qn566h55CG5ZGYIiwiZl9ubyI6ImFkbWluIiwiZl9wYXNzd29yZCI6IjEyMzQiLCJmX3JvbGVpZCI6Ii0xIiwiZl9zdGF0dXMiOiIxIiwiaWQiOiIxIn0.jAQd2yjK81I1SZEz6oq2Ldp3tCFr4QhhBFaHC6oAwYs")a  limit 0,1)
2020/11/17 16:42:51.006 [I]  svrport = 0 exec sql %!(EXTRA string=query sql select id from (SELECT id FROM tbl_perms where   f_api ="AssetsAllot/update") a LIMIT 0,1)
2020/11/17 16:42:51.006 [I]  svrport = 0 /api/AssetsAllot/update?customid=0传入参数：%!(EXTRA string={"id":"4","f_status":"1","f_serno":"DB202011170001","f_type":"0","f_deptid":"1","f_Out_Deptid":"6","f_IN_Deptid":"51","f_date":"2020-11-08","f_note":"","f_update_user":"1","splist":[{"f_spid":"19","f_qty":"1","f_price":"100","f_Out_Deptid":"50","f_custody_deptid":"58","f_custody_userid":"1","f_postion":"95","f_note":""}]}

)
2020/11/17 16:42:51.008 [I]  svrport = 0 exec sql %!(EXTRA string=query sql select f_status from tbl_db_main where id = 4   LIMIT 0,1)
2020/11/17 16:42:51.008 [I]  svrport = 0 exec sql %!(EXTRA string=exec sql  update tbl_db_main set f_note= "",f_update_time= "2020-11-17 16:42:51",id= "4",f_serno= "DB202011170001",f_deptid= "1",f_Out_Deptid= "6",f_IN_Deptid= "51",f_date= "2020-11-08",f_status= "1",f_type= "0",f_update_user= "1" where id =4)
2020/11/17 16:42:51.008 [I]  svrport = 0 exec sql %!(EXTRA string=exec sql  update tbl_db_main set f_note= "",f_update_time= "2020-11-17 16:42:51",id= "4",f_serno= "DB202011170001",f_deptid= "1",f_Out_Deptid= "6",f_IN_Deptid= "51",f_date= "2020-11-08",f_status= "1",f_type= "0",f_update_user= "1" where id =4)
2020/11/17 16:42:51.008 [I]  svrport = 0 exec sql %!(EXTRA string=exec sql  delete from tbl_db_detail where f_mid =  4)
2020/11/17 16:42:51.009 [I]  svrport = 0 exec sql %!(EXTRA string=exec sql  delete from tbl_db_detail where f_mid =  4)
2020/11/17 16:42:51.009 [I]  svrport = 0 exec sql %!(EXTRA string=exec sql  INSERT INTO tbl_db_detail(f_mid,f_spid,f_qty,f_price,f_total,f_Out_Deptid,f_custody_deptid, 							    f_custody_userid,f_postion,f_note,f_create_user,f_create_time,f_customid )  values(4,19,1,100,100,50,58,1,95,,1,now(),0) )
2020/11/17 16:42:51.009 [I]  svrport = 0 exec sql %!(EXTRA string=exec sql  INSERT INTO tbl_db_detail(f_mid,f_spid,f_qty,f_price,f_total,f_Out_Deptid,f_custody_deptid, 							    f_custody_userid,f_postion,f_note,f_create_user,f_create_time,f_customid )  values(4,19,1,100,100,50,58,1,95,,1,now(),0) )
2020/11/17 16:42:54.387 [I]  接口访问 appid=0; 接口 =/api/AssetsAllot/browse/main; %!(EXTRA string=params = /api/AssetsAllot/browse/main?customid=0&curPage=1&pageSize=20&userid=1; body = null)
2020/11/17 16:42:54.389 [I]  svrport = 0 exec sql %!(EXTRA string=query sql CALL Msp_BillMain_Query (6,0,"",1,'',1,20," order by m.id desc "))
2020/11/17 16:42:54.395 [I]  svrport = 0 exec sql %!(EXTRA string=exec sql CALL Msp_BillMain_Query (6,1,"",1,'',1,20," order by m.id desc "))
2020/11/17 16:48:18.780 [I]  接口访问 appid=0; 接口 =/api/AssetsAllot/StockOut; %!(EXTRA string=params = /api/AssetsAllot/StockOut?customid=0; body = {"f_serno":"DB202011170001","f_update_user":"1","id":"4"})
2020/11/17 16:48:18.788 [I]  svrport = 0 exec sql %!(EXTRA string=exec sql  SELECT *FROM (SELECT * FROM tbl_token WHERE f_customid =0 and  f_token ="eyJhbGciOiJIUzI1NiIsInR5cCI6IkpXVCJ9.eyJleHBpcmVfdGltZSI6IjIwMjAtMTEtMTciLCJmX2ZsYWciOiIwIiwiZl9uYW1lIjoi6LaF57qn566h55CG5ZGYIiwiZl9ubyI6ImFkbWluIiwiZl9wYXNzd29yZCI6IjEyMzQiLCJmX3JvbGVpZCI6Ii0xIiwiZl9zdGF0dXMiOiIxIiwiaWQiOiIxIn0.jAQd2yjK81I1SZEz6oq2Ldp3tCFr4QhhBFaHC6oAwYs")a  limit 0,1)
2020/11/17 16:48:18.790 [I]  svrport = 0 exec sql %!(EXTRA string=query sql select id from (SELECT id FROM tbl_perms where   f_api ="AssetsAllot/StockOut") a LIMIT 0,1)
2020/11/17 16:48:18.790 [I]  svrport = 0 /api/AssetsAllot/StockOut?customid=0传入参数：%!(EXTRA string={"id":"4","f_update_user":"1","f_serno":"DB202011170001"})
2020/11/17 16:48:18.792 [I]  svrport = 0 exec sql %!(EXTRA string=query sql select f_status from (SELECT tsd.f_status FROM tbl_sys_dictionary tsd WHERE tsd.f_customid = 0 AND tsd.f_type = 6 AND f_id = 2) a LIMIT 0,1)
2020/11/17 16:48:18.792 [I]  svrport = 0 exec sql %!(EXTRA string=query sql select f_status from tbl_db_main where id = 4   LIMIT 0,1)
2020/11/17 16:48:18.793 [I]  svrport = 0 exec sql %!(EXTRA string=exec sql update tbl_db_main set  f_status = 8,f_audit = 1,f_audit_date =now(),f_audit_userid =1 where id =4)
2020/11/17 16:48:18.793 [I]  svrport = 0 exec sql %!(EXTRA string=exec sql update tbl_db_main set  f_status = 8,f_audit = 1,f_audit_date =now(),f_audit_userid =1 where id =4)
2020/11/17 16:48:18.793 [I]  svrport = 0 exec sql %!(EXTRA string=exec sql call msp_Postion_Chang ( "6","4","1","0" ))
2020/11/17 16:49:40.091 [I]  接口访问 appid=0; 接口 =/api/AssetsAllot/StockOut; %!(EXTRA string=params = /api/AssetsAllot/StockOut?customid=0; body = {"f_serno":"DB202011170001","f_update_user":"1","id":"4"})
2020/11/17 16:49:40.097 [I]  svrport = 0 exec sql %!(EXTRA string=exec sql  SELECT *FROM (SELECT * FROM tbl_token WHERE f_customid =0 and  f_token ="eyJhbGciOiJIUzI1NiIsInR5cCI6IkpXVCJ9.eyJleHBpcmVfdGltZSI6IjIwMjAtMTEtMTciLCJmX2ZsYWciOiIwIiwiZl9uYW1lIjoi6LaF57qn566h55CG5ZGYIiwiZl9ubyI6ImFkbWluIiwiZl9wYXNzd29yZCI6IjEyMzQiLCJmX3JvbGVpZCI6Ii0xIiwiZl9zdGF0dXMiOiIxIiwiaWQiOiIxIn0.jAQd2yjK81I1SZEz6oq2Ldp3tCFr4QhhBFaHC6oAwYs")a  limit 0,1)
2020/11/17 16:49:40.099 [I]  svrport = 0 exec sql %!(EXTRA string=query sql select id from (SELECT id FROM tbl_perms where   f_api ="AssetsAllot/StockOut") a LIMIT 0,1)
2020/11/17 16:49:40.100 [I]  svrport = 0 /api/AssetsAllot/StockOut?customid=0传入参数：%!(EXTRA string={"id":"4","f_update_user":"1","f_serno":"DB202011170001"})
2020/11/17 16:49:40.102 [I]  svrport = 0 exec sql %!(EXTRA string=query sql select f_status from (SELECT tsd.f_status FROM tbl_sys_dictionary tsd WHERE tsd.f_customid = 0 AND tsd.f_type = 6 AND f_id = 2) a LIMIT 0,1)
2020/11/17 16:49:40.102 [I]  svrport = 0 exec sql %!(EXTRA string=query sql select f_status from tbl_db_main where id = 4   LIMIT 0,1)
2020/11/17 16:49:44.656 [I]  接口访问 appid=0; 接口 =/api/AssetsAllot/browse/main; %!(EXTRA string=params = /api/AssetsAllot/browse/main?customid=0&curPage=1&pageSize=20&userid=1; body = null)
2020/11/17 16:49:44.658 [I]  svrport = 0 exec sql %!(EXTRA string=query sql CALL Msp_BillMain_Query (6,0,"",1,'',1,20," order by m.id desc "))
2020/11/17 16:49:44.664 [I]  svrport = 0 exec sql %!(EXTRA string=exec sql CALL Msp_BillMain_Query (6,1,"",1,'',1,20," order by m.id desc "))
2020/11/17 16:52:12.368 [I]  接口访问 appid=0; 接口 =/api/AssetsAllot/browse/main; %!(EXTRA string=params = /api/AssetsAllot/browse/main?customid=0&curPage=1&pageSize=20&userid=1; body = null)
2020/11/17 16:52:12.370 [I]  svrport = 0 exec sql %!(EXTRA string=query sql CALL Msp_BillMain_Query (6,0,"",1,'',1,20," order by m.id desc "))
2020/11/17 16:52:12.397 [I]  svrport = 0 exec sql %!(EXTRA string=exec sql CALL Msp_BillMain_Query (6,1,"",1,'',1,20," order by m.id desc "))
2020/11/17 16:54:28.048 [I]  接口访问 appid=0; 接口 =/api/AssetsAllot/StockIn; %!(EXTRA string=params = /api/AssetsAllot/StockIn?customid=0; body = {"f_serno":"DB202011170001","f_update_user":"1","id":"4"})
2020/11/17 16:54:28.050 [I]  svrport = 0 exec sql %!(EXTRA string=exec sql  SELECT *FROM (SELECT * FROM tbl_token WHERE f_customid =0 and  f_token ="eyJhbGciOiJIUzI1NiIsInR5cCI6IkpXVCJ9.eyJleHBpcmVfdGltZSI6IjIwMjAtMTEtMTciLCJmX2ZsYWciOiIwIiwiZl9uYW1lIjoi6LaF57qn566h55CG5ZGYIiwiZl9ubyI6ImFkbWluIiwiZl9wYXNzd29yZCI6IjEyMzQiLCJmX3JvbGVpZCI6Ii0xIiwiZl9zdGF0dXMiOiIxIiwiaWQiOiIxIn0.jAQd2yjK81I1SZEz6oq2Ldp3tCFr4QhhBFaHC6oAwYs")a  limit 0,1)
2020/11/17 16:54:28.052 [I]  svrport = 0 exec sql %!(EXTRA string=query sql select id from (SELECT id FROM tbl_perms where   f_api ="AssetsAllot/StockIn") a LIMIT 0,1)
2020/11/17 16:54:28.053 [I]  svrport = 0 /api/AssetsAllot/StockIn?customid=0传入参数：%!(EXTRA string={"id":"4","f_update_user":"1","f_serno":"DB202011170001"})
2020/11/17 16:54:28.054 [I]  svrport = 0 exec sql %!(EXTRA string=query sql select f_audit from tbl_db_main where id = 4   LIMIT 0,1)
2020/11/17 16:54:28.054 [I]  svrport = 0 exec sql %!(EXTRA string=exec sql update tbl_db_main set  f_status = 8,f_audit = 2,f_audit_date =now(),f_audit_userid =1 where id =4)
2020/11/17 16:54:28.055 [I]  svrport = 0 exec sql %!(EXTRA string=exec sql update tbl_db_main set  f_status = 8,f_audit = 2,f_audit_date =now(),f_audit_userid =1 where id =4)
2020/11/17 16:54:28.055 [I]  svrport = 0 exec sql %!(EXTRA string=exec sql call msp_Postion_Chang ( "6","4","1","0" ))
2020/11/17 16:54:33.148 [I]  接口访问 appid=0; 接口 =/api/AssetsAllot/browse/main; %!(EXTRA string=params = /api/AssetsAllot/browse/main?customid=0&curPage=1&pageSize=20&userid=1; body = null)
2020/11/17 16:54:33.150 [I]  svrport = 0 exec sql %!(EXTRA string=query sql CALL Msp_BillMain_Query (6,0,"",1,'',1,20," order by m.id desc "))
2020/11/17 16:54:33.156 [I]  svrport = 0 exec sql %!(EXTRA string=exec sql CALL Msp_BillMain_Query (6,1,"",1,'',1,20," order by m.id desc "))
2020/11/17 17:01:55.170 [I]  接口访问 appid=0; 接口 =/api/AssetsAllot/Back; %!(EXTRA string=params = /api/AssetsAllot/Back?customid=0; body = {"f_serno":"DB202011170001","f_update_user":"1","id":"4","newstate":"-1"})
2020/11/17 17:01:55.178 [I]  svrport = 0 exec sql %!(EXTRA string=exec sql  SELECT *FROM (SELECT * FROM tbl_token WHERE f_customid =0 and  f_token ="eyJhbGciOiJIUzI1NiIsInR5cCI6IkpXVCJ9.eyJleHBpcmVfdGltZSI6IjIwMjAtMTEtMTciLCJmX2ZsYWciOiIwIiwiZl9uYW1lIjoi6LaF57qn566h55CG5ZGYIiwiZl9ubyI6ImFkbWluIiwiZl9wYXNzd29yZCI6IjEyMzQiLCJmX3JvbGVpZCI6Ii0xIiwiZl9zdGF0dXMiOiIxIiwiaWQiOiIxIn0.jAQd2yjK81I1SZEz6oq2Ldp3tCFr4QhhBFaHC6oAwYs")a  limit 0,1)
2020/11/17 17:01:55.180 [I]  svrport = 0 exec sql %!(EXTRA string=query sql select id from (SELECT id FROM tbl_perms where   f_api ="AssetsAllot/Back") a LIMIT 0,1)
2020/11/17 17:01:55.181 [I]  svrport = 0 /api/AssetsAllot/Back?customid=0传入参数：%!(EXTRA string={"id":"4","f_update_user":"1","f_serno":"DB202011170001","newstate":"-1"})
2020/11/17 17:01:55.182 [I]  svrport = 0 exec sql %!(EXTRA string=query sql select f_status from (SELECT tdm.f_status FROM tbl_DB_Main tdm WHERE id =  4) a LIMIT 0,1)
2020/11/17 17:01:55.183 [I]  svrport = 0 exec sql %!(EXTRA string=query sql select f_audit from (SELECT tdm.f_audit FROM tbl_DB_Main tdm WHERE id =  4) a LIMIT 0,1)
2020/11/17 17:01:55.183 [I]  svrport = 0 exec sql %!(EXTRA string=exec sql update tbl_db_main set f_status = ,f_audit = where id =4 )
2020/11/17 17:01:55.184 [I]  svrport = 0 exec sql %!(EXTRA string=exec sql update tbl_db_main set f_status = ,f_audit = where id =4 )
2020/11/17 17:01:55.184 [I]  svrport = 0 /api/AssetsAllot/Back?customid=0%!(EXTRA string=操作失败，Error 1366: Incorrect integer value: '' for column 'f_status' at row 1)
2020/11/17 17:02:31.534 [I]  接口访问 appid=0; 接口 =/api/AssetsAllot/Back; %!(EXTRA string=params = /api/AssetsAllot/Back?customid=0; body = {"f_serno":"DB202011170001","f_update_user":"1","id":"4","newstate":"-1"})
2020/11/17 17:02:31.543 [I]  svrport = 0 exec sql %!(EXTRA string=exec sql  SELECT *FROM (SELECT * FROM tbl_token WHERE f_customid =0 and  f_token ="eyJhbGciOiJIUzI1NiIsInR5cCI6IkpXVCJ9.eyJleHBpcmVfdGltZSI6IjIwMjAtMTEtMTciLCJmX2ZsYWciOiIwIiwiZl9uYW1lIjoi6LaF57qn566h55CG5ZGYIiwiZl9ubyI6ImFkbWluIiwiZl9wYXNzd29yZCI6IjEyMzQiLCJmX3JvbGVpZCI6Ii0xIiwiZl9zdGF0dXMiOiIxIiwiaWQiOiIxIn0.jAQd2yjK81I1SZEz6oq2Ldp3tCFr4QhhBFaHC6oAwYs")a  limit 0,1)
2020/11/17 17:02:31.545 [I]  svrport = 0 exec sql %!(EXTRA string=query sql select id from (SELECT id FROM tbl_perms where   f_api ="AssetsAllot/Back") a LIMIT 0,1)
2020/11/17 17:02:31.546 [I]  svrport = 0 /api/AssetsAllot/Back?customid=0传入参数：%!(EXTRA string={"id":"4","f_update_user":"1","f_serno":"DB202011170001","newstate":"-1"})
2020/11/17 17:02:37.493 [I]  svrport = 0 exec sql %!(EXTRA string=query sql select f_status from (SELECT tdm.f_status FROM tbl_DB_Main tdm WHERE id =  4) a LIMIT 0,1)
2020/11/17 17:02:40.742 [I]  svrport = 0 exec sql %!(EXTRA string=query sql select f_audit from (SELECT tdm.f_audit FROM tbl_DB_Main tdm WHERE id =  4) a LIMIT 0,1)
2020/11/17 17:03:05.962 [I]  svrport = 0 exec sql %!(EXTRA string=exec sql update tbl_db_main set f_status = ,f_audit = where id =4 )
2020/11/17 17:03:05.963 [I]  svrport = 0 exec sql %!(EXTRA string=exec sql update tbl_db_main set f_status = ,f_audit = where id =4 )
2020/11/17 17:03:08.480 [I]  svrport = 0 /api/AssetsAllot/Back?customid=0%!(EXTRA string=操作失败，Error 1366: Incorrect integer value: '' for column 'f_status' at row 1)
2020/11/17 17:04:55.564 [I]  接口访问 appid=0; 接口 =/api/AssetsAllot/Back; %!(EXTRA string=params = /api/AssetsAllot/Back?customid=0; body = {"f_serno":"DB202011170001","f_update_user":"1","id":"4","newstate":"0"})
2020/11/17 17:04:55.572 [I]  svrport = 0 exec sql %!(EXTRA string=exec sql  SELECT *FROM (SELECT * FROM tbl_token WHERE f_customid =0 and  f_token ="eyJhbGciOiJIUzI1NiIsInR5cCI6IkpXVCJ9.eyJleHBpcmVfdGltZSI6IjIwMjAtMTEtMTciLCJmX2ZsYWciOiIwIiwiZl9uYW1lIjoi6LaF57qn566h55CG5ZGYIiwiZl9ubyI6ImFkbWluIiwiZl9wYXNzd29yZCI6IjEyMzQiLCJmX3JvbGVpZCI6Ii0xIiwiZl9zdGF0dXMiOiIxIiwiaWQiOiIxIn0.jAQd2yjK81I1SZEz6oq2Ldp3tCFr4QhhBFaHC6oAwYs")a  limit 0,1)
2020/11/17 17:04:55.575 [I]  svrport = 0 exec sql %!(EXTRA string=query sql select id from (SELECT id FROM tbl_perms where   f_api ="AssetsAllot/Back") a LIMIT 0,1)
2020/11/17 17:04:55.575 [I]  svrport = 0 /api/AssetsAllot/Back?customid=0传入参数：%!(EXTRA string={"id":"4","f_update_user":"1","f_serno":"DB202011170001","newstate":"0"})
2020/11/17 17:04:55.577 [I]  svrport = 0 exec sql %!(EXTRA string=query sql select f_status from (SELECT tdm.f_status FROM tbl_DB_Main tdm WHERE id =  4) a LIMIT 0,1)
2020/11/17 17:04:55.577 [I]  svrport = 0 exec sql %!(EXTRA string=query sql select f_audit from (SELECT tdm.f_audit FROM tbl_DB_Main tdm WHERE id =  4) a LIMIT 0,1)
2020/11/17 17:06:58.430 [I]  接口访问 appid=0; 接口 =/api/AssetsAllot/Back; %!(EXTRA string=params = /api/AssetsAllot/Back?customid=0; body = {"f_serno":"DB202011170001","f_update_user":"1","id":"4","newstate":"0"})
2020/11/17 17:06:58.438 [I]  svrport = 0 exec sql %!(EXTRA string=exec sql  SELECT *FROM (SELECT * FROM tbl_token WHERE f_customid =0 and  f_token ="eyJhbGciOiJIUzI1NiIsInR5cCI6IkpXVCJ9.eyJleHBpcmVfdGltZSI6IjIwMjAtMTEtMTciLCJmX2ZsYWciOiIwIiwiZl9uYW1lIjoi6LaF57qn566h55CG5ZGYIiwiZl9ubyI6ImFkbWluIiwiZl9wYXNzd29yZCI6IjEyMzQiLCJmX3JvbGVpZCI6Ii0xIiwiZl9zdGF0dXMiOiIxIiwiaWQiOiIxIn0.jAQd2yjK81I1SZEz6oq2Ldp3tCFr4QhhBFaHC6oAwYs")a  limit 0,1)
2020/11/17 17:06:58.441 [I]  svrport = 0 exec sql %!(EXTRA string=query sql select id from (SELECT id FROM tbl_perms where   f_api ="AssetsAllot/Back") a LIMIT 0,1)
2020/11/17 17:06:58.441 [I]  svrport = 0 /api/AssetsAllot/Back?customid=0传入参数：%!(EXTRA string={"id":"4","f_update_user":"1","f_serno":"DB202011170001","newstate":"0"})
2020/11/17 17:06:58.443 [I]  svrport = 0 exec sql %!(EXTRA string=query sql select f_status from (SELECT tdm.f_status FROM tbl_DB_Main tdm WHERE id =  4) a LIMIT 0,1)
2020/11/17 17:06:58.443 [I]  svrport = 0 exec sql %!(EXTRA string=query sql select f_audit from (SELECT tdm.f_audit FROM tbl_DB_Main tdm WHERE id =  4) a LIMIT 0,1)
2020/11/17 17:06:58.443 [I]  svrport = 0 exec sql %!(EXTRA string=exec sql update tbl_db_main set f_status = 0,f_audit =0 where id =4 )
2020/11/17 17:06:58.444 [I]  svrport = 0 exec sql %!(EXTRA string=exec sql update tbl_db_main set f_status = 0,f_audit =0 where id =4 )
2020/11/17 17:08:01.549 [I]  接口访问 appid=0; 接口 =/api/AssetsAllot/Back; %!(EXTRA string=params = /api/AssetsAllot/Back?customid=0; body = {"f_serno":"DB202011170001","id":"4","memo":"调拨辙消到草稿","newstate":"0","userid":"1"})
2020/11/17 17:08:01.551 [I]  svrport = 0 exec sql %!(EXTRA string=exec sql  SELECT *FROM (SELECT * FROM tbl_token WHERE f_customid =0 and  f_token ="eyJhbGciOiJIUzI1NiIsInR5cCI6IkpXVCJ9.eyJleHBpcmVfdGltZSI6IjIwMjAtMTEtMTciLCJmX2ZsYWciOiIwIiwiZl9uYW1lIjoi6LaF57qn566h55CG5ZGYIiwiZl9ubyI6ImFkbWluIiwiZl9wYXNzd29yZCI6IjEyMzQiLCJmX3JvbGVpZCI6Ii0xIiwiZl9zdGF0dXMiOiIxIiwiaWQiOiIxIn0.jAQd2yjK81I1SZEz6oq2Ldp3tCFr4QhhBFaHC6oAwYs")a  limit 0,1)
2020/11/17 17:08:01.553 [I]  svrport = 0 exec sql %!(EXTRA string=query sql select id from (SELECT id FROM tbl_perms where   f_api ="AssetsAllot/Back") a LIMIT 0,1)
2020/11/17 17:08:01.553 [I]  svrport = 0 /api/AssetsAllot/Back?customid=0传入参数：%!(EXTRA string={"id":"4","userid":"1","f_serno":"DB202011170001","newstate":"0","memo":"调拨辙消到草稿"})
2020/11/17 17:08:01.554 [I]  svrport = 0 exec sql %!(EXTRA string=query sql select f_status from (SELECT tdm.f_status FROM tbl_DB_Main tdm WHERE id =  4) a LIMIT 0,1)
2020/11/17 17:08:01.555 [I]  svrport = 0 exec sql %!(EXTRA string=query sql select f_audit from (SELECT tdm.f_audit FROM tbl_DB_Main tdm WHERE id =  4) a LIMIT 0,1)
2020/11/17 17:08:01.555 [I]  svrport = 0 exec sql %!(EXTRA string=exec sql update tbl_db_main set f_status = 0,f_audit =0 where id =4 )
2020/11/17 17:08:01.555 [I]  svrport = 0 exec sql %!(EXTRA string=exec sql update tbl_db_main set f_status = 0,f_audit =0 where id =4 )
2020/11/17 17:08:01.556 [I]  svrport = 0 exec sql %!(EXTRA string=exec sql call msp_Postion_Chang ( "4","4","1","0" ))
2020/11/17 17:08:35.935 [I]  接口访问 appid=0; 接口 =/api/AssetsAllot/browse/main; %!(EXTRA string=params = /api/AssetsAllot/browse/main?customid=0&curPage=1&pageSize=20&userid=1; body = null)
2020/11/17 17:08:35.937 [I]  svrport = 0 exec sql %!(EXTRA string=query sql CALL Msp_BillMain_Query (6,0,"",1,'',1,20," order by m.id desc "))
2020/11/17 17:08:35.944 [I]  svrport = 0 exec sql %!(EXTRA string=exec sql CALL Msp_BillMain_Query (6,1,"",1,'',1,20," order by m.id desc "))
