2020/11/08 09:25:27.305 [E]  svrport = 0 query sql %!(EXTRA string=query sql select id from (SELECT id FROM tbl_perms where   f_api ="ContactOuter/AssetsLendAdd") a LIMIT 0,1)
2020/11/08 10:33:56.548 [E]  svrport = 0 exec sql %!(EXTRA string=exec sql  INSERT INTO tbl_lend_out_detail(f_mid,f_spid,f_qty,f_price,f_total,f_type,f_Lend_In_people,f_Lend_Out_people,f_Lend_PID, 									  f_lend_deptid,f_postion,f_Return_date,f_note,f_create_user,f_create_time)  values(4,2,1,100,100,0,1,-1,-1,-1,-1,"2020-11-08","借用",1,now()) )
2020/11/08 10:35:12.004 [E]  svrport = 0 exec sql %!(EXTRA string=exec sql  INSERT INTO tbl_lend_out_detail(f_mid,f_spid,f_qty,f_price,f_total,f_type,f_Lend_In_people,f_Lend_Out_people,f_Lend_PID, 									  f_lend_deptid,f_postion,f_Return_date,f_note,f_create_user,f_create_time)  values(5,2,1,100,100,0,1,-1,-1,-1,-1,"2020-11-08","借用",1,now()) )
2020/11/08 10:35:59.991 [E]  svrport = 0 exec sql %!(EXTRA string=exec sql  INSERT INTO tbl_lend_out_detail(f_mid,f_spid,f_qty,f_price,f_total,f_type,f_Lend_In_people,f_Lend_Out_people,f_Lend_PID, 									  f_lend_deptid,f_postion,f_Return_date,f_note,f_create_user,f_create_time)  values(6,2,1,100,100,0,1,-1,-1,-1,-1,2020-11-08,借用,1,now()) )
2020/11/08 10:36:40.806 [E]  svrport = 0 exec sql %!(EXTRA string=exec sql  INSERT INTO tbl_lend_out_detail(f_mid,f_spid,f_qty,f_price,f_total,f_type,f_Lend_In_people,f_Lend_Out_people,f_Lend_PID, 									  f_lend_deptid,f_postion,f_Return_date,f_note,f_create_user,f_create_time,f_customid)  values(7,2,1,100,100,0,1,-1,-1,-1,-1,2020-11-08,借用,1,now()) )
2020/11/08 10:37:08.640 [E]  svrport = 0 exec sql %!(EXTRA string=exec sql  INSERT INTO tbl_lend_out_detail(f_mid,f_spid,f_qty,f_price,f_total,f_type,f_Lend_In_people,f_Lend_Out_people,f_Lend_PID, 									  f_lend_deptid,f_postion,f_Return_date,f_note,f_create_user,f_create_time,f_customid)  values(8,2,1,100,100,0,1,-1,-1,-1,-1,2020-11-08,借用,1,now(),0) )
2020/11/08 10:43:10.715 [E]  svrport = 0 exec sql %!(EXTRA string=exec sql  update tbl_lend_out_main set f_update_user= "1",f_update_time= "2020-11-08 10:43:10",id= "8",f_status= "0",f_serno= "",f_type= "0",f_lend_date= "2020-11-08",f_return_date= "2020-12-08",f_deptid= "4",f_lend_in_people= "2",f_len_out_people= "-1",f_lend_pid= "-1",f_note= "" where id =8)
2020/11/08 10:43:35.251 [E]  svrport = 0 exec sql %!(EXTRA string=exec sql  update tbl_lend_out_main set f_lend_pid= "-1",f_return_date= "2020-12-08",f_update_time= "2020-11-08 10:43:35",f_serno= "",f_type= "0",f_lend_out_people= "-1",f_lend_in_people= "2",f_lend_date= "2020-11-08",f_note= "",f_update_user= "1",id= "8",f_status= "0",f_deptid= "4" where id =8)
2020/11/08 10:43:35.253 [E]  svrport = 0 exec sql %!(EXTRA string=exec sql  delete from tbl_lend_out_detail where f_mid =  8)
2020/11/08 10:43:35.254 [E]  svrport = 0 exec sql %!(EXTRA string=exec sql  INSERT INTO tbl_lend_out_detail(f_mid,f_spid,f_qty,f_price,f_total,f_type,f_Lend_In_people,f_Lend_Out_people,f_Lend_PID, 									  f_lend_deptid,f_postion,f_Return_date,f_note,f_create_user,f_create_time,f_customid)  values(8,2,1,100,100,0,1,-1,-1,-1,-1,2020-11-08,借用,,now(),0) )
2020/11/08 10:44:08.398 [E]  svrport = 0 exec sql %!(EXTRA string=exec sql  update tbl_lend_out_main set f_lend_in_people= "2",f_lend_out_people= "-1",f_lend_pid= "-1",f_return_date= "2020-12-08",f_note= "",f_update_time= "2020-11-08 10:44:08",f_serno= "",f_status= "0",f_type= "0",f_deptid= "4",f_lend_date= "2020-11-08",f_update_user= "1",id= "8" where id =8)
2020/11/08 10:44:08.401 [E]  svrport = 0 exec sql %!(EXTRA string=exec sql  delete from tbl_lend_out_detail where f_mid =  8)
2020/11/08 10:44:08.402 [E]  svrport = 0 exec sql %!(EXTRA string=exec sql  INSERT INTO tbl_lend_out_detail(f_mid,f_spid,f_qty,f_price,f_total,f_type,f_Lend_In_people,f_Lend_Out_people,f_Lend_PID, 									  f_lend_deptid,f_postion,f_Return_date,f_note,f_update_user,f_create_time,f_customid)  values(8,2,1,100,100,0,1,-1,-1,-1,-1,2020-11-08,借用,1,now(),0) )
2020/11/08 10:45:14.132 [E]  svrport = 0 exec sql %!(EXTRA string=exec sql  update tbl_lend_out_main set f_status= "0",f_lend_in_people= "2",f_lend_out_people= "-1",f_lend_date= "2020-11-08",f_update_user= "1",f_update_time= "2020-11-08 10:45:14",f_note= "",id= "8",f_serno= "",f_type= "0",f_deptid= "4",f_lend_pid= "-1",f_return_date= "2020-12-08" where id =8)
2020/11/08 10:45:14.134 [E]  svrport = 0 exec sql %!(EXTRA string=exec sql  delete from tbl_lend_out_detail where f_mid =  8)
2020/11/08 10:45:14.135 [E]  svrport = 0 exec sql %!(EXTRA string=exec sql  INSERT INTO tbl_lend_out_detail(f_mid,f_spid,f_qty,f_price,f_total,f_type,f_Lend_In_people,f_Lend_Out_people,f_Lend_PID, 									  f_lend_deptid,f_postion,f_Return_date,f_note,f_create_user,f_create_time,f_customid)  values(8,2,1,100,100,0,1,-1,-1,-1,-1,2020-11-08,借用,1,now(),0) )
2020/11/08 10:47:10.254 [E]  svrport = 0 query sql %!(EXTRA string=query sql select id from (SELECT id FROM tbl_perms where   f_api ="AssetsLend/del") a LIMIT 0,1)
2020/11/08 10:47:38.713 [E]  svrport = 0 exec sql %!(EXTRA string=exec sql update tbl_lend_out_main set  f_flag = 1, f_delete_user = 1,f_delete_time = now() where id =8)
2020/11/08 10:47:38.714 [E]  svrport = 0 exec sql %!(EXTRA string=exec sql  update tbl_lend_out_detail set  f_flag = 1, f_delete_user = 1,f_delete_time = now()  WHERE f_mid =8)
2020/11/08 11:05:49.814 [E]  svrport = 0 exec sql %!(EXTRA string=exec sql update tbl_lend_out_main set  f_flag = 1, f_delete_user = 1,f_delete_time = now() where id =8)
2020/11/08 11:05:49.815 [E]  svrport = 0 exec sql %!(EXTRA string=exec sql  update tbl_lend_out_detail set  f_flag = 1, f_delete_user = 1,f_delete_time = now()  WHERE f_mid =8)
2020/11/08 11:06:27.168 [E]  svrport = 0 exec sql %!(EXTRA string=exec sql update tbl_lend_out_main set  f_flag = 1, f_delete_user = 1,f_delete_time = now() where id =8)
2020/11/08 11:06:29.906 [E]  svrport = 0 exec sql %!(EXTRA string=exec sql  update tbl_lend_out_detail set  f_flag = 1, f_delete_user = 1,f_delete_time = now()  WHERE f_mid =8)
2020/11/08 11:07:28.253 [E]  svrport = 0 exec sql %!(EXTRA string=exec sql update tbl_lend_out_main set  f_flag = 1, f_delete_user = 1,f_delete_time = now() where id =8)
2020/11/08 11:07:29.289 [E]  svrport = 0 exec sql %!(EXTRA string=exec sql  update tbl_lend_out_detail set  f_flag = 1, f_delete_user = 1,f_delete_time = now()  WHERE f_mid =8)
2020/11/08 11:14:47.945 [E]  svrport = 0 exec sql %!(EXTRA string=exec sql  INSERT INTO tbl_lend_out_detail(f_mid,f_spid,f_qty,f_price,f_total,f_type,f_Lend_In_people,f_Lend_Out_people,f_Lend_PID, 									  f_lend_deptid,f_postion,f_Return_date,f_note,f_create_user,f_create_time,f_customid)  values(1,2,1,100,100,0,1,-1,-1,-1,-1,2020-11-08,借用,1,now(),0) )
2020/11/08 11:15:16.069 [E]  svrport = 0 exec sql %!(EXTRA string=exec sql update tbl_lend_out_main set  f_flag = 1, f_delete_user = 1,f_delete_time = now() where id =1)
2020/11/08 11:15:16.069 [E]  svrport = 0 exec sql %!(EXTRA string=exec sql  update tbl_lend_out_detail set  f_flag = 1, f_delete_user = 1,f_delete_time = now()  WHERE f_mid =1)
2020/11/08 11:15:57.721 [E]  svrport = 0 exec sql %!(EXTRA string=exec sql update tbl_lend_out_main set  f_flag = 1, f_delete_user = 1,f_delete_time = now() where id =1)
2020/11/08 11:16:13.191 [E]  svrport = 0 exec sql %!(EXTRA string=exec sql  update tbl_lend_out_detail set  f_flag = 1, f_delete_user = 1,f_delete_time = now()  WHERE f_mid =1)
2020/11/08 11:16:50.202 [E]  svrport = 0 exec sql %!(EXTRA string=exec sql update tbl_lend_out_main set  f_flag = 1, f_delete_user = 1,f_delete_time = now() where id =1)
2020/11/08 11:16:50.203 [E]  svrport = 0 exec sql %!(EXTRA string=exec sql  update tbl_lend_out_detail set  f_flag = 1, f_delete_user = 1,f_delete_time = now()  WHERE f_mid =1)
2020/11/08 11:20:42.693 [E]  svrport = 0 exec sql %!(EXTRA string=exec sql  update tbl_lend_out_main set f_status= "1",f_audit= "1",f_lend_in_people= "2",f_note= "",f_update_time= "2020-11-08 11:20:42",f_audit_date= "2020-11-08 11:20:42",f_serno= "",f_type= "0",f_deptid= "4",id= "1",f_lend_date= "2020-11-08",f_audit_userid= "",f_lend_out_people= "-1",f_lend_pid= "-1",f_return_date= "2020-12-08",f_update_user= "1" where id =1)
2020/11/08 11:21:21.933 [E]  svrport = 0 exec sql %!(EXTRA string=exec sql  update tbl_lend_out_main set id= "1",f_status= "1",f_audit= "1",f_audit_userid= "1",f_lend_out_people= "-1",f_lend_pid= "-1",f_lend_date= "2020-11-08",f_return_date= "2020-12-08",f_serno= "",f_type= "0",f_lend_in_people= "2",f_note= "",f_update_time= "2020-11-08 11:21:21",f_audit_date= "2020-11-08 11:21:21",f_deptid= "4",f_update_user= "1" where id =1)
2020/11/08 11:21:21.935 [E]  svrport = 0 exec sql %!(EXTRA string=exec sql  delete from tbl_lend_out_detail where f_mid =  1)
2020/11/08 11:21:21.936 [E]  svrport = 0 exec sql %!(EXTRA string=exec sql  INSERT INTO tbl_lend_out_detail(f_mid,f_spid,f_qty,f_price,f_total,f_type,f_Lend_In_people,f_Lend_Out_people,f_Lend_PID, 									  f_lend_deptid,f_postion,f_Return_date,f_note,f_create_user,f_create_time,f_customid)  values(1,2,1,100,100,0,1,-1,-1,-1,-1,2020-11-08,借用,1,now(),0) )
2020/11/08 11:21:22.005 [E]  svrport = 0 query sql %!(EXTRA string=exec sql call msp_Postion_Chang ( "3","1","1","0" ))
2020/11/08 11:24:14.054 [E]  svrport = 0 exec sql %!(EXTRA string=exec sql  update tbl_lend_out_main set f_audit= "1",f_type= "0",f_return_date= "2020-12-08",id= "1",f_lend_pid= "-1",f_update_user= "1",f_update_time= "2020-11-08 11:24:14",f_deptid= "4",f_lend_out_people= "-1",f_lend_date= "2020-11-08",f_note= "",f_audit_date= "2020-11-08 11:24:14",f_audit_userid= "1",f_serno= "",f_lend_in_people= "2",f_status= "1" where id =1)
2020/11/08 11:24:14.054 [E]  svrport = 0 exec sql %!(EXTRA string=exec sql  delete from tbl_lend_out_detail where f_mid =  1)
2020/11/08 11:24:14.055 [E]  svrport = 0 exec sql %!(EXTRA string=exec sql  INSERT INTO tbl_lend_out_detail(f_mid,f_spid,f_qty,f_price,f_total,f_type,f_Lend_In_people,f_Lend_Out_people,f_Lend_PID, 									  f_lend_deptid,f_postion,f_Return_date,f_note,f_create_user,f_create_time,f_customid)  values(1,2,1,100,100,0,1,-1,-1,-1,-1,2020-11-08,借用,1,now(),0) )
2020/11/08 11:24:14.063 [E]  svrport = 0 query sql %!(EXTRA string=exec sql call msp_Postion_Chang ( "3","1","1","0" ))
2020/11/08 11:29:00.077 [E]  svrport = 0 exec sql %!(EXTRA string=exec sql  update tbl_lend_out_main set id= "1",f_audit_userid= "1",f_serno= "",f_deptid= "4",f_lend_out_people= "-1",f_lend_pid= "-1",f_audit_date= "2020-11-08 11:29:00",f_type= "0",f_lend_in_people= "2",f_lend_date= "2020-11-08",f_update_user= "1",f_update_time= "2020-11-08 11:29:00",f_audit= "1",f_return_date= "2020-12-08",f_status= "1",f_note= "" where id =1)
2020/11/08 11:29:00.078 [E]  svrport = 0 exec sql %!(EXTRA string=exec sql  delete from tbl_lend_out_detail where f_mid =  1)
2020/11/08 11:29:00.079 [E]  svrport = 0 exec sql %!(EXTRA string=exec sql  INSERT INTO tbl_lend_out_detail(f_mid,f_spid,f_qty,f_price,f_total,f_type,f_Lend_In_people,f_Lend_Out_people,f_Lend_PID, 									  f_lend_deptid,f_postion,f_Return_date,f_note,f_create_user,f_create_time,f_customid)  values(1,2,1,100,100,0,1,-1,-1,-1,-1,2020-11-08,借用,1,now(),0) )
2020/11/08 14:18:28.952 [E]  svrport = 0 query sql %!(EXTRA string=exec sql CALL Msp_BillDetail_Query (3,1,1,1))
2020/11/08 15:38:34.929 [E]  svrport = 0 exec sql %!(EXTRA string=exec sql  INSERT INTO tbl_lend_in_detail(f_mid,f_spid,f_qty,f_price,f_total,f_Type,f_R_In_people,f_R_Out_people,f_R_PID,f_custody_deptid, 									 f_custody_userid,f_postion,f_spstate,f_note,f_create_user,f_create_time,f_customid )  values(2,2,1,100,100,0,1,-1,-1,-1,1,-1,破损,借用,1,now(),0) )
2020/11/08 16:51:53.632 [E]  svrport = 0 exec sql %!(EXTRA string=exec sql  update tbl_lend_in_main set f_R_PID= "",f_update_user= "1",id= "2",f_status= "",f_serno= "",f_R_In_people= "",f_R_Out_people= "",f_Type= "",f_deptid= "1",f_R_date= "2020-11-08",f_note= "",f_update_time= "2020-11-08 16:51:53" where id =2)
2020/11/08 17:50:42.399 [E]  svrport = 0 exec sql %!(EXTRA string=exec sql  update tbl_lend_in_main set f_deptid= "1",f_update_time= "2020-11-08 17:50:42",id= "2",f_type= "0",f_R_Out_people= "-1",f_R_PID= "-1",f_R_date= "2020-11-08",f_note= "",f_update_user= "1",f_status= "",f_serno= "",f_R_In_people= "2" where id =2)
2020/11/08 17:51:02.972 [E]  svrport = 0 exec sql %!(EXTRA string=exec sql  update tbl_lend_in_main set id= "2",f_R_PID= "-1",f_deptid= "1",f_update_time= "2020-11-08 17:51:02",f_R_date= "2020-11-08",f_note= "",f_update_user= "1",f_status= "0",f_serno= "",f_type= "0",f_R_In_people= "2",f_R_Out_people= "-1" where id =2)
2020/11/08 17:51:02.973 [E]  svrport = 0 exec sql %!(EXTRA string=exec sql  delete from tbl_lend_in_detail where f_mid =  2)
2020/11/08 17:51:02.974 [E]  svrport = 0 exec sql %!(EXTRA string=exec sql  INSERT INTO tbl_lend_in_detail(f_mid,f_spid,f_qty,f_price,f_total,f_Type,f_R_In_people,f_R_Out_people,f_R_PID,f_custody_deptid, 									 f_custody_userid,f_postion,f_spstate,f_note,f_create_user,f_create_time,f_customid )  values(2,2,1,100,100,0,1,-1,-1,-1,1,-1,破损,借用,,now(),0) )
2020/11/08 17:51:25.910 [E]  svrport = 0 exec sql %!(EXTRA string=exec sql  update tbl_lend_in_main set f_R_In_people= "2",f_R_Out_people= "-1",f_R_PID= "-1",f_R_date= "2020-11-08",f_update_time= "2020-11-08 17:51:25",id= "2",f_serno= "",f_type= "0",f_update_user= "1",f_status= "0",f_deptid= "1",f_note= "" where id =2)
2020/11/08 17:51:25.910 [E]  svrport = 0 exec sql %!(EXTRA string=exec sql  delete from tbl_lend_in_detail where f_mid =  2)
2020/11/08 17:51:25.912 [E]  svrport = 0 exec sql %!(EXTRA string=exec sql  INSERT INTO tbl_lend_in_detail(f_mid,f_spid,f_qty,f_price,f_total,f_Type,f_R_In_people,f_R_Out_people,f_R_PID,f_custody_deptid, 									 f_custody_userid,f_postion,f_spstate,f_note,f_create_user,f_create_time,f_customid )  values(2,2,1,100,100,0,1,-1,-1,-1,1,-1,破损,借用,1,now(),0) )
2020/11/08 17:52:56.257 [E]  svrport = 0 query sql %!(EXTRA string=query sql select id from (SELECT id FROM tbl_perms where   f_api ="AssetsLendInr/delete") a LIMIT 0,1)
2020/11/08 17:53:17.223 [E]  svrport = 0 exec sql %!(EXTRA string=exec sql update tbl_lend_in_main set  f_flag = 1, f_delete_user = 1,f_delete_time = now() where id =2)
2020/11/08 17:53:17.224 [E]  svrport = 0 exec sql %!(EXTRA string=exec sql  update tbl_lend_in_detail set  f_flag = 1, f_delete_user = 1,f_delete_time = now()  WHERE f_mid =2)
2020/11/08 17:55:14.768 [E]  svrport = 0 exec sql %!(EXTRA string=exec sql update tbl_lend_in_main set  f_flag = 1, f_delete_user = 1,f_delete_time = now() where id =2)
2020/11/08 17:55:14.769 [E]  svrport = 0 exec sql %!(EXTRA string=exec sql  update tbl_lend_in_detail set  f_flag = 1, f_delete_user = 1,f_delete_time = now()  WHERE f_mid =2)
2020/11/08 17:55:47.779 [E]  svrport = 0 exec sql %!(EXTRA string=exec sql  INSERT INTO tbl_lend_in_detail(f_mid,f_spid,f_qty,f_price,f_total,f_Type,f_R_In_people,f_R_Out_people,f_R_PID,f_custody_deptid, 									 f_custody_userid,f_postion,f_spstate,f_note,f_create_user,f_create_time,f_customid )  values(3,2,1,100,100,0,1,-1,-1,-1,1,-1,破损,借用,1,now(),0) )
2020/11/08 17:56:46.888 [E]  svrport = 0 query sql %!(EXTRA string=exec sql CALL Msp_BillMain_Query (4,1,"",1,'',1,20," order by m.id desc "))
2020/11/08 17:59:17.994 [E]  svrport = 0 query sql %!(EXTRA string=exec sql CALL Msp_BillDetail_Query (4,3,1,1))
