2020/11/30 16:10:55.627 [I]  接口访问 appid=0; 接口 =/api/AssetsList/brows/AllList; %!(EXTRA string=params = /api/AssetsList/brows/AllList; body = null)
2020/11/30 16:10:57.137 [I]  svrport = 0 exec sql %!(EXTRA string=query sql select icount from (select count(*) as icount from ( SELECT a.*,b.f_name AS createname,c.f_name AS updatename,d.f_name AS delname,e.f_name as f_deptname  FROM tbl_user a  LEFT JOIN tbl_user b ON a.f_create_user = b.id  LEFT JOIN tbl_user c ON a.f_update_user = c.id  LEFT JOIN tbl_user d ON a.f_delete_user = d.id   left join tbl_dept e on a.f_deptno = e.id  where a.f_customid = 0 and a.f_flag = 0 and a.f_type = 1 ) a ) a LIMIT 0,1)
2020/11/30 16:10:57.162 [I]  svrport = 0 exec sql %!(EXTRA string=exec sql SELECT * from ( SELECT a.*,b.f_name AS createname,c.f_name AS updatename,d.f_name AS delname,e.f_name as f_deptname  FROM tbl_user a  LEFT JOIN tbl_user b ON a.f_create_user = b.id  LEFT JOIN tbl_user c ON a.f_update_user = c.id  LEFT JOIN tbl_user d ON a.f_delete_user = d.id   left join tbl_dept e on a.f_deptno = e.id  where a.f_customid = 0 and a.f_flag = 0 and a.f_type = 1 ) a   limit 0,100)
2020/11/30 16:10:57.164 [I]  svrport = 0 exec sql %!(EXTRA string=query sql select f_name from (SELECT GROUP_CONCAT(b.f_name) AS f_name FROM tbl_role_user a INNER JOIN tbl_role b ON a.f_roleid = b.id WHERE a.f_userid = 1) a LIMIT 0,1)
2020/11/30 16:10:57.166 [I]  svrport = 0 exec sql %!(EXTRA string=exec sql SELECT f_roleid FROM tbl_role_user  WHERE f_userid = 1 )
2020/11/30 16:10:57.166 [I]  svrport = 0 exec sql %!(EXTRA string=query sql select f_name from (SELECT GROUP_CONCAT(b.f_name) AS f_name FROM tbl_role_user a INNER JOIN tbl_role b ON a.f_roleid = b.id WHERE a.f_userid = 2) a LIMIT 0,1)
2020/11/30 16:10:57.167 [I]  svrport = 0 exec sql %!(EXTRA string=exec sql SELECT f_roleid FROM tbl_role_user  WHERE f_userid = 2 )
2020/11/30 16:10:57.167 [I]  svrport = 0 exec sql %!(EXTRA string=query sql select f_name from (SELECT GROUP_CONCAT(b.f_name) AS f_name FROM tbl_role_user a INNER JOIN tbl_role b ON a.f_roleid = b.id WHERE a.f_userid = 3) a LIMIT 0,1)
2020/11/30 16:10:57.167 [I]  svrport = 0 query sql %!(EXTRA string=query sql select f_name from (SELECT GROUP_CONCAT(b.f_name) AS f_name FROM tbl_role_user a INNER JOIN tbl_role b ON a.f_roleid = b.id WHERE a.f_userid = 3) a LIMIT 0,1)
2020/11/30 16:10:57.167 [I]  svrport = 0 exec sql %!(EXTRA string=exec sql SELECT f_roleid FROM tbl_role_user  WHERE f_userid = 3 )
2020/11/30 16:10:57.168 [I]  svrport = 0 exec sql %!(EXTRA string=query sql select f_name from (SELECT GROUP_CONCAT(b.f_name) AS f_name FROM tbl_role_user a INNER JOIN tbl_role b ON a.f_roleid = b.id WHERE a.f_userid = 4) a LIMIT 0,1)
2020/11/30 16:10:57.169 [I]  svrport = 0 query sql %!(EXTRA string=query sql select f_name from (SELECT GROUP_CONCAT(b.f_name) AS f_name FROM tbl_role_user a INNER JOIN tbl_role b ON a.f_roleid = b.id WHERE a.f_userid = 4) a LIMIT 0,1)
2020/11/30 16:10:57.169 [I]  svrport = 0 exec sql %!(EXTRA string=exec sql SELECT f_roleid FROM tbl_role_user  WHERE f_userid = 4 )
2020/11/30 16:10:57.169 [I]  svrport = 0 exec sql %!(EXTRA string=query sql select f_name from (SELECT GROUP_CONCAT(b.f_name) AS f_name FROM tbl_role_user a INNER JOIN tbl_role b ON a.f_roleid = b.id WHERE a.f_userid = 5) a LIMIT 0,1)
2020/11/30 16:10:57.170 [I]  svrport = 0 query sql %!(EXTRA string=query sql select f_name from (SELECT GROUP_CONCAT(b.f_name) AS f_name FROM tbl_role_user a INNER JOIN tbl_role b ON a.f_roleid = b.id WHERE a.f_userid = 5) a LIMIT 0,1)
2020/11/30 16:10:57.170 [I]  svrport = 0 exec sql %!(EXTRA string=exec sql SELECT f_roleid FROM tbl_role_user  WHERE f_userid = 5 )
2020/11/30 16:10:57.171 [I]  svrport = 0 exec sql %!(EXTRA string=query sql select f_name from (SELECT GROUP_CONCAT(b.f_name) AS f_name FROM tbl_role_user a INNER JOIN tbl_role b ON a.f_roleid = b.id WHERE a.f_userid = 6) a LIMIT 0,1)
2020/11/30 16:10:57.171 [I]  svrport = 0 query sql %!(EXTRA string=query sql select f_name from (SELECT GROUP_CONCAT(b.f_name) AS f_name FROM tbl_role_user a INNER JOIN tbl_role b ON a.f_roleid = b.id WHERE a.f_userid = 6) a LIMIT 0,1)
2020/11/30 16:10:57.171 [I]  svrport = 0 exec sql %!(EXTRA string=exec sql SELECT f_roleid FROM tbl_role_user  WHERE f_userid = 6 )
2020/11/30 16:10:57.172 [I]  svrport = 0 exec sql %!(EXTRA string=query sql select f_name from (SELECT GROUP_CONCAT(b.f_name) AS f_name FROM tbl_role_user a INNER JOIN tbl_role b ON a.f_roleid = b.id WHERE a.f_userid = 7) a LIMIT 0,1)
2020/11/30 16:10:57.172 [I]  svrport = 0 query sql %!(EXTRA string=query sql select f_name from (SELECT GROUP_CONCAT(b.f_name) AS f_name FROM tbl_role_user a INNER JOIN tbl_role b ON a.f_roleid = b.id WHERE a.f_userid = 7) a LIMIT 0,1)
2020/11/30 16:10:57.172 [I]  svrport = 0 exec sql %!(EXTRA string=exec sql SELECT f_roleid FROM tbl_role_user  WHERE f_userid = 7 )
2020/11/30 16:10:57.172 [I]  svrport = 0 exec sql %!(EXTRA string=query sql select f_name from (SELECT GROUP_CONCAT(b.f_name) AS f_name FROM tbl_role_user a INNER JOIN tbl_role b ON a.f_roleid = b.id WHERE a.f_userid = 8) a LIMIT 0,1)
2020/11/30 16:10:57.173 [I]  svrport = 0 exec sql %!(EXTRA string=exec sql SELECT f_roleid FROM tbl_role_user  WHERE f_userid = 8 )
2020/11/30 16:10:57.173 [I]  svrport = 0 exec sql %!(EXTRA string=query sql select f_name from (SELECT GROUP_CONCAT(b.f_name) AS f_name FROM tbl_role_user a INNER JOIN tbl_role b ON a.f_roleid = b.id WHERE a.f_userid = 9) a LIMIT 0,1)
2020/11/30 16:10:57.173 [I]  svrport = 0 query sql %!(EXTRA string=query sql select f_name from (SELECT GROUP_CONCAT(b.f_name) AS f_name FROM tbl_role_user a INNER JOIN tbl_role b ON a.f_roleid = b.id WHERE a.f_userid = 9) a LIMIT 0,1)
2020/11/30 16:10:57.173 [I]  svrport = 0 exec sql %!(EXTRA string=exec sql SELECT f_roleid FROM tbl_role_user  WHERE f_userid = 9 )
2020/11/30 16:10:57.174 [I]  svrport = 0 exec sql %!(EXTRA string=query sql select f_name from (SELECT GROUP_CONCAT(b.f_name) AS f_name FROM tbl_role_user a INNER JOIN tbl_role b ON a.f_roleid = b.id WHERE a.f_userid = 10) a LIMIT 0,1)
2020/11/30 16:10:57.174 [I]  svrport = 0 query sql %!(EXTRA string=query sql select f_name from (SELECT GROUP_CONCAT(b.f_name) AS f_name FROM tbl_role_user a INNER JOIN tbl_role b ON a.f_roleid = b.id WHERE a.f_userid = 10) a LIMIT 0,1)
2020/11/30 16:10:57.174 [I]  svrport = 0 exec sql %!(EXTRA string=exec sql SELECT f_roleid FROM tbl_role_user  WHERE f_userid = 10 )
2020/11/30 16:10:57.175 [I]  svrport = 0 exec sql %!(EXTRA string=query sql select f_name from (SELECT GROUP_CONCAT(b.f_name) AS f_name FROM tbl_role_user a INNER JOIN tbl_role b ON a.f_roleid = b.id WHERE a.f_userid = 11) a LIMIT 0,1)
2020/11/30 16:10:57.175 [I]  svrport = 0 query sql %!(EXTRA string=query sql select f_name from (SELECT GROUP_CONCAT(b.f_name) AS f_name FROM tbl_role_user a INNER JOIN tbl_role b ON a.f_roleid = b.id WHERE a.f_userid = 11) a LIMIT 0,1)
2020/11/30 16:10:57.175 [I]  svrport = 0 exec sql %!(EXTRA string=exec sql SELECT f_roleid FROM tbl_role_user  WHERE f_userid = 11 )
2020/11/30 16:10:57.175 [I]  svrport = 0 exec sql %!(EXTRA string=query sql select f_name from (SELECT GROUP_CONCAT(b.f_name) AS f_name FROM tbl_role_user a INNER JOIN tbl_role b ON a.f_roleid = b.id WHERE a.f_userid = 12) a LIMIT 0,1)
2020/11/30 16:10:57.176 [I]  svrport = 0 query sql %!(EXTRA string=query sql select f_name from (SELECT GROUP_CONCAT(b.f_name) AS f_name FROM tbl_role_user a INNER JOIN tbl_role b ON a.f_roleid = b.id WHERE a.f_userid = 12) a LIMIT 0,1)
2020/11/30 16:10:57.176 [I]  svrport = 0 exec sql %!(EXTRA string=exec sql SELECT f_roleid FROM tbl_role_user  WHERE f_userid = 12 )
2020/11/30 16:10:57.176 [I]  svrport = 0 exec sql %!(EXTRA string=query sql select f_name from (SELECT GROUP_CONCAT(b.f_name) AS f_name FROM tbl_role_user a INNER JOIN tbl_role b ON a.f_roleid = b.id WHERE a.f_userid = 13) a LIMIT 0,1)
2020/11/30 16:10:57.176 [I]  svrport = 0 query sql %!(EXTRA string=query sql select f_name from (SELECT GROUP_CONCAT(b.f_name) AS f_name FROM tbl_role_user a INNER JOIN tbl_role b ON a.f_roleid = b.id WHERE a.f_userid = 13) a LIMIT 0,1)
2020/11/30 16:10:57.176 [I]  svrport = 0 exec sql %!(EXTRA string=exec sql SELECT f_roleid FROM tbl_role_user  WHERE f_userid = 13 )
2020/11/30 16:10:57.177 [I]  svrport = 0 exec sql %!(EXTRA string=query sql select f_name from (SELECT GROUP_CONCAT(b.f_name) AS f_name FROM tbl_role_user a INNER JOIN tbl_role b ON a.f_roleid = b.id WHERE a.f_userid = 20) a LIMIT 0,1)
2020/11/30 16:10:57.177 [I]  svrport = 0 query sql %!(EXTRA string=query sql select f_name from (SELECT GROUP_CONCAT(b.f_name) AS f_name FROM tbl_role_user a INNER JOIN tbl_role b ON a.f_roleid = b.id WHERE a.f_userid = 20) a LIMIT 0,1)
2020/11/30 16:10:57.177 [I]  svrport = 0 exec sql %!(EXTRA string=exec sql SELECT f_roleid FROM tbl_role_user  WHERE f_userid = 20 )
2020/11/30 16:10:57.178 [I]  svrport = 0 exec sql %!(EXTRA string=query sql select f_name from (SELECT GROUP_CONCAT(b.f_name) AS f_name FROM tbl_role_user a INNER JOIN tbl_role b ON a.f_roleid = b.id WHERE a.f_userid = 21) a LIMIT 0,1)
2020/11/30 16:10:57.178 [I]  svrport = 0 query sql %!(EXTRA string=query sql select f_name from (SELECT GROUP_CONCAT(b.f_name) AS f_name FROM tbl_role_user a INNER JOIN tbl_role b ON a.f_roleid = b.id WHERE a.f_userid = 21) a LIMIT 0,1)
2020/11/30 16:10:57.178 [I]  svrport = 0 exec sql %!(EXTRA string=exec sql SELECT f_roleid FROM tbl_role_user  WHERE f_userid = 21 )
2020/11/30 16:10:57.178 [I]  svrport = 0 exec sql %!(EXTRA string=query sql select f_name from (SELECT GROUP_CONCAT(b.f_name) AS f_name FROM tbl_role_user a INNER JOIN tbl_role b ON a.f_roleid = b.id WHERE a.f_userid = 22) a LIMIT 0,1)
2020/11/30 16:10:57.179 [I]  svrport = 0 query sql %!(EXTRA string=query sql select f_name from (SELECT GROUP_CONCAT(b.f_name) AS f_name FROM tbl_role_user a INNER JOIN tbl_role b ON a.f_roleid = b.id WHERE a.f_userid = 22) a LIMIT 0,1)
2020/11/30 16:10:57.179 [I]  svrport = 0 exec sql %!(EXTRA string=exec sql SELECT f_roleid FROM tbl_role_user  WHERE f_userid = 22 )
2020/11/30 16:10:57.179 [I]  svrport = 0 exec sql %!(EXTRA string=query sql select f_name from (SELECT GROUP_CONCAT(b.f_name) AS f_name FROM tbl_role_user a INNER JOIN tbl_role b ON a.f_roleid = b.id WHERE a.f_userid = 23) a LIMIT 0,1)
2020/11/30 16:10:57.179 [I]  svrport = 0 query sql %!(EXTRA string=query sql select f_name from (SELECT GROUP_CONCAT(b.f_name) AS f_name FROM tbl_role_user a INNER JOIN tbl_role b ON a.f_roleid = b.id WHERE a.f_userid = 23) a LIMIT 0,1)
2020/11/30 16:10:57.179 [I]  svrport = 0 exec sql %!(EXTRA string=exec sql SELECT f_roleid FROM tbl_role_user  WHERE f_userid = 23 )
2020/11/30 16:10:57.180 [I]  svrport = 0 exec sql %!(EXTRA string=query sql select f_name from (SELECT GROUP_CONCAT(b.f_name) AS f_name FROM tbl_role_user a INNER JOIN tbl_role b ON a.f_roleid = b.id WHERE a.f_userid = 24) a LIMIT 0,1)
2020/11/30 16:10:57.180 [I]  svrport = 0 query sql %!(EXTRA string=query sql select f_name from (SELECT GROUP_CONCAT(b.f_name) AS f_name FROM tbl_role_user a INNER JOIN tbl_role b ON a.f_roleid = b.id WHERE a.f_userid = 24) a LIMIT 0,1)
2020/11/30 16:10:57.180 [I]  svrport = 0 exec sql %!(EXTRA string=exec sql SELECT f_roleid FROM tbl_role_user  WHERE f_userid = 24 )
2020/11/30 16:10:57.180 [I]  svrport = 0 exec sql %!(EXTRA string=query sql select f_name from (SELECT GROUP_CONCAT(b.f_name) AS f_name FROM tbl_role_user a INNER JOIN tbl_role b ON a.f_roleid = b.id WHERE a.f_userid = 29) a LIMIT 0,1)
2020/11/30 16:10:57.181 [I]  svrport = 0 query sql %!(EXTRA string=query sql select f_name from (SELECT GROUP_CONCAT(b.f_name) AS f_name FROM tbl_role_user a INNER JOIN tbl_role b ON a.f_roleid = b.id WHERE a.f_userid = 29) a LIMIT 0,1)
2020/11/30 16:10:57.181 [I]  svrport = 0 exec sql %!(EXTRA string=exec sql SELECT f_roleid FROM tbl_role_user  WHERE f_userid = 29 )
2020/11/30 16:10:57.181 [I]  svrport = 0 exec sql %!(EXTRA string=query sql select f_name from (SELECT GROUP_CONCAT(b.f_name) AS f_name FROM tbl_role_user a INNER JOIN tbl_role b ON a.f_roleid = b.id WHERE a.f_userid = 37) a LIMIT 0,1)
2020/11/30 16:10:57.182 [I]  svrport = 0 exec sql %!(EXTRA string=exec sql SELECT f_roleid FROM tbl_role_user  WHERE f_userid = 37 )
2020/11/30 16:10:57.182 [I]  svrport = 0 exec sql %!(EXTRA string=query sql select f_name from (SELECT GROUP_CONCAT(b.f_name) AS f_name FROM tbl_role_user a INNER JOIN tbl_role b ON a.f_roleid = b.id WHERE a.f_userid = 39) a LIMIT 0,1)
2020/11/30 16:10:57.182 [I]  svrport = 0 exec sql %!(EXTRA string=exec sql SELECT f_roleid FROM tbl_role_user  WHERE f_userid = 39 )
2020/11/30 16:10:57.183 [I]  svrport = 0 exec sql %!(EXTRA string=query sql select f_name from (SELECT GROUP_CONCAT(b.f_name) AS f_name FROM tbl_role_user a INNER JOIN tbl_role b ON a.f_roleid = b.id WHERE a.f_userid = 40) a LIMIT 0,1)
2020/11/30 16:10:57.183 [I]  svrport = 0 exec sql %!(EXTRA string=exec sql SELECT f_roleid FROM tbl_role_user  WHERE f_userid = 40 )
2020/11/30 16:10:57.184 [I]  svrport = 0 exec sql %!(EXTRA string=query sql select f_name from (SELECT GROUP_CONCAT(b.f_name) AS f_name FROM tbl_role_user a INNER JOIN tbl_role b ON a.f_roleid = b.id WHERE a.f_userid = 46) a LIMIT 0,1)
2020/11/30 16:10:57.184 [I]  svrport = 0 exec sql %!(EXTRA string=exec sql SELECT f_roleid FROM tbl_role_user  WHERE f_userid = 46 )
2020/11/30 16:18:14.649 [I]  接口访问 appid=0; 接口 =/api/AssetsList/brows/AllList; %!(EXTRA string=params = /api/AssetsList/brows/AllList; body = null)
2020/11/30 16:18:14.865 [I]  svrport = 0 exec sql %!(EXTRA string=exec sql  SELECT top 100 ts.f_Unit FROM tbl_spinfo ts GROUP BY ts.f_Unit )
2020/11/30 16:18:15.068 [I]  svrport = 0 query sql %!(EXTRA string=exec sql  SELECT top 100 ts.f_Unit FROM tbl_spinfo ts GROUP BY ts.f_Unit )
2020/11/30 16:18:15.070 [I]  svrport = 0 exec sql %!(EXTRA string=query sql select icount from (select count(*) as icount from ( SELECT a.*,b.f_name AS createname,c.f_name AS updatename,d.f_name AS delname,e.f_name as f_deptname  FROM tbl_user a  LEFT JOIN tbl_user b ON a.f_create_user = b.id  LEFT JOIN tbl_user c ON a.f_update_user = c.id  LEFT JOIN tbl_user d ON a.f_delete_user = d.id   left join tbl_dept e on a.f_deptno = e.id  where a.f_customid = 0 and a.f_flag = 0 and a.f_type = 1 ) a ) a LIMIT 0,1)
2020/11/30 16:18:15.076 [I]  svrport = 0 exec sql %!(EXTRA string=exec sql SELECT * from ( SELECT a.*,b.f_name AS createname,c.f_name AS updatename,d.f_name AS delname,e.f_name as f_deptname  FROM tbl_user a  LEFT JOIN tbl_user b ON a.f_create_user = b.id  LEFT JOIN tbl_user c ON a.f_update_user = c.id  LEFT JOIN tbl_user d ON a.f_delete_user = d.id   left join tbl_dept e on a.f_deptno = e.id  where a.f_customid = 0 and a.f_flag = 0 and a.f_type = 1 ) a   limit 0,100)
2020/11/30 16:18:15.078 [I]  svrport = 0 exec sql %!(EXTRA string=query sql select f_name from (SELECT GROUP_CONCAT(b.f_name) AS f_name FROM tbl_role_user a INNER JOIN tbl_role b ON a.f_roleid = b.id WHERE a.f_userid = 1) a LIMIT 0,1)
2020/11/30 16:18:15.079 [I]  svrport = 0 exec sql %!(EXTRA string=exec sql SELECT f_roleid FROM tbl_role_user  WHERE f_userid = 1 )
2020/11/30 16:18:15.079 [I]  svrport = 0 exec sql %!(EXTRA string=query sql select f_name from (SELECT GROUP_CONCAT(b.f_name) AS f_name FROM tbl_role_user a INNER JOIN tbl_role b ON a.f_roleid = b.id WHERE a.f_userid = 2) a LIMIT 0,1)
2020/11/30 16:18:15.080 [I]  svrport = 0 exec sql %!(EXTRA string=exec sql SELECT f_roleid FROM tbl_role_user  WHERE f_userid = 2 )
2020/11/30 16:18:15.080 [I]  svrport = 0 exec sql %!(EXTRA string=query sql select f_name from (SELECT GROUP_CONCAT(b.f_name) AS f_name FROM tbl_role_user a INNER JOIN tbl_role b ON a.f_roleid = b.id WHERE a.f_userid = 3) a LIMIT 0,1)
2020/11/30 16:18:15.080 [I]  svrport = 0 query sql %!(EXTRA string=query sql select f_name from (SELECT GROUP_CONCAT(b.f_name) AS f_name FROM tbl_role_user a INNER JOIN tbl_role b ON a.f_roleid = b.id WHERE a.f_userid = 3) a LIMIT 0,1)
2020/11/30 16:18:15.080 [I]  svrport = 0 exec sql %!(EXTRA string=exec sql SELECT f_roleid FROM tbl_role_user  WHERE f_userid = 3 )
2020/11/30 16:18:15.081 [I]  svrport = 0 exec sql %!(EXTRA string=query sql select f_name from (SELECT GROUP_CONCAT(b.f_name) AS f_name FROM tbl_role_user a INNER JOIN tbl_role b ON a.f_roleid = b.id WHERE a.f_userid = 4) a LIMIT 0,1)
2020/11/30 16:18:15.081 [I]  svrport = 0 query sql %!(EXTRA string=query sql select f_name from (SELECT GROUP_CONCAT(b.f_name) AS f_name FROM tbl_role_user a INNER JOIN tbl_role b ON a.f_roleid = b.id WHERE a.f_userid = 4) a LIMIT 0,1)
2020/11/30 16:18:15.081 [I]  svrport = 0 exec sql %!(EXTRA string=exec sql SELECT f_roleid FROM tbl_role_user  WHERE f_userid = 4 )
2020/11/30 16:18:15.082 [I]  svrport = 0 exec sql %!(EXTRA string=query sql select f_name from (SELECT GROUP_CONCAT(b.f_name) AS f_name FROM tbl_role_user a INNER JOIN tbl_role b ON a.f_roleid = b.id WHERE a.f_userid = 5) a LIMIT 0,1)
2020/11/30 16:18:15.082 [I]  svrport = 0 query sql %!(EXTRA string=query sql select f_name from (SELECT GROUP_CONCAT(b.f_name) AS f_name FROM tbl_role_user a INNER JOIN tbl_role b ON a.f_roleid = b.id WHERE a.f_userid = 5) a LIMIT 0,1)
2020/11/30 16:18:15.082 [I]  svrport = 0 exec sql %!(EXTRA string=exec sql SELECT f_roleid FROM tbl_role_user  WHERE f_userid = 5 )
2020/11/30 16:18:15.082 [I]  svrport = 0 exec sql %!(EXTRA string=query sql select f_name from (SELECT GROUP_CONCAT(b.f_name) AS f_name FROM tbl_role_user a INNER JOIN tbl_role b ON a.f_roleid = b.id WHERE a.f_userid = 6) a LIMIT 0,1)
2020/11/30 16:18:15.083 [I]  svrport = 0 query sql %!(EXTRA string=query sql select f_name from (SELECT GROUP_CONCAT(b.f_name) AS f_name FROM tbl_role_user a INNER JOIN tbl_role b ON a.f_roleid = b.id WHERE a.f_userid = 6) a LIMIT 0,1)
2020/11/30 16:18:15.083 [I]  svrport = 0 exec sql %!(EXTRA string=exec sql SELECT f_roleid FROM tbl_role_user  WHERE f_userid = 6 )
2020/11/30 16:18:15.083 [I]  svrport = 0 exec sql %!(EXTRA string=query sql select f_name from (SELECT GROUP_CONCAT(b.f_name) AS f_name FROM tbl_role_user a INNER JOIN tbl_role b ON a.f_roleid = b.id WHERE a.f_userid = 7) a LIMIT 0,1)
2020/11/30 16:18:15.083 [I]  svrport = 0 query sql %!(EXTRA string=query sql select f_name from (SELECT GROUP_CONCAT(b.f_name) AS f_name FROM tbl_role_user a INNER JOIN tbl_role b ON a.f_roleid = b.id WHERE a.f_userid = 7) a LIMIT 0,1)
2020/11/30 16:18:15.083 [I]  svrport = 0 exec sql %!(EXTRA string=exec sql SELECT f_roleid FROM tbl_role_user  WHERE f_userid = 7 )
2020/11/30 16:18:15.084 [I]  svrport = 0 exec sql %!(EXTRA string=query sql select f_name from (SELECT GROUP_CONCAT(b.f_name) AS f_name FROM tbl_role_user a INNER JOIN tbl_role b ON a.f_roleid = b.id WHERE a.f_userid = 8) a LIMIT 0,1)
2020/11/30 16:18:15.084 [I]  svrport = 0 exec sql %!(EXTRA string=exec sql SELECT f_roleid FROM tbl_role_user  WHERE f_userid = 8 )
2020/11/30 16:18:15.084 [I]  svrport = 0 exec sql %!(EXTRA string=query sql select f_name from (SELECT GROUP_CONCAT(b.f_name) AS f_name FROM tbl_role_user a INNER JOIN tbl_role b ON a.f_roleid = b.id WHERE a.f_userid = 9) a LIMIT 0,1)
2020/11/30 16:18:15.084 [I]  svrport = 0 query sql %!(EXTRA string=query sql select f_name from (SELECT GROUP_CONCAT(b.f_name) AS f_name FROM tbl_role_user a INNER JOIN tbl_role b ON a.f_roleid = b.id WHERE a.f_userid = 9) a LIMIT 0,1)
2020/11/30 16:18:15.085 [I]  svrport = 0 exec sql %!(EXTRA string=exec sql SELECT f_roleid FROM tbl_role_user  WHERE f_userid = 9 )
2020/11/30 16:18:15.085 [I]  svrport = 0 exec sql %!(EXTRA string=query sql select f_name from (SELECT GROUP_CONCAT(b.f_name) AS f_name FROM tbl_role_user a INNER JOIN tbl_role b ON a.f_roleid = b.id WHERE a.f_userid = 10) a LIMIT 0,1)
2020/11/30 16:18:15.085 [I]  svrport = 0 query sql %!(EXTRA string=query sql select f_name from (SELECT GROUP_CONCAT(b.f_name) AS f_name FROM tbl_role_user a INNER JOIN tbl_role b ON a.f_roleid = b.id WHERE a.f_userid = 10) a LIMIT 0,1)
2020/11/30 16:18:15.085 [I]  svrport = 0 exec sql %!(EXTRA string=exec sql SELECT f_roleid FROM tbl_role_user  WHERE f_userid = 10 )
2020/11/30 16:18:15.085 [I]  svrport = 0 exec sql %!(EXTRA string=query sql select f_name from (SELECT GROUP_CONCAT(b.f_name) AS f_name FROM tbl_role_user a INNER JOIN tbl_role b ON a.f_roleid = b.id WHERE a.f_userid = 11) a LIMIT 0,1)
2020/11/30 16:18:15.086 [I]  svrport = 0 query sql %!(EXTRA string=query sql select f_name from (SELECT GROUP_CONCAT(b.f_name) AS f_name FROM tbl_role_user a INNER JOIN tbl_role b ON a.f_roleid = b.id WHERE a.f_userid = 11) a LIMIT 0,1)
2020/11/30 16:18:15.086 [I]  svrport = 0 exec sql %!(EXTRA string=exec sql SELECT f_roleid FROM tbl_role_user  WHERE f_userid = 11 )
2020/11/30 16:18:15.086 [I]  svrport = 0 exec sql %!(EXTRA string=query sql select f_name from (SELECT GROUP_CONCAT(b.f_name) AS f_name FROM tbl_role_user a INNER JOIN tbl_role b ON a.f_roleid = b.id WHERE a.f_userid = 12) a LIMIT 0,1)
2020/11/30 16:18:15.086 [I]  svrport = 0 query sql %!(EXTRA string=query sql select f_name from (SELECT GROUP_CONCAT(b.f_name) AS f_name FROM tbl_role_user a INNER JOIN tbl_role b ON a.f_roleid = b.id WHERE a.f_userid = 12) a LIMIT 0,1)
2020/11/30 16:18:15.086 [I]  svrport = 0 exec sql %!(EXTRA string=exec sql SELECT f_roleid FROM tbl_role_user  WHERE f_userid = 12 )
2020/11/30 16:18:15.087 [I]  svrport = 0 exec sql %!(EXTRA string=query sql select f_name from (SELECT GROUP_CONCAT(b.f_name) AS f_name FROM tbl_role_user a INNER JOIN tbl_role b ON a.f_roleid = b.id WHERE a.f_userid = 13) a LIMIT 0,1)
2020/11/30 16:18:15.087 [I]  svrport = 0 query sql %!(EXTRA string=query sql select f_name from (SELECT GROUP_CONCAT(b.f_name) AS f_name FROM tbl_role_user a INNER JOIN tbl_role b ON a.f_roleid = b.id WHERE a.f_userid = 13) a LIMIT 0,1)
2020/11/30 16:18:15.087 [I]  svrport = 0 exec sql %!(EXTRA string=exec sql SELECT f_roleid FROM tbl_role_user  WHERE f_userid = 13 )
2020/11/30 16:18:15.087 [I]  svrport = 0 exec sql %!(EXTRA string=query sql select f_name from (SELECT GROUP_CONCAT(b.f_name) AS f_name FROM tbl_role_user a INNER JOIN tbl_role b ON a.f_roleid = b.id WHERE a.f_userid = 20) a LIMIT 0,1)
2020/11/30 16:18:15.087 [I]  svrport = 0 query sql %!(EXTRA string=query sql select f_name from (SELECT GROUP_CONCAT(b.f_name) AS f_name FROM tbl_role_user a INNER JOIN tbl_role b ON a.f_roleid = b.id WHERE a.f_userid = 20) a LIMIT 0,1)
2020/11/30 16:18:15.087 [I]  svrport = 0 exec sql %!(EXTRA string=exec sql SELECT f_roleid FROM tbl_role_user  WHERE f_userid = 20 )
2020/11/30 16:18:15.088 [I]  svrport = 0 exec sql %!(EXTRA string=query sql select f_name from (SELECT GROUP_CONCAT(b.f_name) AS f_name FROM tbl_role_user a INNER JOIN tbl_role b ON a.f_roleid = b.id WHERE a.f_userid = 21) a LIMIT 0,1)
2020/11/30 16:18:15.088 [I]  svrport = 0 query sql %!(EXTRA string=query sql select f_name from (SELECT GROUP_CONCAT(b.f_name) AS f_name FROM tbl_role_user a INNER JOIN tbl_role b ON a.f_roleid = b.id WHERE a.f_userid = 21) a LIMIT 0,1)
2020/11/30 16:18:15.088 [I]  svrport = 0 exec sql %!(EXTRA string=exec sql SELECT f_roleid FROM tbl_role_user  WHERE f_userid = 21 )
2020/11/30 16:18:15.088 [I]  svrport = 0 exec sql %!(EXTRA string=query sql select f_name from (SELECT GROUP_CONCAT(b.f_name) AS f_name FROM tbl_role_user a INNER JOIN tbl_role b ON a.f_roleid = b.id WHERE a.f_userid = 22) a LIMIT 0,1)
2020/11/30 16:18:15.088 [I]  svrport = 0 query sql %!(EXTRA string=query sql select f_name from (SELECT GROUP_CONCAT(b.f_name) AS f_name FROM tbl_role_user a INNER JOIN tbl_role b ON a.f_roleid = b.id WHERE a.f_userid = 22) a LIMIT 0,1)
2020/11/30 16:18:15.088 [I]  svrport = 0 exec sql %!(EXTRA string=exec sql SELECT f_roleid FROM tbl_role_user  WHERE f_userid = 22 )
2020/11/30 16:18:15.089 [I]  svrport = 0 exec sql %!(EXTRA string=query sql select f_name from (SELECT GROUP_CONCAT(b.f_name) AS f_name FROM tbl_role_user a INNER JOIN tbl_role b ON a.f_roleid = b.id WHERE a.f_userid = 23) a LIMIT 0,1)
2020/11/30 16:18:15.089 [I]  svrport = 0 query sql %!(EXTRA string=query sql select f_name from (SELECT GROUP_CONCAT(b.f_name) AS f_name FROM tbl_role_user a INNER JOIN tbl_role b ON a.f_roleid = b.id WHERE a.f_userid = 23) a LIMIT 0,1)
2020/11/30 16:18:15.089 [I]  svrport = 0 exec sql %!(EXTRA string=exec sql SELECT f_roleid FROM tbl_role_user  WHERE f_userid = 23 )
2020/11/30 16:18:15.089 [I]  svrport = 0 exec sql %!(EXTRA string=query sql select f_name from (SELECT GROUP_CONCAT(b.f_name) AS f_name FROM tbl_role_user a INNER JOIN tbl_role b ON a.f_roleid = b.id WHERE a.f_userid = 24) a LIMIT 0,1)
2020/11/30 16:18:15.090 [I]  svrport = 0 query sql %!(EXTRA string=query sql select f_name from (SELECT GROUP_CONCAT(b.f_name) AS f_name FROM tbl_role_user a INNER JOIN tbl_role b ON a.f_roleid = b.id WHERE a.f_userid = 24) a LIMIT 0,1)
2020/11/30 16:18:15.090 [I]  svrport = 0 exec sql %!(EXTRA string=exec sql SELECT f_roleid FROM tbl_role_user  WHERE f_userid = 24 )
2020/11/30 16:18:15.090 [I]  svrport = 0 exec sql %!(EXTRA string=query sql select f_name from (SELECT GROUP_CONCAT(b.f_name) AS f_name FROM tbl_role_user a INNER JOIN tbl_role b ON a.f_roleid = b.id WHERE a.f_userid = 29) a LIMIT 0,1)
2020/11/30 16:18:15.090 [I]  svrport = 0 query sql %!(EXTRA string=query sql select f_name from (SELECT GROUP_CONCAT(b.f_name) AS f_name FROM tbl_role_user a INNER JOIN tbl_role b ON a.f_roleid = b.id WHERE a.f_userid = 29) a LIMIT 0,1)
2020/11/30 16:18:15.090 [I]  svrport = 0 exec sql %!(EXTRA string=exec sql SELECT f_roleid FROM tbl_role_user  WHERE f_userid = 29 )
2020/11/30 16:18:15.091 [I]  svrport = 0 exec sql %!(EXTRA string=query sql select f_name from (SELECT GROUP_CONCAT(b.f_name) AS f_name FROM tbl_role_user a INNER JOIN tbl_role b ON a.f_roleid = b.id WHERE a.f_userid = 37) a LIMIT 0,1)
2020/11/30 16:18:15.091 [I]  svrport = 0 exec sql %!(EXTRA string=exec sql SELECT f_roleid FROM tbl_role_user  WHERE f_userid = 37 )
2020/11/30 16:18:15.091 [I]  svrport = 0 exec sql %!(EXTRA string=query sql select f_name from (SELECT GROUP_CONCAT(b.f_name) AS f_name FROM tbl_role_user a INNER JOIN tbl_role b ON a.f_roleid = b.id WHERE a.f_userid = 39) a LIMIT 0,1)
2020/11/30 16:18:15.091 [I]  svrport = 0 exec sql %!(EXTRA string=exec sql SELECT f_roleid FROM tbl_role_user  WHERE f_userid = 39 )
2020/11/30 16:18:15.092 [I]  svrport = 0 exec sql %!(EXTRA string=query sql select f_name from (SELECT GROUP_CONCAT(b.f_name) AS f_name FROM tbl_role_user a INNER JOIN tbl_role b ON a.f_roleid = b.id WHERE a.f_userid = 40) a LIMIT 0,1)
2020/11/30 16:18:15.092 [I]  svrport = 0 exec sql %!(EXTRA string=exec sql SELECT f_roleid FROM tbl_role_user  WHERE f_userid = 40 )
2020/11/30 16:18:15.092 [I]  svrport = 0 exec sql %!(EXTRA string=query sql select f_name from (SELECT GROUP_CONCAT(b.f_name) AS f_name FROM tbl_role_user a INNER JOIN tbl_role b ON a.f_roleid = b.id WHERE a.f_userid = 46) a LIMIT 0,1)
2020/11/30 16:18:15.093 [I]  svrport = 0 exec sql %!(EXTRA string=exec sql SELECT f_roleid FROM tbl_role_user  WHERE f_userid = 46 )
2020/11/30 16:23:11.581 [I]  接口访问 appid=0; 接口 =/api/AssetsList/brows/AllList; %!(EXTRA string=params = /api/AssetsList/brows/AllList; body = null)
2020/11/30 16:23:11.826 [I]  svrport = 0 exec sql %!(EXTRA string=exec sql  SELECT  ts.f_Unit FROM tbl_spinfo ts GROUP BY ts.f_Unit LIMIT 0,100)
2020/11/30 16:23:11.830 [I]  svrport = 0 exec sql %!(EXTRA string=query sql select icount from (select count(*) as icount from ( SELECT a.*,b.f_name AS createname,c.f_name AS updatename,d.f_name AS delname,e.f_name as f_deptname  FROM tbl_user a  LEFT JOIN tbl_user b ON a.f_create_user = b.id  LEFT JOIN tbl_user c ON a.f_update_user = c.id  LEFT JOIN tbl_user d ON a.f_delete_user = d.id   left join tbl_dept e on a.f_deptno = e.id  where a.f_customid = 0 and a.f_flag = 0 and a.f_type = 1 ) a ) a LIMIT 0,1)
2020/11/30 16:23:11.832 [I]  svrport = 0 exec sql %!(EXTRA string=exec sql SELECT * from ( SELECT a.*,b.f_name AS createname,c.f_name AS updatename,d.f_name AS delname,e.f_name as f_deptname  FROM tbl_user a  LEFT JOIN tbl_user b ON a.f_create_user = b.id  LEFT JOIN tbl_user c ON a.f_update_user = c.id  LEFT JOIN tbl_user d ON a.f_delete_user = d.id   left join tbl_dept e on a.f_deptno = e.id  where a.f_customid = 0 and a.f_flag = 0 and a.f_type = 1 ) a   limit 0,100)
2020/11/30 16:23:11.833 [I]  svrport = 0 exec sql %!(EXTRA string=query sql select f_name from (SELECT GROUP_CONCAT(b.f_name) AS f_name FROM tbl_role_user a INNER JOIN tbl_role b ON a.f_roleid = b.id WHERE a.f_userid = 1) a LIMIT 0,1)
2020/11/30 16:23:11.835 [I]  svrport = 0 exec sql %!(EXTRA string=exec sql SELECT f_roleid FROM tbl_role_user  WHERE f_userid = 1 )
2020/11/30 16:23:11.835 [I]  svrport = 0 exec sql %!(EXTRA string=query sql select f_name from (SELECT GROUP_CONCAT(b.f_name) AS f_name FROM tbl_role_user a INNER JOIN tbl_role b ON a.f_roleid = b.id WHERE a.f_userid = 2) a LIMIT 0,1)
2020/11/30 16:23:11.836 [I]  svrport = 0 exec sql %!(EXTRA string=exec sql SELECT f_roleid FROM tbl_role_user  WHERE f_userid = 2 )
2020/11/30 16:23:11.840 [I]  svrport = 0 exec sql %!(EXTRA string=query sql select f_name from (SELECT GROUP_CONCAT(b.f_name) AS f_name FROM tbl_role_user a INNER JOIN tbl_role b ON a.f_roleid = b.id WHERE a.f_userid = 3) a LIMIT 0,1)
2020/11/30 16:23:11.840 [I]  svrport = 0 query sql %!(EXTRA string=query sql select f_name from (SELECT GROUP_CONCAT(b.f_name) AS f_name FROM tbl_role_user a INNER JOIN tbl_role b ON a.f_roleid = b.id WHERE a.f_userid = 3) a LIMIT 0,1)
2020/11/30 16:23:11.840 [I]  svrport = 0 exec sql %!(EXTRA string=exec sql SELECT f_roleid FROM tbl_role_user  WHERE f_userid = 3 )
2020/11/30 16:23:11.841 [I]  svrport = 0 exec sql %!(EXTRA string=query sql select f_name from (SELECT GROUP_CONCAT(b.f_name) AS f_name FROM tbl_role_user a INNER JOIN tbl_role b ON a.f_roleid = b.id WHERE a.f_userid = 4) a LIMIT 0,1)
2020/11/30 16:23:11.841 [I]  svrport = 0 query sql %!(EXTRA string=query sql select f_name from (SELECT GROUP_CONCAT(b.f_name) AS f_name FROM tbl_role_user a INNER JOIN tbl_role b ON a.f_roleid = b.id WHERE a.f_userid = 4) a LIMIT 0,1)
2020/11/30 16:23:11.841 [I]  svrport = 0 exec sql %!(EXTRA string=exec sql SELECT f_roleid FROM tbl_role_user  WHERE f_userid = 4 )
2020/11/30 16:23:11.841 [I]  svrport = 0 exec sql %!(EXTRA string=query sql select f_name from (SELECT GROUP_CONCAT(b.f_name) AS f_name FROM tbl_role_user a INNER JOIN tbl_role b ON a.f_roleid = b.id WHERE a.f_userid = 5) a LIMIT 0,1)
2020/11/30 16:23:11.842 [I]  svrport = 0 query sql %!(EXTRA string=query sql select f_name from (SELECT GROUP_CONCAT(b.f_name) AS f_name FROM tbl_role_user a INNER JOIN tbl_role b ON a.f_roleid = b.id WHERE a.f_userid = 5) a LIMIT 0,1)
2020/11/30 16:23:11.842 [I]  svrport = 0 exec sql %!(EXTRA string=exec sql SELECT f_roleid FROM tbl_role_user  WHERE f_userid = 5 )
2020/11/30 16:23:11.842 [I]  svrport = 0 exec sql %!(EXTRA string=query sql select f_name from (SELECT GROUP_CONCAT(b.f_name) AS f_name FROM tbl_role_user a INNER JOIN tbl_role b ON a.f_roleid = b.id WHERE a.f_userid = 6) a LIMIT 0,1)
2020/11/30 16:23:11.843 [I]  svrport = 0 query sql %!(EXTRA string=query sql select f_name from (SELECT GROUP_CONCAT(b.f_name) AS f_name FROM tbl_role_user a INNER JOIN tbl_role b ON a.f_roleid = b.id WHERE a.f_userid = 6) a LIMIT 0,1)
2020/11/30 16:23:11.843 [I]  svrport = 0 exec sql %!(EXTRA string=exec sql SELECT f_roleid FROM tbl_role_user  WHERE f_userid = 6 )
2020/11/30 16:23:11.843 [I]  svrport = 0 exec sql %!(EXTRA string=query sql select f_name from (SELECT GROUP_CONCAT(b.f_name) AS f_name FROM tbl_role_user a INNER JOIN tbl_role b ON a.f_roleid = b.id WHERE a.f_userid = 7) a LIMIT 0,1)
2020/11/30 16:23:11.843 [I]  svrport = 0 query sql %!(EXTRA string=query sql select f_name from (SELECT GROUP_CONCAT(b.f_name) AS f_name FROM tbl_role_user a INNER JOIN tbl_role b ON a.f_roleid = b.id WHERE a.f_userid = 7) a LIMIT 0,1)
2020/11/30 16:23:11.843 [I]  svrport = 0 exec sql %!(EXTRA string=exec sql SELECT f_roleid FROM tbl_role_user  WHERE f_userid = 7 )
2020/11/30 16:23:11.844 [I]  svrport = 0 exec sql %!(EXTRA string=query sql select f_name from (SELECT GROUP_CONCAT(b.f_name) AS f_name FROM tbl_role_user a INNER JOIN tbl_role b ON a.f_roleid = b.id WHERE a.f_userid = 8) a LIMIT 0,1)
2020/11/30 16:23:11.844 [I]  svrport = 0 exec sql %!(EXTRA string=exec sql SELECT f_roleid FROM tbl_role_user  WHERE f_userid = 8 )
2020/11/30 16:23:11.845 [I]  svrport = 0 exec sql %!(EXTRA string=query sql select f_name from (SELECT GROUP_CONCAT(b.f_name) AS f_name FROM tbl_role_user a INNER JOIN tbl_role b ON a.f_roleid = b.id WHERE a.f_userid = 9) a LIMIT 0,1)
2020/11/30 16:23:11.845 [I]  svrport = 0 query sql %!(EXTRA string=query sql select f_name from (SELECT GROUP_CONCAT(b.f_name) AS f_name FROM tbl_role_user a INNER JOIN tbl_role b ON a.f_roleid = b.id WHERE a.f_userid = 9) a LIMIT 0,1)
2020/11/30 16:23:11.845 [I]  svrport = 0 exec sql %!(EXTRA string=exec sql SELECT f_roleid FROM tbl_role_user  WHERE f_userid = 9 )
2020/11/30 16:23:11.845 [I]  svrport = 0 exec sql %!(EXTRA string=query sql select f_name from (SELECT GROUP_CONCAT(b.f_name) AS f_name FROM tbl_role_user a INNER JOIN tbl_role b ON a.f_roleid = b.id WHERE a.f_userid = 10) a LIMIT 0,1)
2020/11/30 16:23:11.846 [I]  svrport = 0 query sql %!(EXTRA string=query sql select f_name from (SELECT GROUP_CONCAT(b.f_name) AS f_name FROM tbl_role_user a INNER JOIN tbl_role b ON a.f_roleid = b.id WHERE a.f_userid = 10) a LIMIT 0,1)
2020/11/30 16:23:11.846 [I]  svrport = 0 exec sql %!(EXTRA string=exec sql SELECT f_roleid FROM tbl_role_user  WHERE f_userid = 10 )
2020/11/30 16:23:11.846 [I]  svrport = 0 exec sql %!(EXTRA string=query sql select f_name from (SELECT GROUP_CONCAT(b.f_name) AS f_name FROM tbl_role_user a INNER JOIN tbl_role b ON a.f_roleid = b.id WHERE a.f_userid = 11) a LIMIT 0,1)
2020/11/30 16:23:11.846 [I]  svrport = 0 query sql %!(EXTRA string=query sql select f_name from (SELECT GROUP_CONCAT(b.f_name) AS f_name FROM tbl_role_user a INNER JOIN tbl_role b ON a.f_roleid = b.id WHERE a.f_userid = 11) a LIMIT 0,1)
2020/11/30 16:23:11.846 [I]  svrport = 0 exec sql %!(EXTRA string=exec sql SELECT f_roleid FROM tbl_role_user  WHERE f_userid = 11 )
2020/11/30 16:23:11.847 [I]  svrport = 0 exec sql %!(EXTRA string=query sql select f_name from (SELECT GROUP_CONCAT(b.f_name) AS f_name FROM tbl_role_user a INNER JOIN tbl_role b ON a.f_roleid = b.id WHERE a.f_userid = 12) a LIMIT 0,1)
2020/11/30 16:23:11.847 [I]  svrport = 0 query sql %!(EXTRA string=query sql select f_name from (SELECT GROUP_CONCAT(b.f_name) AS f_name FROM tbl_role_user a INNER JOIN tbl_role b ON a.f_roleid = b.id WHERE a.f_userid = 12) a LIMIT 0,1)
2020/11/30 16:23:11.847 [I]  svrport = 0 exec sql %!(EXTRA string=exec sql SELECT f_roleid FROM tbl_role_user  WHERE f_userid = 12 )
2020/11/30 16:23:11.847 [I]  svrport = 0 exec sql %!(EXTRA string=query sql select f_name from (SELECT GROUP_CONCAT(b.f_name) AS f_name FROM tbl_role_user a INNER JOIN tbl_role b ON a.f_roleid = b.id WHERE a.f_userid = 13) a LIMIT 0,1)
2020/11/30 16:23:11.848 [I]  svrport = 0 query sql %!(EXTRA string=query sql select f_name from (SELECT GROUP_CONCAT(b.f_name) AS f_name FROM tbl_role_user a INNER JOIN tbl_role b ON a.f_roleid = b.id WHERE a.f_userid = 13) a LIMIT 0,1)
2020/11/30 16:23:11.848 [I]  svrport = 0 exec sql %!(EXTRA string=exec sql SELECT f_roleid FROM tbl_role_user  WHERE f_userid = 13 )
2020/11/30 16:23:11.848 [I]  svrport = 0 exec sql %!(EXTRA string=query sql select f_name from (SELECT GROUP_CONCAT(b.f_name) AS f_name FROM tbl_role_user a INNER JOIN tbl_role b ON a.f_roleid = b.id WHERE a.f_userid = 20) a LIMIT 0,1)
2020/11/30 16:23:11.849 [I]  svrport = 0 query sql %!(EXTRA string=query sql select f_name from (SELECT GROUP_CONCAT(b.f_name) AS f_name FROM tbl_role_user a INNER JOIN tbl_role b ON a.f_roleid = b.id WHERE a.f_userid = 20) a LIMIT 0,1)
2020/11/30 16:23:11.849 [I]  svrport = 0 exec sql %!(EXTRA string=exec sql SELECT f_roleid FROM tbl_role_user  WHERE f_userid = 20 )
2020/11/30 16:23:11.849 [I]  svrport = 0 exec sql %!(EXTRA string=query sql select f_name from (SELECT GROUP_CONCAT(b.f_name) AS f_name FROM tbl_role_user a INNER JOIN tbl_role b ON a.f_roleid = b.id WHERE a.f_userid = 21) a LIMIT 0,1)
2020/11/30 16:23:11.849 [I]  svrport = 0 query sql %!(EXTRA string=query sql select f_name from (SELECT GROUP_CONCAT(b.f_name) AS f_name FROM tbl_role_user a INNER JOIN tbl_role b ON a.f_roleid = b.id WHERE a.f_userid = 21) a LIMIT 0,1)
2020/11/30 16:23:11.850 [I]  svrport = 0 exec sql %!(EXTRA string=exec sql SELECT f_roleid FROM tbl_role_user  WHERE f_userid = 21 )
2020/11/30 16:23:11.850 [I]  svrport = 0 exec sql %!(EXTRA string=query sql select f_name from (SELECT GROUP_CONCAT(b.f_name) AS f_name FROM tbl_role_user a INNER JOIN tbl_role b ON a.f_roleid = b.id WHERE a.f_userid = 22) a LIMIT 0,1)
2020/11/30 16:23:11.850 [I]  svrport = 0 query sql %!(EXTRA string=query sql select f_name from (SELECT GROUP_CONCAT(b.f_name) AS f_name FROM tbl_role_user a INNER JOIN tbl_role b ON a.f_roleid = b.id WHERE a.f_userid = 22) a LIMIT 0,1)
2020/11/30 16:23:11.850 [I]  svrport = 0 exec sql %!(EXTRA string=exec sql SELECT f_roleid FROM tbl_role_user  WHERE f_userid = 22 )
2020/11/30 16:23:11.850 [I]  svrport = 0 exec sql %!(EXTRA string=query sql select f_name from (SELECT GROUP_CONCAT(b.f_name) AS f_name FROM tbl_role_user a INNER JOIN tbl_role b ON a.f_roleid = b.id WHERE a.f_userid = 23) a LIMIT 0,1)
2020/11/30 16:23:11.851 [I]  svrport = 0 query sql %!(EXTRA string=query sql select f_name from (SELECT GROUP_CONCAT(b.f_name) AS f_name FROM tbl_role_user a INNER JOIN tbl_role b ON a.f_roleid = b.id WHERE a.f_userid = 23) a LIMIT 0,1)
2020/11/30 16:23:11.851 [I]  svrport = 0 exec sql %!(EXTRA string=exec sql SELECT f_roleid FROM tbl_role_user  WHERE f_userid = 23 )
2020/11/30 16:23:11.851 [I]  svrport = 0 exec sql %!(EXTRA string=query sql select f_name from (SELECT GROUP_CONCAT(b.f_name) AS f_name FROM tbl_role_user a INNER JOIN tbl_role b ON a.f_roleid = b.id WHERE a.f_userid = 24) a LIMIT 0,1)
2020/11/30 16:23:11.851 [I]  svrport = 0 query sql %!(EXTRA string=query sql select f_name from (SELECT GROUP_CONCAT(b.f_name) AS f_name FROM tbl_role_user a INNER JOIN tbl_role b ON a.f_roleid = b.id WHERE a.f_userid = 24) a LIMIT 0,1)
2020/11/30 16:23:11.851 [I]  svrport = 0 exec sql %!(EXTRA string=exec sql SELECT f_roleid FROM tbl_role_user  WHERE f_userid = 24 )
2020/11/30 16:23:11.852 [I]  svrport = 0 exec sql %!(EXTRA string=query sql select f_name from (SELECT GROUP_CONCAT(b.f_name) AS f_name FROM tbl_role_user a INNER JOIN tbl_role b ON a.f_roleid = b.id WHERE a.f_userid = 29) a LIMIT 0,1)
2020/11/30 16:23:11.852 [I]  svrport = 0 query sql %!(EXTRA string=query sql select f_name from (SELECT GROUP_CONCAT(b.f_name) AS f_name FROM tbl_role_user a INNER JOIN tbl_role b ON a.f_roleid = b.id WHERE a.f_userid = 29) a LIMIT 0,1)
2020/11/30 16:23:11.852 [I]  svrport = 0 exec sql %!(EXTRA string=exec sql SELECT f_roleid FROM tbl_role_user  WHERE f_userid = 29 )
2020/11/30 16:23:11.852 [I]  svrport = 0 exec sql %!(EXTRA string=query sql select f_name from (SELECT GROUP_CONCAT(b.f_name) AS f_name FROM tbl_role_user a INNER JOIN tbl_role b ON a.f_roleid = b.id WHERE a.f_userid = 37) a LIMIT 0,1)
2020/11/30 16:23:11.852 [I]  svrport = 0 exec sql %!(EXTRA string=exec sql SELECT f_roleid FROM tbl_role_user  WHERE f_userid = 37 )
2020/11/30 16:23:11.853 [I]  svrport = 0 exec sql %!(EXTRA string=query sql select f_name from (SELECT GROUP_CONCAT(b.f_name) AS f_name FROM tbl_role_user a INNER JOIN tbl_role b ON a.f_roleid = b.id WHERE a.f_userid = 39) a LIMIT 0,1)
2020/11/30 16:23:11.853 [I]  svrport = 0 exec sql %!(EXTRA string=exec sql SELECT f_roleid FROM tbl_role_user  WHERE f_userid = 39 )
2020/11/30 16:23:11.853 [I]  svrport = 0 exec sql %!(EXTRA string=query sql select f_name from (SELECT GROUP_CONCAT(b.f_name) AS f_name FROM tbl_role_user a INNER JOIN tbl_role b ON a.f_roleid = b.id WHERE a.f_userid = 40) a LIMIT 0,1)
2020/11/30 16:23:11.853 [I]  svrport = 0 exec sql %!(EXTRA string=exec sql SELECT f_roleid FROM tbl_role_user  WHERE f_userid = 40 )
2020/11/30 16:23:11.854 [I]  svrport = 0 exec sql %!(EXTRA string=query sql select f_name from (SELECT GROUP_CONCAT(b.f_name) AS f_name FROM tbl_role_user a INNER JOIN tbl_role b ON a.f_roleid = b.id WHERE a.f_userid = 46) a LIMIT 0,1)
2020/11/30 16:23:11.854 [I]  svrport = 0 exec sql %!(EXTRA string=exec sql SELECT f_roleid FROM tbl_role_user  WHERE f_userid = 46 )
2020/11/30 16:27:21.474 [I]  接口访问 appid=0; 接口 =/api/AssetsList/brows/AllList; %!(EXTRA string=params = /api/AssetsList/brows/AllList; body = null)
2020/11/30 16:27:21.670 [I]  svrport = 0 exec sql %!(EXTRA string=exec sql  SELECT  ts.f_Unit FROM tbl_spinfo ts where ts.f_Unit IS not null GROUP BY ts.f_Unit LIMIT 0,100)
2020/11/30 16:27:21.674 [I]  svrport = 0 exec sql %!(EXTRA string=query sql select icount from (select count(*) as icount from ( SELECT a.*,b.f_name AS createname,c.f_name AS updatename,d.f_name AS delname,e.f_name as f_deptname  FROM tbl_user a  LEFT JOIN tbl_user b ON a.f_create_user = b.id  LEFT JOIN tbl_user c ON a.f_update_user = c.id  LEFT JOIN tbl_user d ON a.f_delete_user = d.id   left join tbl_dept e on a.f_deptno = e.id  where a.f_customid = 0 and a.f_flag = 0 and a.f_type = 1 ) a ) a LIMIT 0,1)
2020/11/30 16:27:21.677 [I]  svrport = 0 exec sql %!(EXTRA string=exec sql SELECT * from ( SELECT a.*,b.f_name AS createname,c.f_name AS updatename,d.f_name AS delname,e.f_name as f_deptname  FROM tbl_user a  LEFT JOIN tbl_user b ON a.f_create_user = b.id  LEFT JOIN tbl_user c ON a.f_update_user = c.id  LEFT JOIN tbl_user d ON a.f_delete_user = d.id   left join tbl_dept e on a.f_deptno = e.id  where a.f_customid = 0 and a.f_flag = 0 and a.f_type = 1 ) a   limit 0,100)
2020/11/30 16:27:21.678 [I]  svrport = 0 exec sql %!(EXTRA string=query sql select f_name from (SELECT GROUP_CONCAT(b.f_name) AS f_name FROM tbl_role_user a INNER JOIN tbl_role b ON a.f_roleid = b.id WHERE a.f_userid = 1) a LIMIT 0,1)
2020/11/30 16:27:21.679 [I]  svrport = 0 exec sql %!(EXTRA string=exec sql SELECT f_roleid FROM tbl_role_user  WHERE f_userid = 1 )
2020/11/30 16:27:21.680 [I]  svrport = 0 exec sql %!(EXTRA string=query sql select f_name from (SELECT GROUP_CONCAT(b.f_name) AS f_name FROM tbl_role_user a INNER JOIN tbl_role b ON a.f_roleid = b.id WHERE a.f_userid = 2) a LIMIT 0,1)
2020/11/30 16:27:21.680 [I]  svrport = 0 exec sql %!(EXTRA string=exec sql SELECT f_roleid FROM tbl_role_user  WHERE f_userid = 2 )
2020/11/30 16:27:21.680 [I]  svrport = 0 exec sql %!(EXTRA string=query sql select f_name from (SELECT GROUP_CONCAT(b.f_name) AS f_name FROM tbl_role_user a INNER JOIN tbl_role b ON a.f_roleid = b.id WHERE a.f_userid = 3) a LIMIT 0,1)
2020/11/30 16:27:21.681 [I]  svrport = 0 query sql %!(EXTRA string=query sql select f_name from (SELECT GROUP_CONCAT(b.f_name) AS f_name FROM tbl_role_user a INNER JOIN tbl_role b ON a.f_roleid = b.id WHERE a.f_userid = 3) a LIMIT 0,1)
2020/11/30 16:27:21.681 [I]  svrport = 0 exec sql %!(EXTRA string=exec sql SELECT f_roleid FROM tbl_role_user  WHERE f_userid = 3 )
2020/11/30 16:27:21.681 [I]  svrport = 0 exec sql %!(EXTRA string=query sql select f_name from (SELECT GROUP_CONCAT(b.f_name) AS f_name FROM tbl_role_user a INNER JOIN tbl_role b ON a.f_roleid = b.id WHERE a.f_userid = 4) a LIMIT 0,1)
2020/11/30 16:27:21.682 [I]  svrport = 0 query sql %!(EXTRA string=query sql select f_name from (SELECT GROUP_CONCAT(b.f_name) AS f_name FROM tbl_role_user a INNER JOIN tbl_role b ON a.f_roleid = b.id WHERE a.f_userid = 4) a LIMIT 0,1)
2020/11/30 16:27:21.682 [I]  svrport = 0 exec sql %!(EXTRA string=exec sql SELECT f_roleid FROM tbl_role_user  WHERE f_userid = 4 )
2020/11/30 16:27:21.682 [I]  svrport = 0 exec sql %!(EXTRA string=query sql select f_name from (SELECT GROUP_CONCAT(b.f_name) AS f_name FROM tbl_role_user a INNER JOIN tbl_role b ON a.f_roleid = b.id WHERE a.f_userid = 5) a LIMIT 0,1)
2020/11/30 16:27:21.682 [I]  svrport = 0 query sql %!(EXTRA string=query sql select f_name from (SELECT GROUP_CONCAT(b.f_name) AS f_name FROM tbl_role_user a INNER JOIN tbl_role b ON a.f_roleid = b.id WHERE a.f_userid = 5) a LIMIT 0,1)
2020/11/30 16:27:21.682 [I]  svrport = 0 exec sql %!(EXTRA string=exec sql SELECT f_roleid FROM tbl_role_user  WHERE f_userid = 5 )
2020/11/30 16:27:21.683 [I]  svrport = 0 exec sql %!(EXTRA string=query sql select f_name from (SELECT GROUP_CONCAT(b.f_name) AS f_name FROM tbl_role_user a INNER JOIN tbl_role b ON a.f_roleid = b.id WHERE a.f_userid = 6) a LIMIT 0,1)
2020/11/30 16:27:21.683 [I]  svrport = 0 query sql %!(EXTRA string=query sql select f_name from (SELECT GROUP_CONCAT(b.f_name) AS f_name FROM tbl_role_user a INNER JOIN tbl_role b ON a.f_roleid = b.id WHERE a.f_userid = 6) a LIMIT 0,1)
2020/11/30 16:27:21.683 [I]  svrport = 0 exec sql %!(EXTRA string=exec sql SELECT f_roleid FROM tbl_role_user  WHERE f_userid = 6 )
2020/11/30 16:27:21.683 [I]  svrport = 0 exec sql %!(EXTRA string=query sql select f_name from (SELECT GROUP_CONCAT(b.f_name) AS f_name FROM tbl_role_user a INNER JOIN tbl_role b ON a.f_roleid = b.id WHERE a.f_userid = 7) a LIMIT 0,1)
2020/11/30 16:27:21.684 [I]  svrport = 0 query sql %!(EXTRA string=query sql select f_name from (SELECT GROUP_CONCAT(b.f_name) AS f_name FROM tbl_role_user a INNER JOIN tbl_role b ON a.f_roleid = b.id WHERE a.f_userid = 7) a LIMIT 0,1)
2020/11/30 16:27:21.684 [I]  svrport = 0 exec sql %!(EXTRA string=exec sql SELECT f_roleid FROM tbl_role_user  WHERE f_userid = 7 )
2020/11/30 16:27:21.685 [I]  svrport = 0 exec sql %!(EXTRA string=query sql select f_name from (SELECT GROUP_CONCAT(b.f_name) AS f_name FROM tbl_role_user a INNER JOIN tbl_role b ON a.f_roleid = b.id WHERE a.f_userid = 8) a LIMIT 0,1)
2020/11/30 16:27:21.685 [I]  svrport = 0 exec sql %!(EXTRA string=exec sql SELECT f_roleid FROM tbl_role_user  WHERE f_userid = 8 )
2020/11/30 16:27:21.685 [I]  svrport = 0 exec sql %!(EXTRA string=query sql select f_name from (SELECT GROUP_CONCAT(b.f_name) AS f_name FROM tbl_role_user a INNER JOIN tbl_role b ON a.f_roleid = b.id WHERE a.f_userid = 9) a LIMIT 0,1)
2020/11/30 16:27:21.686 [I]  svrport = 0 query sql %!(EXTRA string=query sql select f_name from (SELECT GROUP_CONCAT(b.f_name) AS f_name FROM tbl_role_user a INNER JOIN tbl_role b ON a.f_roleid = b.id WHERE a.f_userid = 9) a LIMIT 0,1)
2020/11/30 16:27:21.686 [I]  svrport = 0 exec sql %!(EXTRA string=exec sql SELECT f_roleid FROM tbl_role_user  WHERE f_userid = 9 )
2020/11/30 16:27:21.686 [I]  svrport = 0 exec sql %!(EXTRA string=query sql select f_name from (SELECT GROUP_CONCAT(b.f_name) AS f_name FROM tbl_role_user a INNER JOIN tbl_role b ON a.f_roleid = b.id WHERE a.f_userid = 10) a LIMIT 0,1)
2020/11/30 16:27:21.686 [I]  svrport = 0 query sql %!(EXTRA string=query sql select f_name from (SELECT GROUP_CONCAT(b.f_name) AS f_name FROM tbl_role_user a INNER JOIN tbl_role b ON a.f_roleid = b.id WHERE a.f_userid = 10) a LIMIT 0,1)
2020/11/30 16:27:21.686 [I]  svrport = 0 exec sql %!(EXTRA string=exec sql SELECT f_roleid FROM tbl_role_user  WHERE f_userid = 10 )
2020/11/30 16:27:21.687 [I]  svrport = 0 exec sql %!(EXTRA string=query sql select f_name from (SELECT GROUP_CONCAT(b.f_name) AS f_name FROM tbl_role_user a INNER JOIN tbl_role b ON a.f_roleid = b.id WHERE a.f_userid = 11) a LIMIT 0,1)
2020/11/30 16:27:21.687 [I]  svrport = 0 query sql %!(EXTRA string=query sql select f_name from (SELECT GROUP_CONCAT(b.f_name) AS f_name FROM tbl_role_user a INNER JOIN tbl_role b ON a.f_roleid = b.id WHERE a.f_userid = 11) a LIMIT 0,1)
2020/11/30 16:27:21.687 [I]  svrport = 0 exec sql %!(EXTRA string=exec sql SELECT f_roleid FROM tbl_role_user  WHERE f_userid = 11 )
2020/11/30 16:27:21.687 [I]  svrport = 0 exec sql %!(EXTRA string=query sql select f_name from (SELECT GROUP_CONCAT(b.f_name) AS f_name FROM tbl_role_user a INNER JOIN tbl_role b ON a.f_roleid = b.id WHERE a.f_userid = 12) a LIMIT 0,1)
2020/11/30 16:27:21.688 [I]  svrport = 0 query sql %!(EXTRA string=query sql select f_name from (SELECT GROUP_CONCAT(b.f_name) AS f_name FROM tbl_role_user a INNER JOIN tbl_role b ON a.f_roleid = b.id WHERE a.f_userid = 12) a LIMIT 0,1)
2020/11/30 16:27:21.688 [I]  svrport = 0 exec sql %!(EXTRA string=exec sql SELECT f_roleid FROM tbl_role_user  WHERE f_userid = 12 )
2020/11/30 16:27:21.689 [I]  svrport = 0 exec sql %!(EXTRA string=query sql select f_name from (SELECT GROUP_CONCAT(b.f_name) AS f_name FROM tbl_role_user a INNER JOIN tbl_role b ON a.f_roleid = b.id WHERE a.f_userid = 13) a LIMIT 0,1)
2020/11/30 16:27:21.689 [I]  svrport = 0 query sql %!(EXTRA string=query sql select f_name from (SELECT GROUP_CONCAT(b.f_name) AS f_name FROM tbl_role_user a INNER JOIN tbl_role b ON a.f_roleid = b.id WHERE a.f_userid = 13) a LIMIT 0,1)
2020/11/30 16:27:21.689 [I]  svrport = 0 exec sql %!(EXTRA string=exec sql SELECT f_roleid FROM tbl_role_user  WHERE f_userid = 13 )
2020/11/30 16:27:21.689 [I]  svrport = 0 exec sql %!(EXTRA string=query sql select f_name from (SELECT GROUP_CONCAT(b.f_name) AS f_name FROM tbl_role_user a INNER JOIN tbl_role b ON a.f_roleid = b.id WHERE a.f_userid = 20) a LIMIT 0,1)
2020/11/30 16:27:21.689 [I]  svrport = 0 query sql %!(EXTRA string=query sql select f_name from (SELECT GROUP_CONCAT(b.f_name) AS f_name FROM tbl_role_user a INNER JOIN tbl_role b ON a.f_roleid = b.id WHERE a.f_userid = 20) a LIMIT 0,1)
2020/11/30 16:27:21.690 [I]  svrport = 0 exec sql %!(EXTRA string=exec sql SELECT f_roleid FROM tbl_role_user  WHERE f_userid = 20 )
2020/11/30 16:27:21.690 [I]  svrport = 0 exec sql %!(EXTRA string=query sql select f_name from (SELECT GROUP_CONCAT(b.f_name) AS f_name FROM tbl_role_user a INNER JOIN tbl_role b ON a.f_roleid = b.id WHERE a.f_userid = 21) a LIMIT 0,1)
2020/11/30 16:27:21.690 [I]  svrport = 0 query sql %!(EXTRA string=query sql select f_name from (SELECT GROUP_CONCAT(b.f_name) AS f_name FROM tbl_role_user a INNER JOIN tbl_role b ON a.f_roleid = b.id WHERE a.f_userid = 21) a LIMIT 0,1)
2020/11/30 16:27:21.690 [I]  svrport = 0 exec sql %!(EXTRA string=exec sql SELECT f_roleid FROM tbl_role_user  WHERE f_userid = 21 )
2020/11/30 16:27:21.691 [I]  svrport = 0 exec sql %!(EXTRA string=query sql select f_name from (SELECT GROUP_CONCAT(b.f_name) AS f_name FROM tbl_role_user a INNER JOIN tbl_role b ON a.f_roleid = b.id WHERE a.f_userid = 22) a LIMIT 0,1)
2020/11/30 16:27:21.691 [I]  svrport = 0 query sql %!(EXTRA string=query sql select f_name from (SELECT GROUP_CONCAT(b.f_name) AS f_name FROM tbl_role_user a INNER JOIN tbl_role b ON a.f_roleid = b.id WHERE a.f_userid = 22) a LIMIT 0,1)
2020/11/30 16:27:21.691 [I]  svrport = 0 exec sql %!(EXTRA string=exec sql SELECT f_roleid FROM tbl_role_user  WHERE f_userid = 22 )
2020/11/30 16:27:21.691 [I]  svrport = 0 exec sql %!(EXTRA string=query sql select f_name from (SELECT GROUP_CONCAT(b.f_name) AS f_name FROM tbl_role_user a INNER JOIN tbl_role b ON a.f_roleid = b.id WHERE a.f_userid = 23) a LIMIT 0,1)
2020/11/30 16:27:21.692 [I]  svrport = 0 query sql %!(EXTRA string=query sql select f_name from (SELECT GROUP_CONCAT(b.f_name) AS f_name FROM tbl_role_user a INNER JOIN tbl_role b ON a.f_roleid = b.id WHERE a.f_userid = 23) a LIMIT 0,1)
2020/11/30 16:27:21.692 [I]  svrport = 0 exec sql %!(EXTRA string=exec sql SELECT f_roleid FROM tbl_role_user  WHERE f_userid = 23 )
2020/11/30 16:27:21.692 [I]  svrport = 0 exec sql %!(EXTRA string=query sql select f_name from (SELECT GROUP_CONCAT(b.f_name) AS f_name FROM tbl_role_user a INNER JOIN tbl_role b ON a.f_roleid = b.id WHERE a.f_userid = 24) a LIMIT 0,1)
2020/11/30 16:27:21.692 [I]  svrport = 0 query sql %!(EXTRA string=query sql select f_name from (SELECT GROUP_CONCAT(b.f_name) AS f_name FROM tbl_role_user a INNER JOIN tbl_role b ON a.f_roleid = b.id WHERE a.f_userid = 24) a LIMIT 0,1)
2020/11/30 16:27:21.692 [I]  svrport = 0 exec sql %!(EXTRA string=exec sql SELECT f_roleid FROM tbl_role_user  WHERE f_userid = 24 )
2020/11/30 16:27:21.693 [I]  svrport = 0 exec sql %!(EXTRA string=query sql select f_name from (SELECT GROUP_CONCAT(b.f_name) AS f_name FROM tbl_role_user a INNER JOIN tbl_role b ON a.f_roleid = b.id WHERE a.f_userid = 29) a LIMIT 0,1)
2020/11/30 16:27:21.693 [I]  svrport = 0 query sql %!(EXTRA string=query sql select f_name from (SELECT GROUP_CONCAT(b.f_name) AS f_name FROM tbl_role_user a INNER JOIN tbl_role b ON a.f_roleid = b.id WHERE a.f_userid = 29) a LIMIT 0,1)
2020/11/30 16:27:21.693 [I]  svrport = 0 exec sql %!(EXTRA string=exec sql SELECT f_roleid FROM tbl_role_user  WHERE f_userid = 29 )
2020/11/30 16:27:21.694 [I]  svrport = 0 exec sql %!(EXTRA string=query sql select f_name from (SELECT GROUP_CONCAT(b.f_name) AS f_name FROM tbl_role_user a INNER JOIN tbl_role b ON a.f_roleid = b.id WHERE a.f_userid = 37) a LIMIT 0,1)
2020/11/30 16:27:21.695 [I]  svrport = 0 exec sql %!(EXTRA string=exec sql SELECT f_roleid FROM tbl_role_user  WHERE f_userid = 37 )
2020/11/30 16:27:21.695 [I]  svrport = 0 exec sql %!(EXTRA string=query sql select f_name from (SELECT GROUP_CONCAT(b.f_name) AS f_name FROM tbl_role_user a INNER JOIN tbl_role b ON a.f_roleid = b.id WHERE a.f_userid = 39) a LIMIT 0,1)
2020/11/30 16:27:21.695 [I]  svrport = 0 exec sql %!(EXTRA string=exec sql SELECT f_roleid FROM tbl_role_user  WHERE f_userid = 39 )
2020/11/30 16:27:21.696 [I]  svrport = 0 exec sql %!(EXTRA string=query sql select f_name from (SELECT GROUP_CONCAT(b.f_name) AS f_name FROM tbl_role_user a INNER JOIN tbl_role b ON a.f_roleid = b.id WHERE a.f_userid = 40) a LIMIT 0,1)
2020/11/30 16:27:21.696 [I]  svrport = 0 exec sql %!(EXTRA string=exec sql SELECT f_roleid FROM tbl_role_user  WHERE f_userid = 40 )
2020/11/30 16:27:21.697 [I]  svrport = 0 exec sql %!(EXTRA string=query sql select f_name from (SELECT GROUP_CONCAT(b.f_name) AS f_name FROM tbl_role_user a INNER JOIN tbl_role b ON a.f_roleid = b.id WHERE a.f_userid = 46) a LIMIT 0,1)
2020/11/30 16:27:21.697 [I]  svrport = 0 exec sql %!(EXTRA string=exec sql SELECT f_roleid FROM tbl_role_user  WHERE f_userid = 46 )
