2020/12/03 17:03:51.434 [I]  接口访问 appid=0; 接口 =/api/Report_As_Type/browse; %!(EXTRA string=params = /api/Report_As_Type/browse?userid=1; body = null)
2020/12/03 17:03:51.447 [I]  svrport = 0 exec sql %!(EXTRA string=exec sql call  MSP_Report_SPType (0,0,0,1,"",'',1,1,10000))
2020/12/03 17:05:22.595 [I]  接口访问 appid=0; 接口 =/api/Report_As_Type/browse; %!(EXTRA string=params = /api/Report_As_Type/browse?userid=1; body = null)
2020/12/03 17:05:22.604 [I]  svrport = 0 exec sql %!(EXTRA string=exec sql call  MSP_Report_SPType (0,0,0,1,"",'',1,1,10000))
2020/12/03 17:07:13.982 [I]  接口访问 appid=0; 接口 =/api/Report_As_Type/browse; %!(EXTRA string=params = /api/Report_As_Type/browse?userid=1; body = null)
2020/12/03 17:07:13.991 [I]  svrport = 0 exec sql %!(EXTRA string=exec sql call  MSP_Report_SPType (0,0,0,1,"",'',1,1,10000))
2020/12/03 17:09:11.120 [I]  接口访问 appid=0; 接口 =/api/Report_As_Type/browse; %!(EXTRA string=params = /api/Report_As_Type/browse?userid=1; body = null)
2020/12/03 17:09:11.128 [I]  svrport = 0 exec sql %!(EXTRA string=exec sql call  MSP_Report_SPType (0,0,0,1,"",'',1,1,10000))
2020/12/03 17:10:14.065 [I]  接口访问 appid=0; 接口 =/api/Report_As_Type/browse; %!(EXTRA string=params = /api/Report_As_Type/browse?userid=1; body = null)
2020/12/03 17:10:14.067 [I]  svrport = 0 exec sql %!(EXTRA string=exec sql call  MSP_Report_SPType (0,0,0,1,"",'',1,1,10000))
2020/12/03 17:10:59.550 [I]  接口访问 appid=0; 接口 =/api/Report_As_Type/browse; %!(EXTRA string=params = /api/Report_As_Type/browse?userid=1; body = null)
2020/12/03 17:10:59.552 [I]  svrport = 0 exec sql %!(EXTRA string=exec sql call  MSP_Report_SPType (0,0,0,1,"",'',1,1,10000))
2020/12/03 17:30:35.637 [I]  接口访问 appid=0; 接口 =/api/AssetsList/browse; %!(EXTRA string=params = /api/AssetsList/browse?curPage=1&pageSize=20&parentid=1&SpreadWhere=%7B%22f_status%22:%220%22%7D; body = null)
2020/12/03 17:30:35.646 [I]  svrport = 0 exec sql %!(EXTRA string=query sql select f_userid from (SELECT tt.f_userid FROM tbl_token tt WHERE tt.f_token = "eyJhbGciOiJIUzI1NiIsInR5cCI6IkpXVCJ9.eyJleHBpcmVfdGltZSI6IjIwMjAtMTEtMTIiLCJmX2ZsYWciOiIwIiwiZl9uYW1lIjoi6LaF57qn566h55CG5ZGYIiwiZl9ubyI6ImFkbWluIiwiZl9wYXNzd29yZCI6IjEyMzQiLCJmX3JvbGVpZCI6Ii0xIiwiZl9zdGF0dXMiOiIxIiwiaWQiOiIxIn0.y54-E1mQ6ZN9d18yQLmcVzfL_Nw8NiR3Q4c4bkS1f7s") a LIMIT 0,1)
2020/12/03 17:30:35.957 [I]  svrport = 0 query sql %!(EXTRA string=query sql select f_userid from (SELECT tt.f_userid FROM tbl_token tt WHERE tt.f_token = "eyJhbGciOiJIUzI1NiIsInR5cCI6IkpXVCJ9.eyJleHBpcmVfdGltZSI6IjIwMjAtMTEtMTIiLCJmX2ZsYWciOiIwIiwiZl9uYW1lIjoi6LaF57qn566h55CG5ZGYIiwiZl9ubyI6ImFkbWluIiwiZl9wYXNzd29yZCI6IjEyMzQiLCJmX3JvbGVpZCI6Ii0xIiwiZl9zdGF0dXMiOiIxIiwiaWQiOiIxIn0.y54-E1mQ6ZN9d18yQLmcVzfL_Nw8NiR3Q4c4bkS1f7s") a LIMIT 0,1)
2020/12/03 17:30:54.356 [I]  接口访问 appid=0; 接口 =/api/AssetsList/browse; %!(EXTRA string=params = /api/AssetsList/browse?userid=1&curPage=1&pageSize=20&parentid=1&SpreadWhere=%7B%22f_status%22:%220%22%7D; body = null)
2020/12/03 17:30:54.358 [I]  svrport = 0 exec sql %!(EXTRA string=query sql select f_userid from (SELECT tt.f_userid FROM tbl_token tt WHERE tt.f_token = "eyJhbGciOiJIUzI1NiIsInR5cCI6IkpXVCJ9.eyJleHBpcmVfdGltZSI6IjIwMjAtMTEtMTIiLCJmX2ZsYWciOiIwIiwiZl9uYW1lIjoi6LaF57qn566h55CG5ZGYIiwiZl9ubyI6ImFkbWluIiwiZl9wYXNzd29yZCI6IjEyMzQiLCJmX3JvbGVpZCI6Ii0xIiwiZl9zdGF0dXMiOiIxIiwiaWQiOiIxIn0.y54-E1mQ6ZN9d18yQLmcVzfL_Nw8NiR3Q4c4bkS1f7s") a LIMIT 0,1)
2020/12/03 17:30:54.358 [I]  svrport = 0 query sql %!(EXTRA string=query sql select f_userid from (SELECT tt.f_userid FROM tbl_token tt WHERE tt.f_token = "eyJhbGciOiJIUzI1NiIsInR5cCI6IkpXVCJ9.eyJleHBpcmVfdGltZSI6IjIwMjAtMTEtMTIiLCJmX2ZsYWciOiIwIiwiZl9uYW1lIjoi6LaF57qn566h55CG5ZGYIiwiZl9ubyI6ImFkbWluIiwiZl9wYXNzd29yZCI6IjEyMzQiLCJmX3JvbGVpZCI6Ii0xIiwiZl9zdGF0dXMiOiIxIiwiaWQiOiIxIn0.y54-E1mQ6ZN9d18yQLmcVzfL_Nw8NiR3Q4c4bkS1f7s") a LIMIT 0,1)
2020/12/03 17:32:35.201 [I]  接口访问 appid=0; 接口 =/api/AssetsList/browse; %!(EXTRA string=params = /api/AssetsList/browse?userid=1&curPage=1&pageSize=20&parentid=1&SpreadWhere=%7B%22f_status%22:%220%22%7D; body = null)
2020/12/03 17:32:35.208 [I]  svrport = 0 exec sql %!(EXTRA string=exec sql    CALL msp_spinfo_query(1,"",1,20," and ts.f_status =0 ","")  )
2020/12/03 17:32:57.071 [I]  接口访问 appid=0; 接口 =/api/AssetsList/browse; %!(EXTRA string=params = /api/AssetsList/browse?userid=1&curPage=1&pageSize=20&parentid=1&SpreadWhere=%7B%22f_status%22:%221%22%7D; body = null)
2020/12/03 17:32:57.072 [I]  svrport = 0 exec sql %!(EXTRA string=exec sql    CALL msp_spinfo_query(1,"",1,20," and ts.f_status =1 ","")  )
2020/12/03 17:34:35.939 [I]  接口访问 appid=0; 接口 =/api/Report_As_Type/browse; %!(EXTRA string=params = /api/Report_As_Type/browse?userid=1; body = null)
2020/12/03 17:34:35.941 [I]  svrport = 0 exec sql %!(EXTRA string=exec sql call  MSP_Report_SPType (0,0,0,1,"",'',1,1,10000))
2020/12/03 17:34:53.386 [I]  接口访问 appid=0; 接口 =/api/Report_As_Type/browse; %!(EXTRA string=params = /api/Report_As_Type/browse?userid=1%20&deptid=50; body = null)
2020/12/03 17:34:53.388 [I]  svrport = 0 exec sql %!(EXTRA string=exec sql call  MSP_Report_SPType (0,0,0,1 ,"50",'',1,1,10000))
