2020/11/17 16:00:49.004 [E]  svrport = 0 exec sql %!(EXTRA string=exec sql  INSERT INTO tbl_db_detail(f_mid,f_spid,f_qty,f_price,f_total,f_Out_Deptid,f_custody_deptid, 							    f_custody_userid,f_postion,f_note,f_create_user,f_create_time,f_customid )  values(1,19,1,100,100,-1,1,95,,1,0,now(),?) )
2020/11/17 16:03:39.975 [E]  svrport = 0 exec sql %!(EXTRA string=exec sql  INSERT INTO tbl_db_detail(f_mid,f_spid,f_qty,f_price,f_total,f_Out_Deptid,f_custody_deptid, 							    f_custody_userid,f_postion,f_note,f_create_user,f_create_time,f_customid )  values(2,19,1,100,100,-1,1,95,,1,0,now(),?) )
2020/11/17 16:03:52.838 [E]  svrport = 0 exec sql %!(EXTRA string=exec sql  INSERT INTO tbl_db_detail(f_mid,f_spid,f_qty,f_price,f_total,f_Out_Deptid,f_custody_deptid, 							    f_custody_userid,f_postion,f_note,f_create_user,f_create_time,f_customid )  values(3,19,1,100,100,8,-1,1,95,,1,now(),0) )
2020/11/17 16:08:55.547 [E]  svrport = 0 exec sql %!(EXTRA string=exec sql  update tbl_db_main set f_update_time= "2020-11-17 16:08:55",f_status= "",f_deptid= "1",f_IN_Deptid= "51",f_date= "2020-11-08",f_note= "",f_update_user= "1",id= "3",f_serno= "DB202011170001",f_type= "0",f_Out_Deptid= "6" where id =3)
2020/11/17 16:09:32.379 [E]  svrport = 0 exec sql %!(EXTRA string=exec sql  update tbl_db_main set f_serno= "DB202011170001",f_date= "2020-11-08",f_note= "",f_update_time= "2020-11-17 16:09:32",id= "3",f_status= "0",f_type= "0",f_deptid= "1",f_Out_Deptid= "6",f_IN_Deptid= "51",f_update_user= "1" where id =3)
2020/11/17 16:09:32.380 [E]  svrport = 0 exec sql %!(EXTRA string=exec sql  delete from tbl_db_detail where f_mid =  3)
2020/11/17 16:09:32.380 [E]  svrport = 0 exec sql %!(EXTRA string=exec sql  INSERT INTO tbl_db_detail(f_mid,f_spid,f_qty,f_price,f_total,f_Out_Deptid,f_custody_deptid, 							    f_custody_userid,f_postion,f_note,f_create_user,f_create_time,f_customid )  values(3,19,1,100,100,-1,1,95,,,0,now(),?) )
2020/11/17 16:10:54.808 [E]  svrport = 0 exec sql %!(EXTRA string=exec sql  update tbl_db_main set f_status= "0",f_serno= "DB202011170001",f_Out_Deptid= "6",f_IN_Deptid= "51",f_note= "",f_update_time= "2020-11-17 16:10:54",id= "3",f_type= "0",f_deptid= "1",f_date= "2020-11-08",f_update_user= "1" where id =3)
2020/11/17 16:10:54.809 [E]  svrport = 0 exec sql %!(EXTRA string=exec sql  delete from tbl_db_detail where f_mid =  3)
2020/11/17 16:12:08.059 [E]  svrport = 0 exec sql %!(EXTRA string=exec sql  update tbl_db_main set f_note= "",id= "3",f_serno= "DB202011170001",f_type= "0",f_deptid= "1",f_Out_Deptid= "6",f_IN_Deptid= "51",f_date= "2020-11-08",f_status= "0",f_update_user= "1",f_update_time= "2020-11-17 16:12:08" where id =3)
2020/11/17 16:12:08.059 [E]  svrport = 0 exec sql %!(EXTRA string=exec sql  delete from tbl_db_detail where f_mid =  3)
2020/11/17 16:12:40.301 [E]  svrport = 0 exec sql %!(EXTRA string=exec sql  update tbl_db_main set f_note= "",f_update_user= "1",f_update_time= "2020-11-17 16:12:40",id= "3",f_status= "0",f_type= "0",f_deptid= "1",f_date= "2020-11-08",f_serno= "DB202011170001",f_Out_Deptid= "6",f_IN_Deptid= "51" where id =3)
2020/11/17 16:12:40.302 [E]  svrport = 0 exec sql %!(EXTRA string=exec sql  delete from tbl_db_detail where f_mid =  3)
2020/11/17 16:14:18.898 [E]  svrport = 0 exec sql %!(EXTRA string=exec sql  update tbl_db_main set id= "3",f_serno= "DB202011170001",f_Out_Deptid= "6",f_IN_Deptid= "51",f_date= "2020-11-08",f_note= "",f_status= "0",f_type= "0",f_deptid= "1",f_update_user= "1",f_update_time= "2020-11-17 16:14:18" where id =3)
2020/11/17 16:14:18.899 [E]  svrport = 0 exec sql %!(EXTRA string=exec sql  delete from tbl_db_detail where f_mid =  3)
2020/11/17 16:14:24.398 [E]  svrport = 0 exec sql %!(EXTRA string=exec sql  INSERT INTO tbl_db_detail(f_mid,f_spid,f_qty,f_price,f_total,f_Out_Deptid,f_custody_deptid, 							    f_custody_userid,f_postion,f_note,f_create_user,f_create_time,f_customid )  values(3,19,1,100,100,50,-1,1,95,,1,now(),0) )
2020/11/17 16:15:31.316 [E]  svrport = 0 query sql %!(EXTRA string=query sql CALL Msp_BillMain_Query (6,0,"",,'',1,20," order by m.id desc "))
2020/11/17 16:15:47.126 [E]  svrport = 0 query sql %!(EXTRA string=query sql CALL Msp_BillMain_Query (6,0,"",,'',1,20," order by m.id desc "))
2020/11/17 16:29:10.693 [E]  svrport = 0 query sql %!(EXTRA string=exec sql CALL Msp_BillDetail_Query (6,3,1,1))
2020/11/17 16:32:34.126 [E]  svrport = 0 query sql %!(EXTRA string=query sql select id from (SELECT id FROM tbl_perms where   f_api ="AssetsAllotDel/delete") a LIMIT 0,1)
2020/11/17 16:34:52.843 [E]  svrport = 0 query sql %!(EXTRA string=query sql select id from (SELECT id FROM tbl_perms where   f_api ="AssetsAllotDel/delete") a LIMIT 0,1)
2020/11/17 16:35:21.360 [E]  svrport = 0 exec sql %!(EXTRA string=exec sql update tbl_db_main set  f_flag = 1, f_delete_user = 1,f_delete_time = now() where id =3)
2020/11/17 16:35:21.360 [E]  svrport = 0 exec sql %!(EXTRA string=exec sql  update tbl_db_detail set  f_flag = 1, f_delete_user = 1,f_delete_time = now()  WHERE f_mid =3)
2020/11/17 16:41:06.847 [E]  svrport = 0 exec sql %!(EXTRA string=exec sql  INSERT INTO tbl_db_detail(f_mid,f_spid,f_qty,f_price,f_total,f_Out_Deptid,f_custody_deptid, 							    f_custody_userid,f_postion,f_note,f_create_user,f_create_time,f_customid )  values(4,19,1,100,100,8,-1,1,95,,1,now(),0) )
2020/11/17 16:41:33.759 [E]  svrport = 0 exec sql %!(EXTRA string=exec sql  update tbl_db_main set f_update_user= "1",id= "4",f_serno= "DB202011170001",f_deptid= "1",f_Out_Deptid= "6",f_IN_Deptid= "51",f_date= "2020-11-08",f_status= "0",f_type= "0",f_note= "",f_update_time= "2020-11-17 16:41:33" where id =4)
2020/11/17 16:41:33.759 [E]  svrport = 0 exec sql %!(EXTRA string=exec sql  delete from tbl_db_detail where f_mid =  4)
2020/11/17 16:41:33.760 [E]  svrport = 0 exec sql %!(EXTRA string=exec sql  INSERT INTO tbl_db_detail(f_mid,f_spid,f_qty,f_price,f_total,f_Out_Deptid,f_custody_deptid, 							    f_custody_userid,f_postion,f_note,f_create_user,f_create_time,f_customid )  values(4,19,1,100,100,50,58,1,95,,1,now(),0) )
2020/11/17 16:42:51.008 [E]  svrport = 0 exec sql %!(EXTRA string=exec sql  update tbl_db_main set f_note= "",f_update_time= "2020-11-17 16:42:51",id= "4",f_serno= "DB202011170001",f_deptid= "1",f_Out_Deptid= "6",f_IN_Deptid= "51",f_date= "2020-11-08",f_status= "1",f_type= "0",f_update_user= "1" where id =4)
2020/11/17 16:42:51.009 [E]  svrport = 0 exec sql %!(EXTRA string=exec sql  delete from tbl_db_detail where f_mid =  4)
2020/11/17 16:42:51.009 [E]  svrport = 0 exec sql %!(EXTRA string=exec sql  INSERT INTO tbl_db_detail(f_mid,f_spid,f_qty,f_price,f_total,f_Out_Deptid,f_custody_deptid, 							    f_custody_userid,f_postion,f_note,f_create_user,f_create_time,f_customid )  values(4,19,1,100,100,50,58,1,95,,1,now(),0) )
2020/11/17 16:48:18.793 [E]  svrport = 0 exec sql %!(EXTRA string=exec sql update tbl_db_main set  f_status = 8,f_audit = 1,f_audit_date =now(),f_audit_userid =1 where id =4)
2020/11/17 16:54:28.055 [E]  svrport = 0 exec sql %!(EXTRA string=exec sql update tbl_db_main set  f_status = 8,f_audit = 2,f_audit_date =now(),f_audit_userid =1 where id =4)
2020/11/17 17:01:55.184 [E]  svrport = 0 exec sql %!(EXTRA string=exec sql update tbl_db_main set f_status = ,f_audit = where id =4 )
2020/11/17 17:03:05.963 [E]  svrport = 0 exec sql %!(EXTRA string=exec sql update tbl_db_main set f_status = ,f_audit = where id =4 )
2020/11/17 17:06:58.444 [E]  svrport = 0 exec sql %!(EXTRA string=exec sql update tbl_db_main set f_status = 0,f_audit =0 where id =4 )
2020/11/17 17:08:01.555 [E]  svrport = 0 exec sql %!(EXTRA string=exec sql update tbl_db_main set f_status = 0,f_audit =0 where id =4 )
